<?xml version="1.0" encoding="UTF-8"?>
<!-- Generated by org.testng.reporters.JUnitXMLReporter -->
<testsuite hostname="C40GF55BMS" name="Testchrome" tests="317" failures="5" timestamp="10 May 2018 04:15:16 GMT" time="45872.07" errors="0">
  <testcase name="@BeforeMethod setup" time="0.0" classname="com.bms.M8.FLR.TestHardStopMessagevalidation">
    <failure type="org.openqa.selenium.NoSuchWindowException" message="no such window: target window already closed
from unknown error: web view not found
  (Session info: chrome=54.0.2840.71)
  (Driver info: chromedriver=2.25.426923 (0390b88869384d6eb0d5d09729679f934aab9eed),platform=Windows NT 6.1.7601 SP1 x86_64) (WARNING: The server did not provide any stacktrace information)
Command duration or timeout: 2 milliseconds
Build info: version: &amp;apos;2.53.1&amp;apos;, revision: &amp;apos;a36b8b1cd5757287168e54b817830adce9b0158d&amp;apos;, time: &amp;apos;2016-06-30 19:26:09&amp;apos;
System info: host: &amp;apos;C40GF55BMS&amp;apos;, ip: &amp;apos;10.131.168.50&amp;apos;, os.name: &amp;apos;Windows 7&amp;apos;, os.arch: &amp;apos;amd64&amp;apos;, os.version: &amp;apos;6.1&amp;apos;, java.version: &amp;apos;1.8.0_91&amp;apos;
Driver info: org.openqa.selenium.chrome.ChromeDriver
Capabilities [{applicationCacheEnabled=false, rotatable=false, mobileEmulationEnabled=false, networkConnectionEnabled=false, chrome={chromedriverVersion=2.25.426923 (0390b88869384d6eb0d5d09729679f934aab9eed), userDataDir=C:\Users\AJAY~1.KUM\AppData\Local\Temp\scoped_dir5316_25283}, takesHeapSnapshot=true, pageLoadStrategy=normal, databaseEnabled=false, handlesAlerts=true, hasTouchScreen=false, version=54.0.2840.71, platform=XP, browserConnectionEnabled=false, nativeEvents=true, acceptSslCerts=true, locationContextEnabled=true, webStorageEnabled=true, browserName=chrome, takesScreenshot=true, javascriptEnabled=true, cssSelectorsEnabled=true}]
Session ID: f76d9bb79c28112942eea75e6a76b9a6">
      <![CDATA[org.openqa.selenium.NoSuchWindowException: no such window: target window already closed
from unknown error: web view not found
  (Session info: chrome=54.0.2840.71)
  (Driver info: chromedriver=2.25.426923 (0390b88869384d6eb0d5d09729679f934aab9eed),platform=Windows NT 6.1.7601 SP1 x86_64) (WARNING: The server did not provide any stacktrace information)
Command duration or timeout: 2 milliseconds
Build info: version: '2.53.1', revision: 'a36b8b1cd5757287168e54b817830adce9b0158d', time: '2016-06-30 19:26:09'
System info: host: 'C40GF55BMS', ip: '10.131.168.50', os.name: 'Windows 7', os.arch: 'amd64', os.version: '6.1', java.version: '1.8.0_91'
Driver info: org.openqa.selenium.chrome.ChromeDriver
Capabilities [{applicationCacheEnabled=false, rotatable=false, mobileEmulationEnabled=false, networkConnectionEnabled=false, chrome={chromedriverVersion=2.25.426923 (0390b88869384d6eb0d5d09729679f934aab9eed), userDataDir=C:\Users\AJAY~1.KUM\AppData\Local\Temp\scoped_dir5316_25283}, takesHeapSnapshot=true, pageLoadStrategy=normal, databaseEnabled=false, handlesAlerts=true, hasTouchScreen=false, version=54.0.2840.71, platform=XP, browserConnectionEnabled=false, nativeEvents=true, acceptSslCerts=true, locationContextEnabled=true, webStorageEnabled=true, browserName=chrome, takesScreenshot=true, javascriptEnabled=true, cssSelectorsEnabled=true}]
Session ID: f76d9bb79c28112942eea75e6a76b9a6
	at org.openqa.selenium.remote.ErrorHandler.createThrowable(ErrorHandler.java:206)
	at org.openqa.selenium.remote.ErrorHandler.throwIfResponseFailed(ErrorHandler.java:158)
	at org.openqa.selenium.remote.RemoteWebDriver.execute(RemoteWebDriver.java:678)
	at org.openqa.selenium.remote.RemoteWebDriver.execute(RemoteWebDriver.java:701)
	at org.openqa.selenium.remote.RemoteWebDriver.getCurrentUrl(RemoteWebDriver.java:326)
	at TestBase.TestSetUp.setup(TestSetUp.java:374)
... Removed 37 stack frames]]>
    </failure>
  </testcase> <!-- @BeforeMethod setup -->
  <testcase name="@AfterMethod afterMethod" time="0.0" classname="com.bms.M8.FLR.TestHardStopMessagevalidation">
    <skipped/>
  </testcase> <!-- @AfterMethod afterMethod -->
  <testcase name="@AfterClass closedrivers" time="0.0" classname="com.bms.M8.FLR.TestHardStopMessagevalidation">
    <skipped/>
  </testcase> <!-- @AfterClass closedrivers -->
  <testcase name="@BeforeClass setup" time="0.0" classname="com.bms.M9.AddCharges.TestAddAccountNotes">
    <skipped/>
  </testcase> <!-- @BeforeClass setup -->
  <testcase name="@BeforeMethod setup" time="0.0" classname="com.bms.M9.AddCharges.TestAddAccountNotes">
    <skipped/>
  </testcase> <!-- @BeforeMethod setup -->
  <testcase name="@AfterMethod afterMethod" time="0.0" classname="com.bms.M9.AddCharges.TestAddAccountNotes">
    <skipped/>
  </testcase> <!-- @AfterMethod afterMethod -->
  <testcase name="@AfterClass closedrivers" time="0.0" classname="com.bms.M9.AddCharges.TestAddAccountNotes">
    <skipped/>
  </testcase> <!-- @AfterClass closedrivers -->
  <testcase name="@BeforeClass setup" time="0.0" classname="com.bms.M9.AddCharges.TestAddChargesWithDXChanges">
    <skipped/>
  </testcase> <!-- @BeforeClass setup -->
  <testcase name="@BeforeMethod setup" time="0.0" classname="com.bms.M9.AddCharges.TestAddChargesWithDXChanges">
    <skipped/>
  </testcase> <!-- @BeforeMethod setup -->
  <testcase name="@AfterMethod afterMethod" time="0.0" classname="com.bms.M9.AddCharges.TestAddChargesWithDXChanges">
    <skipped/>
  </testcase> <!-- @AfterMethod afterMethod -->
  <testcase name="@BeforeMethod setup" time="0.0" classname="com.bms.M9.AddCharges.TestAddChargesWithDXChanges">
    <skipped/>
  </testcase> <!-- @BeforeMethod setup -->
  <testcase name="@AfterMethod afterMethod" time="0.0" classname="com.bms.M9.AddCharges.TestAddChargesWithDXChanges">
    <skipped/>
  </testcase> <!-- @AfterMethod afterMethod -->
  <testcase name="@BeforeMethod setup" time="0.0" classname="com.bms.M9.AddCharges.TestAddChargesWithDXChanges">
    <skipped/>
  </testcase> <!-- @BeforeMethod setup -->
  <testcase name="@AfterMethod afterMethod" time="0.0" classname="com.bms.M9.AddCharges.TestAddChargesWithDXChanges">
    <skipped/>
  </testcase> <!-- @AfterMethod afterMethod -->
  <testcase name="@BeforeMethod setup" time="0.0" classname="com.bms.M9.AddCharges.TestAddChargesWithDXChanges">
    <skipped/>
  </testcase> <!-- @BeforeMethod setup -->
  <testcase name="@AfterMethod afterMethod" time="0.0" classname="com.bms.M9.AddCharges.TestAddChargesWithDXChanges">
    <skipped/>
  </testcase> <!-- @AfterMethod afterMethod -->
  <testcase name="@BeforeMethod setup" time="0.0" classname="com.bms.M9.AddCharges.TestAddChargesWithDXChanges">
    <skipped/>
  </testcase> <!-- @BeforeMethod setup -->
  <testcase name="@AfterMethod afterMethod" time="0.0" classname="com.bms.M9.AddCharges.TestAddChargesWithDXChanges">
    <skipped/>
  </testcase> <!-- @AfterMethod afterMethod -->
  <testcase name="@BeforeMethod setup" time="0.0" classname="com.bms.M9.AddCharges.TestAddChargesWithDXChanges">
    <skipped/>
  </testcase> <!-- @BeforeMethod setup -->
  <testcase name="@AfterMethod afterMethod" time="0.0" classname="com.bms.M9.AddCharges.TestAddChargesWithDXChanges">
    <skipped/>
  </testcase> <!-- @AfterMethod afterMethod -->
  <testcase name="@BeforeMethod setup" time="0.0" classname="com.bms.M9.AddCharges.TestAddChargesWithDXChanges">
    <skipped/>
  </testcase> <!-- @BeforeMethod setup -->
  <testcase name="@AfterMethod afterMethod" time="0.0" classname="com.bms.M9.AddCharges.TestAddChargesWithDXChanges">
    <skipped/>
  </testcase> <!-- @AfterMethod afterMethod -->
  <testcase name="@BeforeMethod setup" time="0.0" classname="com.bms.M9.AddCharges.TestAddChargesWithDXChanges">
    <skipped/>
  </testcase> <!-- @BeforeMethod setup -->
  <testcase name="@AfterMethod afterMethod" time="0.0" classname="com.bms.M9.AddCharges.TestAddChargesWithDXChanges">
    <skipped/>
  </testcase> <!-- @AfterMethod afterMethod -->
  <testcase name="@AfterClass closedrivers" time="0.0" classname="com.bms.M9.AddCharges.TestAddChargesWithDXChanges">
    <skipped/>
  </testcase> <!-- @AfterClass closedrivers -->
  <testcase name="@BeforeClass setup" time="0.0" classname="com.bms.M9.AddCharges.TestCPTCodeSearch">
    <skipped/>
  </testcase> <!-- @BeforeClass setup -->
  <testcase name="@BeforeMethod setup" time="0.0" classname="com.bms.M9.AddCharges.TestCPTCodeSearch">
    <skipped/>
  </testcase> <!-- @BeforeMethod setup -->
  <testcase name="@AfterMethod afterMethod" time="0.0" classname="com.bms.M9.AddCharges.TestCPTCodeSearch">
    <skipped/>
  </testcase> <!-- @AfterMethod afterMethod -->
  <testcase name="@BeforeMethod setup" time="0.0" classname="com.bms.M9.AddCharges.TestCPTCodeSearch">
    <skipped/>
  </testcase> <!-- @BeforeMethod setup -->
  <testcase name="@AfterMethod afterMethod" time="0.0" classname="com.bms.M9.AddCharges.TestCPTCodeSearch">
    <skipped/>
  </testcase> <!-- @AfterMethod afterMethod -->
  <testcase name="@AfterClass closedrivers" time="0.0" classname="com.bms.M9.AddCharges.TestCPTCodeSearch">
    <skipped/>
  </testcase> <!-- @AfterClass closedrivers -->
  <testcase name="@BeforeClass setup" time="0.0" classname="com.bms.M9.AddCharges.TestDeafults">
    <skipped/>
  </testcase> <!-- @BeforeClass setup -->
  <testcase name="@BeforeMethod setup" time="0.0" classname="com.bms.M9.AddCharges.TestDeafults">
    <skipped/>
  </testcase> <!-- @BeforeMethod setup -->
  <testcase name="@AfterMethod afterMethod" time="0.0" classname="com.bms.M9.AddCharges.TestDeafults">
    <skipped/>
  </testcase> <!-- @AfterMethod afterMethod -->
  <testcase name="@AfterClass closedrivers" time="0.0" classname="com.bms.M9.AddCharges.TestDeafults">
    <skipped/>
  </testcase> <!-- @AfterClass closedrivers -->
  <testcase name="@BeforeClass setup" time="0.0" classname="com.bms.M9.AddCharges.TestInsOverpayment">
    <skipped/>
  </testcase> <!-- @BeforeClass setup -->
  <testcase name="@BeforeMethod setup" time="0.0" classname="com.bms.M9.AddCharges.TestInsOverpayment">
    <skipped/>
  </testcase> <!-- @BeforeMethod setup -->
  <testcase name="@AfterMethod afterMethod" time="0.0" classname="com.bms.M9.AddCharges.TestInsOverpayment">
    <skipped/>
  </testcase> <!-- @AfterMethod afterMethod -->
  <testcase name="@AfterClass closedrivers" time="0.0" classname="com.bms.M9.AddCharges.TestInsOverpayment">
    <skipped/>
  </testcase> <!-- @AfterClass closedrivers -->
  <testcase name="@BeforeClass setup" time="0.0" classname="com.bms.M9.AddCharges.TestPatientRefund">
    <skipped/>
  </testcase> <!-- @BeforeClass setup -->
  <testcase name="@BeforeMethod setup" time="0.0" classname="com.bms.M9.AddCharges.TestPatientRefund">
    <skipped/>
  </testcase> <!-- @BeforeMethod setup -->
  <testcase name="@AfterMethod afterMethod" time="0.0" classname="com.bms.M9.AddCharges.TestPatientRefund">
    <skipped/>
  </testcase> <!-- @AfterMethod afterMethod -->
  <testcase name="@AfterClass closedrivers" time="0.0" classname="com.bms.M9.AddCharges.TestPatientRefund">
    <skipped/>
  </testcase> <!-- @AfterClass closedrivers -->
  <testcase name="@BeforeClass setup" time="0.0" classname="com.bms.M9.AddCharges.TestPaymentDropDowns">
    <skipped/>
  </testcase> <!-- @BeforeClass setup -->
  <testcase name="@BeforeMethod setup" time="0.0" classname="com.bms.M9.AddCharges.TestPaymentDropDowns">
    <skipped/>
  </testcase> <!-- @BeforeMethod setup -->
  <testcase name="@AfterMethod afterMethod" time="0.0" classname="com.bms.M9.AddCharges.TestPaymentDropDowns">
    <skipped/>
  </testcase> <!-- @AfterMethod afterMethod -->
  <testcase name="@BeforeMethod setup" time="0.0" classname="com.bms.M9.AddCharges.TestPaymentDropDowns">
    <skipped/>
  </testcase> <!-- @BeforeMethod setup -->
  <testcase name="@AfterMethod afterMethod" time="0.0" classname="com.bms.M9.AddCharges.TestPaymentDropDowns">
    <skipped/>
  </testcase> <!-- @AfterMethod afterMethod -->
  <testcase name="@BeforeMethod setup" time="0.0" classname="com.bms.M9.AddCharges.TestPaymentDropDowns">
    <skipped/>
  </testcase> <!-- @BeforeMethod setup -->
  <testcase name="@AfterMethod afterMethod" time="0.0" classname="com.bms.M9.AddCharges.TestPaymentDropDowns">
    <skipped/>
  </testcase> <!-- @AfterMethod afterMethod -->
  <testcase name="@AfterClass closedrivers" time="0.0" classname="com.bms.M9.AddCharges.TestPaymentDropDowns">
    <skipped/>
  </testcase> <!-- @AfterClass closedrivers -->
  <testcase name="@BeforeClass setup" time="0.0" classname="com.bms.M9.AddCharges.TestPayments">
    <skipped/>
  </testcase> <!-- @BeforeClass setup -->
  <testcase name="@BeforeMethod setup" time="0.0" classname="com.bms.M9.AddCharges.TestPayments">
    <skipped/>
  </testcase> <!-- @BeforeMethod setup -->
  <testcase name="@AfterMethod afterMethod" time="0.0" classname="com.bms.M9.AddCharges.TestPayments">
    <skipped/>
  </testcase> <!-- @AfterMethod afterMethod -->
  <testcase name="@AfterClass closedrivers" time="0.0" classname="com.bms.M9.AddCharges.TestPayments">
    <skipped/>
  </testcase> <!-- @AfterClass closedrivers -->
  <testcase name="@BeforeClass setup" time="0.0" classname="com.bms.M9.AddCharges.TestPermissionsAddCharges">
    <skipped/>
  </testcase> <!-- @BeforeClass setup -->
  <testcase name="@BeforeMethod setup" time="0.0" classname="com.bms.M9.AddCharges.TestPermissionsAddCharges">
    <skipped/>
  </testcase> <!-- @BeforeMethod setup -->
  <testcase name="@AfterMethod afterMethod" time="0.0" classname="com.bms.M9.AddCharges.TestPermissionsAddCharges">
    <skipped/>
  </testcase> <!-- @AfterMethod afterMethod -->
  <testcase name="@BeforeMethod setup" time="0.0" classname="com.bms.M9.AddCharges.TestPermissionsAddCharges">
    <skipped/>
  </testcase> <!-- @BeforeMethod setup -->
  <testcase name="@AfterMethod afterMethod" time="0.0" classname="com.bms.M9.AddCharges.TestPermissionsAddCharges">
    <skipped/>
  </testcase> <!-- @AfterMethod afterMethod -->
  <testcase name="@BeforeMethod setup" time="0.0" classname="com.bms.M9.AddCharges.TestPermissionsAddCharges">
    <skipped/>
  </testcase> <!-- @BeforeMethod setup -->
  <testcase name="@AfterMethod afterMethod" time="0.0" classname="com.bms.M9.AddCharges.TestPermissionsAddCharges">
    <skipped/>
  </testcase> <!-- @AfterMethod afterMethod -->
  <testcase name="@AfterClass closedrivers" time="0.0" classname="com.bms.M9.AddCharges.TestPermissionsAddCharges">
    <skipped/>
  </testcase> <!-- @AfterClass closedrivers -->
  <testcase name="@BeforeClass setup" time="0.0" classname="com.bms.M9.AddCharges.TestValidateErrorMessageAddCharges">
    <skipped/>
  </testcase> <!-- @BeforeClass setup -->
  <testcase name="@BeforeMethod setup" time="0.0" classname="com.bms.M9.AddCharges.TestValidateErrorMessageAddCharges">
    <skipped/>
  </testcase> <!-- @BeforeMethod setup -->
  <testcase name="@AfterMethod afterMethod" time="0.0" classname="com.bms.M9.AddCharges.TestValidateErrorMessageAddCharges">
    <skipped/>
  </testcase> <!-- @AfterMethod afterMethod -->
  <testcase name="@AfterClass closedrivers" time="0.0" classname="com.bms.M9.AddCharges.TestValidateErrorMessageAddCharges">
    <skipped/>
  </testcase> <!-- @AfterClass closedrivers -->
  <testcase name="@BeforeClass setup" time="0.0" classname="com.bms.M9.AddCharges.TestValidateKxModifierPrompt">
    <skipped/>
  </testcase> <!-- @BeforeClass setup -->
  <testcase name="@BeforeMethod setup" time="0.0" classname="com.bms.M9.AddCharges.TestValidateKxModifierPrompt">
    <skipped/>
  </testcase> <!-- @BeforeMethod setup -->
  <testcase name="@AfterMethod afterMethod" time="0.0" classname="com.bms.M9.AddCharges.TestValidateKxModifierPrompt">
    <skipped/>
  </testcase> <!-- @AfterMethod afterMethod -->
  <testcase name="@AfterClass closedrivers" time="0.0" classname="com.bms.M9.AddCharges.TestValidateKxModifierPrompt">
    <skipped/>
  </testcase> <!-- @AfterClass closedrivers -->
  <testcase name="@BeforeClass setup" time="0.0" classname="com.bms.M9.AddCharges.TestValidatePre_AuthCounter">
    <skipped/>
  </testcase> <!-- @BeforeClass setup -->
  <testcase name="@BeforeMethod setup" time="0.0" classname="com.bms.M9.AddCharges.TestValidatePre_AuthCounter">
    <skipped/>
  </testcase> <!-- @BeforeMethod setup -->
  <testcase name="@AfterMethod afterMethod" time="0.0" classname="com.bms.M9.AddCharges.TestValidatePre_AuthCounter">
    <skipped/>
  </testcase> <!-- @AfterMethod afterMethod -->
  <testcase name="@BeforeMethod setup" time="0.0" classname="com.bms.M9.AddCharges.TestValidatePre_AuthCounter">
    <skipped/>
  </testcase> <!-- @BeforeMethod setup -->
  <testcase name="@AfterMethod afterMethod" time="0.0" classname="com.bms.M9.AddCharges.TestValidatePre_AuthCounter">
    <skipped/>
  </testcase> <!-- @AfterMethod afterMethod -->
  <testcase name="@BeforeMethod setup" time="0.0" classname="com.bms.M9.AddCharges.TestValidatePre_AuthCounter">
    <skipped/>
  </testcase> <!-- @BeforeMethod setup -->
  <testcase name="@AfterMethod afterMethod" time="0.0" classname="com.bms.M9.AddCharges.TestValidatePre_AuthCounter">
    <skipped/>
  </testcase> <!-- @AfterMethod afterMethod -->
  <testcase name="@AfterClass closedrivers" time="0.0" classname="com.bms.M9.AddCharges.TestValidatePre_AuthCounter">
    <skipped/>
  </testcase> <!-- @AfterClass closedrivers -->
  <testcase name="@BeforeClass setup" time="0.0" classname="com.bms.M9.AddCharges.TestViewChargesBMSUser">
    <skipped/>
  </testcase> <!-- @BeforeClass setup -->
  <testcase name="@BeforeMethod setup" time="0.0" classname="com.bms.M9.AddCharges.TestViewChargesBMSUser">
    <skipped/>
  </testcase> <!-- @BeforeMethod setup -->
  <testcase name="@AfterMethod afterMethod" time="0.0" classname="com.bms.M9.AddCharges.TestViewChargesBMSUser">
    <skipped/>
  </testcase> <!-- @AfterMethod afterMethod -->
  <testcase name="@AfterClass closedrivers" time="0.0" classname="com.bms.M9.AddCharges.TestViewChargesBMSUser">
    <skipped/>
  </testcase> <!-- @AfterClass closedrivers -->
  <testcase name="@BeforeClass setup" time="0.0" classname="com.bms.M9.AddCharges.TestViewChargesClinicUser">
    <skipped/>
  </testcase> <!-- @BeforeClass setup -->
  <testcase name="@BeforeMethod setup" time="0.0" classname="com.bms.M9.AddCharges.TestViewChargesClinicUser">
    <skipped/>
  </testcase> <!-- @BeforeMethod setup -->
  <testcase name="@AfterMethod afterMethod" time="0.0" classname="com.bms.M9.AddCharges.TestViewChargesClinicUser">
    <skipped/>
  </testcase> <!-- @AfterMethod afterMethod -->
  <testcase name="@AfterClass closedrivers" time="0.0" classname="com.bms.M9.AddCharges.TestViewChargesClinicUser">
    <skipped/>
  </testcase> <!-- @AfterClass closedrivers -->
  <testcase name="@BeforeClass setup" time="0.0" classname="com.bms.M9.AddCharges.TestViewChargesCustomerUser">
    <skipped/>
  </testcase> <!-- @BeforeClass setup -->
  <testcase name="@BeforeMethod setup" time="0.0" classname="com.bms.M9.AddCharges.TestViewChargesCustomerUser">
    <skipped/>
  </testcase> <!-- @BeforeMethod setup -->
  <testcase name="@AfterMethod afterMethod" time="0.0" classname="com.bms.M9.AddCharges.TestViewChargesCustomerUser">
    <skipped/>
  </testcase> <!-- @AfterMethod afterMethod -->
  <testcase name="@AfterClass closedrivers" time="0.0" classname="com.bms.M9.AddCharges.TestViewChargesCustomerUser">
    <skipped/>
  </testcase> <!-- @AfterClass closedrivers -->
  <testcase name="@BeforeClass setup" time="0.0" classname="com.bms.M9.AddCharges.TestViewChargesPartnerUser">
    <skipped/>
  </testcase> <!-- @BeforeClass setup -->
  <testcase name="@BeforeMethod setup" time="0.0" classname="com.bms.M9.AddCharges.TestViewChargesPartnerUser">
    <skipped/>
  </testcase> <!-- @BeforeMethod setup -->
  <testcase name="@AfterMethod afterMethod" time="0.0" classname="com.bms.M9.AddCharges.TestViewChargesPartnerUser">
    <skipped/>
  </testcase> <!-- @AfterMethod afterMethod -->
  <testcase name="@AfterClass closedrivers" time="0.0" classname="com.bms.M9.AddCharges.TestViewChargesPartnerUser">
    <skipped/>
  </testcase> <!-- @AfterClass closedrivers -->
  <testcase name="@BeforeClass setup" time="0.0" classname="com.bms.M10.SPage.TestCaseSpageR">
    <skipped/>
  </testcase> <!-- @BeforeClass setup -->
  <testcase name="@BeforeMethod setup" time="0.0" classname="com.bms.M10.SPage.TestCaseSpageR">
    <skipped/>
  </testcase> <!-- @BeforeMethod setup -->
  <testcase name="@AfterMethod afterMethod" time="0.0" classname="com.bms.M10.SPage.TestCaseSpageR">
    <skipped/>
  </testcase> <!-- @AfterMethod afterMethod -->
  <testcase name="@BeforeMethod setup" time="0.0" classname="com.bms.M10.SPage.TestCaseSpageR">
    <skipped/>
  </testcase> <!-- @BeforeMethod setup -->
  <testcase name="@AfterMethod afterMethod" time="0.0" classname="com.bms.M10.SPage.TestCaseSpageR">
    <skipped/>
  </testcase> <!-- @AfterMethod afterMethod -->
  <testcase name="@BeforeMethod setup" time="0.0" classname="com.bms.M10.SPage.TestCaseSpageR">
    <skipped/>
  </testcase> <!-- @BeforeMethod setup -->
  <testcase name="@AfterMethod afterMethod" time="0.0" classname="com.bms.M10.SPage.TestCaseSpageR">
    <skipped/>
  </testcase> <!-- @AfterMethod afterMethod -->
  <testcase name="@BeforeMethod setup" time="0.0" classname="com.bms.M10.SPage.TestCaseSpageR">
    <skipped/>
  </testcase> <!-- @BeforeMethod setup -->
  <testcase name="@AfterMethod afterMethod" time="0.0" classname="com.bms.M10.SPage.TestCaseSpageR">
    <skipped/>
  </testcase> <!-- @AfterMethod afterMethod -->
  <testcase name="@AfterClass closedrivers" time="0.0" classname="com.bms.M10.SPage.TestCaseSpageR">
    <skipped/>
  </testcase> <!-- @AfterClass closedrivers -->
  <testcase name="@BeforeClass setup" time="0.0" classname="com.bms.M10.SPage.TestPatientReportlibrary">
    <skipped/>
  </testcase> <!-- @BeforeClass setup -->
  <testcase name="@BeforeMethod setup" time="0.0" classname="com.bms.M10.SPage.TestPatientReportlibrary">
    <skipped/>
  </testcase> <!-- @BeforeMethod setup -->
  <testcase name="@AfterMethod afterMethod" time="0.0" classname="com.bms.M10.SPage.TestPatientReportlibrary">
    <skipped/>
  </testcase> <!-- @AfterMethod afterMethod -->
  <testcase name="@BeforeMethod setup" time="0.0" classname="com.bms.M10.SPage.TestPatientReportlibrary">
    <skipped/>
  </testcase> <!-- @BeforeMethod setup -->
  <testcase name="@AfterMethod afterMethod" time="0.0" classname="com.bms.M10.SPage.TestPatientReportlibrary">
    <skipped/>
  </testcase> <!-- @AfterMethod afterMethod -->
  <testcase name="@AfterClass closedrivers" time="0.0" classname="com.bms.M10.SPage.TestPatientReportlibrary">
    <skipped/>
  </testcase> <!-- @AfterClass closedrivers -->
  <testcase name="@BeforeClass setup" time="0.0" classname="com.bms.M10.SPage.TestSPageLock">
    <skipped/>
  </testcase> <!-- @BeforeClass setup -->
  <testcase name="@BeforeMethod setup" time="0.0" classname="com.bms.M10.SPage.TestSPageLock">
    <skipped/>
  </testcase> <!-- @BeforeMethod setup -->
  <testcase name="@AfterMethod afterMethod" time="0.0" classname="com.bms.M10.SPage.TestSPageLock">
    <skipped/>
  </testcase> <!-- @AfterMethod afterMethod -->
  <testcase name="@BeforeMethod setup" time="0.0" classname="com.bms.M10.SPage.TestSPageLock">
    <skipped/>
  </testcase> <!-- @BeforeMethod setup -->
  <testcase name="@AfterMethod afterMethod" time="0.0" classname="com.bms.M10.SPage.TestSPageLock">
    <skipped/>
  </testcase> <!-- @AfterMethod afterMethod -->
  <testcase name="@AfterClass closedrivers" time="0.0" classname="com.bms.M10.SPage.TestSPageLock">
    <skipped/>
  </testcase> <!-- @AfterClass closedrivers -->
  <testcase name="@BeforeClass setup" time="0.0" classname="com.bms.M11.EMR.TestPhraseLibraries">
    <skipped/>
  </testcase> <!-- @BeforeClass setup -->
  <testcase name="@BeforeMethod setup" time="0.0" classname="com.bms.M11.EMR.TestPhraseLibraries">
    <skipped/>
  </testcase> <!-- @BeforeMethod setup -->
  <testcase name="@AfterMethod afterMethod" time="0.0" classname="com.bms.M11.EMR.TestPhraseLibraries">
    <skipped/>
  </testcase> <!-- @AfterMethod afterMethod -->
  <testcase name="@AfterClass closedrivers" time="0.0" classname="com.bms.M11.EMR.TestPhraseLibraries">
    <skipped/>
  </testcase> <!-- @AfterClass closedrivers -->
  <testcase name="@BeforeClass setup" time="0.0" classname="com.bms.M11.EMR.TestMyExamTemplate">
    <skipped/>
  </testcase> <!-- @BeforeClass setup -->
  <testcase name="@BeforeMethod setup" time="0.0" classname="com.bms.M11.EMR.TestMyExamTemplate">
    <skipped/>
  </testcase> <!-- @BeforeMethod setup -->
  <testcase name="@AfterMethod afterMethod" time="0.0" classname="com.bms.M11.EMR.TestMyExamTemplate">
    <skipped/>
  </testcase> <!-- @AfterMethod afterMethod -->
  <testcase name="@BeforeMethod setup" time="0.0" classname="com.bms.M11.EMR.TestMyExamTemplate">
    <skipped/>
  </testcase> <!-- @BeforeMethod setup -->
  <testcase name="@AfterMethod afterMethod" time="0.0" classname="com.bms.M11.EMR.TestMyExamTemplate">
    <skipped/>
  </testcase> <!-- @AfterMethod afterMethod -->
  <testcase name="@BeforeMethod setup" time="0.0" classname="com.bms.M11.EMR.TestMyExamTemplate">
    <skipped/>
  </testcase> <!-- @BeforeMethod setup -->
  <testcase name="@AfterMethod afterMethod" time="0.0" classname="com.bms.M11.EMR.TestMyExamTemplate">
    <skipped/>
  </testcase> <!-- @AfterMethod afterMethod -->
  <testcase name="@AfterClass closedrivers" time="0.0" classname="com.bms.M11.EMR.TestMyExamTemplate">
    <skipped/>
  </testcase> <!-- @AfterClass closedrivers -->
  <testcase name="@BeforeClass setup" time="0.0" classname="com.bms.M11.EMR.TestInterventionLibraries">
    <skipped/>
  </testcase> <!-- @BeforeClass setup -->
  <testcase name="@BeforeMethod setup" time="0.0" classname="com.bms.M11.EMR.TestInterventionLibraries">
    <skipped/>
  </testcase> <!-- @BeforeMethod setup -->
  <testcase name="@AfterMethod afterMethod" time="0.0" classname="com.bms.M11.EMR.TestInterventionLibraries">
    <skipped/>
  </testcase> <!-- @AfterMethod afterMethod -->
  <testcase name="@AfterClass closedrivers" time="0.0" classname="com.bms.M11.EMR.TestInterventionLibraries">
    <skipped/>
  </testcase> <!-- @AfterClass closedrivers -->
  <testcase name="@BeforeClass setup" time="0.0" classname="com.bms.M11.EMR.TestNoDigitalSignature">
    <skipped/>
  </testcase> <!-- @BeforeClass setup -->
  <testcase name="@BeforeMethod setup" time="0.0" classname="com.bms.M11.EMR.TestNoDigitalSignature">
    <skipped/>
  </testcase> <!-- @BeforeMethod setup -->
  <testcase name="@AfterMethod afterMethod" time="0.0" classname="com.bms.M11.EMR.TestNoDigitalSignature">
    <skipped/>
  </testcase> <!-- @AfterMethod afterMethod -->
  <testcase name="@BeforeMethod setup" time="0.0" classname="com.bms.M11.EMR.TestNoDigitalSignature">
    <skipped/>
  </testcase> <!-- @BeforeMethod setup -->
  <testcase name="@AfterMethod afterMethod" time="0.0" classname="com.bms.M11.EMR.TestNoDigitalSignature">
    <skipped/>
  </testcase> <!-- @AfterMethod afterMethod -->
  <testcase name="@AfterClass closedrivers" time="0.0" classname="com.bms.M11.EMR.TestNoDigitalSignature">
    <skipped/>
  </testcase> <!-- @AfterClass closedrivers -->
  <testcase name="@BeforeClass setup" time="0.0" classname="com.bms.M11.EMR.TestNonclinicalStaffwithAllowedCheckInclinicsetupIsNotSelected">
    <skipped/>
  </testcase> <!-- @BeforeClass setup -->
  <testcase name="@BeforeMethod setup" time="0.0" classname="com.bms.M11.EMR.TestNonclinicalStaffwithAllowedCheckInclinicsetupIsNotSelected">
    <skipped/>
  </testcase> <!-- @BeforeMethod setup -->
  <testcase name="@AfterMethod afterMethod" time="0.0" classname="com.bms.M11.EMR.TestNonclinicalStaffwithAllowedCheckInclinicsetupIsNotSelected">
    <skipped/>
  </testcase> <!-- @AfterMethod afterMethod -->
  <testcase name="@AfterClass closedrivers" time="0.0" classname="com.bms.M11.EMR.TestNonclinicalStaffwithAllowedCheckInclinicsetupIsNotSelected">
    <skipped/>
  </testcase> <!-- @AfterClass closedrivers -->
  <testcase name="@BeforeClass setup" time="0.0" classname="com.bms.M11.EMR.TestNonClinicalStaffWithInsuranceClassCheckBoxNotSelectedTestCase">
    <skipped/>
  </testcase> <!-- @BeforeClass setup -->
  <testcase name="@BeforeMethod setup" time="0.0" classname="com.bms.M11.EMR.TestNonClinicalStaffWithInsuranceClassCheckBoxNotSelectedTestCase">
    <skipped/>
  </testcase> <!-- @BeforeMethod setup -->
  <testcase name="@AfterMethod afterMethod" time="0.0" classname="com.bms.M11.EMR.TestNonClinicalStaffWithInsuranceClassCheckBoxNotSelectedTestCase">
    <skipped/>
  </testcase> <!-- @AfterMethod afterMethod -->
  <testcase name="@BeforeMethod setup" time="0.0" classname="com.bms.M11.EMR.TestNonClinicalStaffWithInsuranceClassCheckBoxNotSelectedTestCase">
    <skipped/>
  </testcase> <!-- @BeforeMethod setup -->
  <testcase name="@AfterMethod afterMethod" time="0.0" classname="com.bms.M11.EMR.TestNonClinicalStaffWithInsuranceClassCheckBoxNotSelectedTestCase">
    <skipped/>
  </testcase> <!-- @AfterMethod afterMethod -->
  <testcase name="@AfterClass closedrivers" time="0.0" classname="com.bms.M11.EMR.TestNonClinicalStaffWithInsuranceClassCheckBoxNotSelectedTestCase">
    <skipped/>
  </testcase> <!-- @AfterClass closedrivers -->
  <testcase name="@BeforeClass setup" time="0.0" classname="com.bms.M11.EMR.TestNonoClinicalStafTestCases">
    <skipped/>
  </testcase> <!-- @BeforeClass setup -->
  <testcase name="@BeforeMethod setup" time="0.0" classname="com.bms.M11.EMR.TestNonoClinicalStafTestCases">
    <skipped/>
  </testcase> <!-- @BeforeMethod setup -->
  <testcase name="@AfterMethod afterMethod" time="0.0" classname="com.bms.M11.EMR.TestNonoClinicalStafTestCases">
    <skipped/>
  </testcase> <!-- @AfterMethod afterMethod -->
  <testcase name="@AfterClass closedrivers" time="0.0" classname="com.bms.M11.EMR.TestNonoClinicalStafTestCases">
    <skipped/>
  </testcase> <!-- @AfterClass closedrivers -->
  <testcase name="@BeforeClass setup" time="0.0" classname="com.bms.M11.EMR.TestSignandAttachScanDocuments">
    <skipped/>
  </testcase> <!-- @BeforeClass setup -->
  <testcase name="@BeforeMethod setup" time="0.0" classname="com.bms.M11.EMR.TestSignandAttachScanDocuments">
    <skipped/>
  </testcase> <!-- @BeforeMethod setup -->
  <testcase name="@AfterMethod afterMethod" time="0.0" classname="com.bms.M11.EMR.TestSignandAttachScanDocuments">
    <skipped/>
  </testcase> <!-- @AfterMethod afterMethod -->
  <testcase name="@AfterClass closedrivers" time="0.0" classname="com.bms.M11.EMR.TestSignandAttachScanDocuments">
    <skipped/>
  </testcase> <!-- @AfterClass closedrivers -->
  <testcase name="@BeforeClass setup" time="0.0" classname="com.bms.M11.EMR.TestSignandFinalize">
    <skipped/>
  </testcase> <!-- @BeforeClass setup -->
  <testcase name="@BeforeMethod setup" time="0.0" classname="com.bms.M11.EMR.TestSignandFinalize">
    <skipped/>
  </testcase> <!-- @BeforeMethod setup -->
  <testcase name="@AfterMethod afterMethod" time="0.0" classname="com.bms.M11.EMR.TestSignandFinalize">
    <skipped/>
  </testcase> <!-- @AfterMethod afterMethod -->
  <testcase name="@BeforeMethod setup" time="0.0" classname="com.bms.M11.EMR.TestSignandFinalize">
    <skipped/>
  </testcase> <!-- @BeforeMethod setup -->
  <testcase name="@AfterMethod afterMethod" time="0.0" classname="com.bms.M11.EMR.TestSignandFinalize">
    <skipped/>
  </testcase> <!-- @AfterMethod afterMethod -->
  <testcase name="@AfterClass closedrivers" time="0.0" classname="com.bms.M11.EMR.TestSignandFinalize">
    <skipped/>
  </testcase> <!-- @AfterClass closedrivers -->
  <testcase name="@BeforeClass setup" time="0.0" classname="com.bms.M11.EMR.TestSignandFinalizeAddendum">
    <skipped/>
  </testcase> <!-- @BeforeClass setup -->
  <testcase name="@BeforeMethod setup" time="0.0" classname="com.bms.M11.EMR.TestSignandFinalizeAddendum">
    <skipped/>
  </testcase> <!-- @BeforeMethod setup -->
  <testcase name="@AfterMethod afterMethod" time="0.0" classname="com.bms.M11.EMR.TestSignandFinalizeAddendum">
    <skipped/>
  </testcase> <!-- @AfterMethod afterMethod -->
  <testcase name="@BeforeMethod setup" time="0.0" classname="com.bms.M11.EMR.TestSignandFinalizeAddendum">
    <skipped/>
  </testcase> <!-- @BeforeMethod setup -->
  <testcase name="@AfterMethod afterMethod" time="0.0" classname="com.bms.M11.EMR.TestSignandFinalizeAddendum">
    <skipped/>
  </testcase> <!-- @AfterMethod afterMethod -->
  <testcase name="@AfterClass closedrivers" time="0.0" classname="com.bms.M11.EMR.TestSignandFinalizeAddendum">
    <skipped/>
  </testcase> <!-- @AfterClass closedrivers -->
  <testcase name="@BeforeClass setup" time="0.0" classname="com.bms.M11.EMR.TestSignNoteWithCompleteSOAPdata">
    <skipped/>
  </testcase> <!-- @BeforeClass setup -->
  <testcase name="@BeforeMethod setup" time="0.0" classname="com.bms.M11.EMR.TestSignNoteWithCompleteSOAPdata">
    <skipped/>
  </testcase> <!-- @BeforeMethod setup -->
  <testcase name="@AfterMethod afterMethod" time="0.0" classname="com.bms.M11.EMR.TestSignNoteWithCompleteSOAPdata">
    <skipped/>
  </testcase> <!-- @AfterMethod afterMethod -->
  <testcase name="@AfterClass closedrivers" time="0.0" classname="com.bms.M11.EMR.TestSignNoteWithCompleteSOAPdata">
    <skipped/>
  </testcase> <!-- @AfterClass closedrivers -->
  <testcase name="@BeforeClass setup" time="0.0" classname="com.bms.M11.EMR.TestSignNoteWithDiffrentUsers">
    <skipped/>
  </testcase> <!-- @BeforeClass setup -->
  <testcase name="@BeforeMethod setup" time="0.0" classname="com.bms.M11.EMR.TestSignNoteWithDiffrentUsers">
    <skipped/>
  </testcase> <!-- @BeforeMethod setup -->
  <testcase name="@AfterMethod afterMethod" time="0.0" classname="com.bms.M11.EMR.TestSignNoteWithDiffrentUsers">
    <skipped/>
  </testcase> <!-- @AfterMethod afterMethod -->
  <testcase name="@BeforeMethod setup" time="0.0" classname="com.bms.M11.EMR.TestSignNoteWithDiffrentUsers">
    <skipped/>
  </testcase> <!-- @BeforeMethod setup -->
  <testcase name="@AfterMethod afterMethod" time="0.0" classname="com.bms.M11.EMR.TestSignNoteWithDiffrentUsers">
    <skipped/>
  </testcase> <!-- @AfterMethod afterMethod -->
  <testcase name="@BeforeMethod setup" time="0.0" classname="com.bms.M11.EMR.TestSignNoteWithDiffrentUsers">
    <skipped/>
  </testcase> <!-- @BeforeMethod setup -->
  <testcase name="@AfterMethod afterMethod" time="0.0" classname="com.bms.M11.EMR.TestSignNoteWithDiffrentUsers">
    <skipped/>
  </testcase> <!-- @AfterMethod afterMethod -->
  <testcase name="@BeforeMethod setup" time="0.0" classname="com.bms.M11.EMR.TestSignNoteWithDiffrentUsers">
    <skipped/>
  </testcase> <!-- @BeforeMethod setup -->
  <testcase name="@AfterMethod afterMethod" time="0.0" classname="com.bms.M11.EMR.TestSignNoteWithDiffrentUsers">
    <skipped/>
  </testcase> <!-- @AfterMethod afterMethod -->
  <testcase name="@BeforeMethod setup" time="0.0" classname="com.bms.M11.EMR.TestSignNoteWithDiffrentUsers">
    <skipped/>
  </testcase> <!-- @BeforeMethod setup -->
  <testcase name="@AfterMethod afterMethod" time="0.0" classname="com.bms.M11.EMR.TestSignNoteWithDiffrentUsers">
    <skipped/>
  </testcase> <!-- @AfterMethod afterMethod -->
  <testcase name="@BeforeMethod setup" time="0.0" classname="com.bms.M11.EMR.TestSignNoteWithDiffrentUsers">
    <skipped/>
  </testcase> <!-- @BeforeMethod setup -->
  <testcase name="@AfterMethod afterMethod" time="0.0" classname="com.bms.M11.EMR.TestSignNoteWithDiffrentUsers">
    <skipped/>
  </testcase> <!-- @AfterMethod afterMethod -->
  <testcase name="@BeforeMethod setup" time="0.0" classname="com.bms.M11.EMR.TestSignNoteWithDiffrentUsers">
    <skipped/>
  </testcase> <!-- @BeforeMethod setup -->
  <testcase name="@AfterMethod afterMethod" time="0.0" classname="com.bms.M11.EMR.TestSignNoteWithDiffrentUsers">
    <skipped/>
  </testcase> <!-- @AfterMethod afterMethod -->
  <testcase name="@BeforeMethod setup" time="0.0" classname="com.bms.M11.EMR.TestSignNoteWithDiffrentUsers">
    <skipped/>
  </testcase> <!-- @BeforeMethod setup -->
  <testcase name="@AfterMethod afterMethod" time="0.0" classname="com.bms.M11.EMR.TestSignNoteWithDiffrentUsers">
    <skipped/>
  </testcase> <!-- @AfterMethod afterMethod -->
  <testcase name="@BeforeMethod setup" time="0.0" classname="com.bms.M11.EMR.TestSignNoteWithDiffrentUsers">
    <skipped/>
  </testcase> <!-- @BeforeMethod setup -->
  <testcase name="@AfterMethod afterMethod" time="0.0" classname="com.bms.M11.EMR.TestSignNoteWithDiffrentUsers">
    <skipped/>
  </testcase> <!-- @AfterMethod afterMethod -->
  <testcase name="@BeforeMethod setup" time="0.0" classname="com.bms.M11.EMR.TestSignNoteWithDiffrentUsers">
    <skipped/>
  </testcase> <!-- @BeforeMethod setup -->
  <testcase name="@AfterMethod afterMethod" time="0.0" classname="com.bms.M11.EMR.TestSignNoteWithDiffrentUsers">
    <skipped/>
  </testcase> <!-- @AfterMethod afterMethod -->
  <testcase name="@AfterClass closedrivers" time="0.0" classname="com.bms.M11.EMR.TestSignNoteWithDiffrentUsers">
    <skipped/>
  </testcase> <!-- @AfterClass closedrivers -->
  <testcase name="@BeforeClass setup" time="0.0" classname="com.bms.M11.EMR.TestSignNoteWithCompleteSOAPdataWithAddendum">
    <skipped/>
  </testcase> <!-- @BeforeClass setup -->
  <testcase name="@BeforeMethod setup" time="0.0" classname="com.bms.M11.EMR.TestSignNoteWithCompleteSOAPdataWithAddendum">
    <skipped/>
  </testcase> <!-- @BeforeMethod setup -->
  <testcase name="@AfterMethod afterMethod" time="0.0" classname="com.bms.M11.EMR.TestSignNoteWithCompleteSOAPdataWithAddendum">
    <skipped/>
  </testcase> <!-- @AfterMethod afterMethod -->
  <testcase name="@AfterClass closedrivers" time="0.0" classname="com.bms.M11.EMR.TestSignNoteWithCompleteSOAPdataWithAddendum">
    <skipped/>
  </testcase> <!-- @AfterClass closedrivers -->
  <testcase name="@BeforeClass setup" time="0.0" classname="com.bms.M11.EMR.TestStudentProviderFinalizeTestCases">
    <skipped/>
  </testcase> <!-- @BeforeClass setup -->
  <testcase name="@BeforeMethod setup" time="0.0" classname="com.bms.M11.EMR.TestStudentProviderFinalizeTestCases">
    <skipped/>
  </testcase> <!-- @BeforeMethod setup -->
  <testcase name="@AfterMethod afterMethod" time="0.0" classname="com.bms.M11.EMR.TestStudentProviderFinalizeTestCases">
    <skipped/>
  </testcase> <!-- @AfterMethod afterMethod -->
  <testcase name="@AfterClass closedrivers" time="0.0" classname="com.bms.M11.EMR.TestStudentProviderFinalizeTestCases">
    <skipped/>
  </testcase> <!-- @AfterClass closedrivers -->
  <testcase name="@BeforeClass setup" time="0.0" classname="com.bms.M11.EMR.TestStudentProviderInInsuranceClassTestCases">
    <skipped/>
  </testcase> <!-- @BeforeClass setup -->
  <testcase name="@BeforeMethod setup" time="0.0" classname="com.bms.M11.EMR.TestStudentProviderInInsuranceClassTestCases">
    <skipped/>
  </testcase> <!-- @BeforeMethod setup -->
  <testcase name="@AfterMethod afterMethod" time="0.0" classname="com.bms.M11.EMR.TestStudentProviderInInsuranceClassTestCases">
    <skipped/>
  </testcase> <!-- @AfterMethod afterMethod -->
  <testcase name="@AfterClass closedrivers" time="0.0" classname="com.bms.M11.EMR.TestStudentProviderInInsuranceClassTestCases">
    <skipped/>
  </testcase> <!-- @AfterClass closedrivers -->
  <testcase name="@BeforeClass setup" time="0.0" classname="com.bms.M11.EMR.TestStudentProviderwithAllowedCheckInclinicsetupIsNotSelected">
    <skipped/>
  </testcase> <!-- @BeforeClass setup -->
  <testcase name="@BeforeMethod setup" time="0.0" classname="com.bms.M11.EMR.TestStudentProviderwithAllowedCheckInclinicsetupIsNotSelected">
    <skipped/>
  </testcase> <!-- @BeforeMethod setup -->
  <testcase name="@AfterMethod afterMethod" time="0.0" classname="com.bms.M11.EMR.TestStudentProviderwithAllowedCheckInclinicsetupIsNotSelected">
    <skipped/>
  </testcase> <!-- @AfterMethod afterMethod -->
  <testcase name="@AfterClass closedrivers" time="0.0" classname="com.bms.M11.EMR.TestStudentProviderwithAllowedCheckInclinicsetupIsNotSelected">
    <skipped/>
  </testcase> <!-- @AfterClass closedrivers -->
  <testcase name="@BeforeClass setup" time="0.0" classname="com.bms.M11.EMR.TestTreatingProviderFinalize">
    <skipped/>
  </testcase> <!-- @BeforeClass setup -->
  <testcase name="@BeforeMethod setup" time="0.0" classname="com.bms.M11.EMR.TestTreatingProviderFinalize">
    <skipped/>
  </testcase> <!-- @BeforeMethod setup -->
  <testcase name="@AfterMethod afterMethod" time="0.0" classname="com.bms.M11.EMR.TestTreatingProviderFinalize">
    <skipped/>
  </testcase> <!-- @AfterMethod afterMethod -->
  <testcase name="@AfterClass closedrivers" time="0.0" classname="com.bms.M11.EMR.TestTreatingProviderFinalize">
    <skipped/>
  </testcase> <!-- @AfterClass closedrivers -->
  <testcase name="@BeforeClass setup" time="0.0" classname="com.bms.M11.EMR.TestTreatingProviderFinalizeWithAllowPTATofinalizeInInsuranceClassTestCases">
    <skipped/>
  </testcase> <!-- @BeforeClass setup -->
  <testcase name="@BeforeMethod setup" time="0.0" classname="com.bms.M11.EMR.TestTreatingProviderFinalizeWithAllowPTATofinalizeInInsuranceClassTestCases">
    <skipped/>
  </testcase> <!-- @BeforeMethod setup -->
  <testcase name="@AfterMethod afterMethod" time="0.0" classname="com.bms.M11.EMR.TestTreatingProviderFinalizeWithAllowPTATofinalizeInInsuranceClassTestCases">
    <skipped/>
  </testcase> <!-- @AfterMethod afterMethod -->
  <testcase name="@AfterClass closedrivers" time="0.0" classname="com.bms.M11.EMR.TestTreatingProviderFinalizeWithAllowPTATofinalizeInInsuranceClassTestCases">
    <skipped/>
  </testcase> <!-- @AfterClass closedrivers -->
  <testcase name="@BeforeClass setup" time="0.0" classname="com.bms.M11.EMR.TestTreatingProviderwithAllowedCheckInclinicsetupIsNotSelected">
    <skipped/>
  </testcase> <!-- @BeforeClass setup -->
  <testcase name="@BeforeMethod setup" time="0.0" classname="com.bms.M11.EMR.TestTreatingProviderwithAllowedCheckInclinicsetupIsNotSelected">
    <skipped/>
  </testcase> <!-- @BeforeMethod setup -->
  <testcase name="@AfterMethod afterMethod" time="0.0" classname="com.bms.M11.EMR.TestTreatingProviderwithAllowedCheckInclinicsetupIsNotSelected">
    <skipped/>
  </testcase> <!-- @AfterMethod afterMethod -->
  <testcase name="@AfterClass closedrivers" time="0.0" classname="com.bms.M11.EMR.TestTreatingProviderwithAllowedCheckInclinicsetupIsNotSelected">
    <skipped/>
  </testcase> <!-- @AfterClass closedrivers -->
  <testcase name="@BeforeClass setup" time="0.0" classname="com.bms.M11.EMR.TestNonClinicalStaffWithInSuranceClassUnCheckedAndClinicalSetupUnChecked">
    <skipped/>
  </testcase> <!-- @BeforeClass setup -->
  <testcase name="@BeforeMethod setup" time="0.0" classname="com.bms.M11.EMR.TestNonClinicalStaffWithInSuranceClassUnCheckedAndClinicalSetupUnChecked">
    <skipped/>
  </testcase> <!-- @BeforeMethod setup -->
  <testcase name="@AfterMethod afterMethod" time="0.0" classname="com.bms.M11.EMR.TestNonClinicalStaffWithInSuranceClassUnCheckedAndClinicalSetupUnChecked">
    <skipped/>
  </testcase> <!-- @AfterMethod afterMethod -->
  <testcase name="@AfterClass closedrivers" time="0.0" classname="com.bms.M11.EMR.TestNonClinicalStaffWithInSuranceClassUnCheckedAndClinicalSetupUnChecked">
    <skipped/>
  </testcase> <!-- @AfterClass closedrivers -->
  <testcase name="@BeforeClass setup" time="0.0" classname="com.bms.M11.EMR.TestStudentWithInsuranceClassUnCheckedAndClinicalSetupUnChecked">
    <skipped/>
  </testcase> <!-- @BeforeClass setup -->
  <testcase name="@BeforeMethod setup" time="0.0" classname="com.bms.M11.EMR.TestStudentWithInsuranceClassUnCheckedAndClinicalSetupUnChecked">
    <skipped/>
  </testcase> <!-- @BeforeMethod setup -->
  <testcase name="@AfterMethod afterMethod" time="0.0" classname="com.bms.M11.EMR.TestStudentWithInsuranceClassUnCheckedAndClinicalSetupUnChecked">
    <skipped/>
  </testcase> <!-- @AfterMethod afterMethod -->
  <testcase name="@AfterClass closedrivers" time="0.0" classname="com.bms.M11.EMR.TestStudentWithInsuranceClassUnCheckedAndClinicalSetupUnChecked">
    <skipped/>
  </testcase> <!-- @AfterClass closedrivers -->
  <testcase name="@BeforeClass setup" time="0.0" classname="com.bms.M11.EMR.TestTreatingProviderWithInSuranceClassUnCheckedAndClinicalSetupUnChecked">
    <skipped/>
  </testcase> <!-- @BeforeClass setup -->
  <testcase name="@BeforeMethod setup" time="0.0" classname="com.bms.M11.EMR.TestTreatingProviderWithInSuranceClassUnCheckedAndClinicalSetupUnChecked">
    <skipped/>
  </testcase> <!-- @BeforeMethod setup -->
  <testcase name="@AfterMethod afterMethod" time="0.0" classname="com.bms.M11.EMR.TestTreatingProviderWithInSuranceClassUnCheckedAndClinicalSetupUnChecked">
    <skipped/>
  </testcase> <!-- @AfterMethod afterMethod -->
  <testcase name="@AfterClass closedrivers" time="0.0" classname="com.bms.M11.EMR.TestTreatingProviderWithInSuranceClassUnCheckedAndClinicalSetupUnChecked">
    <skipped/>
  </testcase> <!-- @AfterClass closedrivers -->
  <testcase name="@BeforeClass setup" time="0.0" classname="com.bms.M12.Financial.TestCheckFinancialTab">
    <skipped/>
  </testcase> <!-- @BeforeClass setup -->
  <testcase name="@BeforeMethod setup" time="0.0" classname="com.bms.M12.Financial.TestCheckFinancialTab">
    <skipped/>
  </testcase> <!-- @BeforeMethod setup -->
  <testcase name="@AfterMethod afterMethod" time="0.0" classname="com.bms.M12.Financial.TestCheckFinancialTab">
    <skipped/>
  </testcase> <!-- @AfterMethod afterMethod -->
  <testcase name="@AfterClass closedrivers" time="0.0" classname="com.bms.M12.Financial.TestCheckFinancialTab">
    <skipped/>
  </testcase> <!-- @AfterClass closedrivers -->
  <testcase name="@BeforeClass setup" time="0.0" classname="com.bms.M13.Task.TestManageMyAccount">
    <skipped/>
  </testcase> <!-- @BeforeClass setup -->
  <testcase name="@BeforeMethod setup" time="0.0" classname="com.bms.M13.Task.TestManageMyAccount">
    <skipped/>
  </testcase> <!-- @BeforeMethod setup -->
  <testcase name="@AfterMethod afterMethod" time="0.0" classname="com.bms.M13.Task.TestManageMyAccount">
    <skipped/>
  </testcase> <!-- @AfterMethod afterMethod -->
  <testcase name="@BeforeMethod setup" time="0.0" classname="com.bms.M13.Task.TestManageMyAccount">
    <skipped/>
  </testcase> <!-- @BeforeMethod setup -->
  <testcase name="@AfterMethod afterMethod" time="0.0" classname="com.bms.M13.Task.TestManageMyAccount">
    <skipped/>
  </testcase> <!-- @AfterMethod afterMethod -->
  <testcase name="@BeforeMethod setup" time="0.0" classname="com.bms.M13.Task.TestManageMyAccount">
    <skipped/>
  </testcase> <!-- @BeforeMethod setup -->
  <testcase name="@AfterMethod afterMethod" time="0.0" classname="com.bms.M13.Task.TestManageMyAccount">
    <skipped/>
  </testcase> <!-- @AfterMethod afterMethod -->
  <testcase name="@BeforeMethod setup" time="0.0" classname="com.bms.M13.Task.TestManageMyAccount">
    <skipped/>
  </testcase> <!-- @BeforeMethod setup -->
  <testcase name="@AfterMethod afterMethod" time="0.0" classname="com.bms.M13.Task.TestManageMyAccount">
    <skipped/>
  </testcase> <!-- @AfterMethod afterMethod -->
  <testcase name="@AfterClass closedrivers" time="0.0" classname="com.bms.M13.Task.TestManageMyAccount">
    <skipped/>
  </testcase> <!-- @AfterClass closedrivers -->
  <testcase name="@BeforeClass setup" time="0.0" classname="com.bms.M13.Task.TestWaitList">
    <skipped/>
  </testcase> <!-- @BeforeClass setup -->
  <testcase name="@BeforeMethod setup" time="0.0" classname="com.bms.M13.Task.TestWaitList">
    <skipped/>
  </testcase> <!-- @BeforeMethod setup -->
  <testcase name="@AfterMethod afterMethod" time="0.0" classname="com.bms.M13.Task.TestWaitList">
    <skipped/>
  </testcase> <!-- @AfterMethod afterMethod -->
  <testcase name="@BeforeMethod setup" time="0.0" classname="com.bms.M13.Task.TestWaitList">
    <skipped/>
  </testcase> <!-- @BeforeMethod setup -->
  <testcase name="@AfterMethod afterMethod" time="0.0" classname="com.bms.M13.Task.TestWaitList">
    <skipped/>
  </testcase> <!-- @AfterMethod afterMethod -->
  <testcase name="@BeforeMethod setup" time="0.0" classname="com.bms.M13.Task.TestWaitList">
    <skipped/>
  </testcase> <!-- @BeforeMethod setup -->
  <testcase name="@AfterMethod afterMethod" time="0.0" classname="com.bms.M13.Task.TestWaitList">
    <skipped/>
  </testcase> <!-- @AfterMethod afterMethod -->
  <testcase name="@AfterClass closedrivers" time="0.0" classname="com.bms.M13.Task.TestWaitList">
    <skipped/>
  </testcase> <!-- @AfterClass closedrivers -->
  <testcase name="@BeforeClass setup" time="0.0" classname="com.bms.M13.Task.TestEditGlobaltask">
    <skipped/>
  </testcase> <!-- @BeforeClass setup -->
  <testcase name="@BeforeMethod setup" time="0.0" classname="com.bms.M13.Task.TestEditGlobaltask">
    <skipped/>
  </testcase> <!-- @BeforeMethod setup -->
  <testcase name="@AfterMethod afterMethod" time="0.0" classname="com.bms.M13.Task.TestEditGlobaltask">
    <skipped/>
  </testcase> <!-- @AfterMethod afterMethod -->
  <testcase name="@AfterClass closedrivers" time="0.0" classname="com.bms.M13.Task.TestEditGlobaltask">
    <skipped/>
  </testcase> <!-- @AfterClass closedrivers -->
  <testcase name="@BeforeClass setup" time="0.0" classname="com.bms.M13.Task.TestTaskFunctionality">
    <skipped/>
  </testcase> <!-- @BeforeClass setup -->
  <testcase name="@BeforeMethod setup" time="0.0" classname="com.bms.M13.Task.TestTaskFunctionality">
    <skipped/>
  </testcase> <!-- @BeforeMethod setup -->
  <testcase name="@AfterMethod afterMethod" time="0.0" classname="com.bms.M13.Task.TestTaskFunctionality">
    <skipped/>
  </testcase> <!-- @AfterMethod afterMethod -->
  <testcase name="@AfterClass closedrivers" time="0.0" classname="com.bms.M13.Task.TestTaskFunctionality">
    <skipped/>
  </testcase> <!-- @AfterClass closedrivers -->
  <testcase name="@BeforeClass setup" time="0.0" classname="com.bms.M13.Task.TestLock">
    <skipped/>
  </testcase> <!-- @BeforeClass setup -->
  <testcase name="@BeforeMethod setup" time="0.0" classname="com.bms.M13.Task.TestLock">
    <skipped/>
  </testcase> <!-- @BeforeMethod setup -->
  <testcase name="@AfterMethod afterMethod" time="0.0" classname="com.bms.M13.Task.TestLock">
    <skipped/>
  </testcase> <!-- @AfterMethod afterMethod -->
  <testcase name="@AfterClass closedrivers" time="0.0" classname="com.bms.M13.Task.TestLock">
    <skipped/>
  </testcase> <!-- @AfterClass closedrivers -->
  <testcase name="@BeforeClass setup" time="0.0" classname="com.bms.M13.Task.TestAssigneeField">
    <skipped/>
  </testcase> <!-- @BeforeClass setup -->
  <testcase name="@BeforeMethod setup" time="0.0" classname="com.bms.M13.Task.TestAssigneeField">
    <skipped/>
  </testcase> <!-- @BeforeMethod setup -->
  <testcase name="@AfterMethod afterMethod" time="0.0" classname="com.bms.M13.Task.TestAssigneeField">
    <skipped/>
  </testcase> <!-- @AfterMethod afterMethod -->
  <testcase name="@AfterClass closedrivers" time="0.0" classname="com.bms.M13.Task.TestAssigneeField">
    <skipped/>
  </testcase> <!-- @AfterClass closedrivers -->
  <testcase name="@BeforeClass setup" time="0.0" classname="com.bms.M13.Task.TestAddTaskByRole">
    <skipped/>
  </testcase> <!-- @BeforeClass setup -->
  <testcase name="@BeforeMethod setup" time="0.0" classname="com.bms.M13.Task.TestAddTaskByRole">
    <skipped/>
  </testcase> <!-- @BeforeMethod setup -->
  <testcase name="@AfterMethod afterMethod" time="0.0" classname="com.bms.M13.Task.TestAddTaskByRole">
    <skipped/>
  </testcase> <!-- @AfterMethod afterMethod -->
  <testcase name="@BeforeMethod setup" time="0.0" classname="com.bms.M13.Task.TestAddTaskByRole">
    <skipped/>
  </testcase> <!-- @BeforeMethod setup -->
  <testcase name="@AfterMethod afterMethod" time="0.0" classname="com.bms.M13.Task.TestAddTaskByRole">
    <skipped/>
  </testcase> <!-- @AfterMethod afterMethod -->
  <testcase name="@BeforeMethod setup" time="0.0" classname="com.bms.M13.Task.TestAddTaskByRole">
    <skipped/>
  </testcase> <!-- @BeforeMethod setup -->
  <testcase name="@AfterMethod afterMethod" time="0.0" classname="com.bms.M13.Task.TestAddTaskByRole">
    <skipped/>
  </testcase> <!-- @AfterMethod afterMethod -->
  <testcase name="@BeforeMethod setup" time="0.0" classname="com.bms.M13.Task.TestAddTaskByRole">
    <skipped/>
  </testcase> <!-- @BeforeMethod setup -->
  <testcase name="@AfterMethod afterMethod" time="0.0" classname="com.bms.M13.Task.TestAddTaskByRole">
    <skipped/>
  </testcase> <!-- @AfterMethod afterMethod -->
  <testcase name="@AfterClass closedrivers" time="0.0" classname="com.bms.M13.Task.TestAddTaskByRole">
    <skipped/>
  </testcase> <!-- @AfterClass closedrivers -->
  <testcase name="@BeforeClass setup" time="0.0" classname="com.bms.M13.Task.TestChangeCompany">
    <skipped/>
  </testcase> <!-- @BeforeClass setup -->
  <testcase name="@BeforeMethod setup" time="0.0" classname="com.bms.M13.Task.TestChangeCompany">
    <skipped/>
  </testcase> <!-- @BeforeMethod setup -->
  <testcase name="@AfterMethod afterMethod" time="0.0" classname="com.bms.M13.Task.TestChangeCompany">
    <skipped/>
  </testcase> <!-- @AfterMethod afterMethod -->
  <testcase name="@BeforeMethod setup" time="0.0" classname="com.bms.M13.Task.TestChangeCompany">
    <skipped/>
  </testcase> <!-- @BeforeMethod setup -->
  <testcase name="@AfterMethod afterMethod" time="0.0" classname="com.bms.M13.Task.TestChangeCompany">
    <skipped/>
  </testcase> <!-- @AfterMethod afterMethod -->
  <testcase name="@AfterClass closedrivers" time="0.0" classname="com.bms.M13.Task.TestChangeCompany">
    <skipped/>
  </testcase> <!-- @AfterClass closedrivers -->
  <testcase name="@BeforeClass setup" time="0.0" classname="com.bms.M3.Cases.TestCaseHistory">
    <skipped/>
  </testcase> <!-- @BeforeClass setup -->
  <testcase name="@BeforeMethod setup" time="0.0" classname="com.bms.M3.Cases.TestCaseHistory">
    <skipped/>
  </testcase> <!-- @BeforeMethod setup -->
  <testcase name="@AfterMethod afterMethod" time="0.0" classname="com.bms.M3.Cases.TestCaseHistory">
    <skipped/>
  </testcase> <!-- @AfterMethod afterMethod -->
  <testcase name="@AfterClass closedrivers" time="0.0" classname="com.bms.M3.Cases.TestCaseHistory">
    <skipped/>
  </testcase> <!-- @AfterClass closedrivers -->
  <testcase name="@BeforeClass setup" time="0.0" classname="com.bms.M3.Cases.TestCaseInactive">
    <skipped/>
  </testcase> <!-- @BeforeClass setup -->
  <testcase name="@BeforeMethod setup" time="0.0" classname="com.bms.M3.Cases.TestCaseInactive">
    <skipped/>
  </testcase> <!-- @BeforeMethod setup -->
  <testcase name="@AfterMethod afterMethod" time="0.0" classname="com.bms.M3.Cases.TestCaseInactive">
    <skipped/>
  </testcase> <!-- @AfterMethod afterMethod -->
  <testcase name="@BeforeMethod setup" time="0.0" classname="com.bms.M3.Cases.TestCaseInactive">
    <skipped/>
  </testcase> <!-- @BeforeMethod setup -->
  <testcase name="@AfterMethod afterMethod" time="0.0" classname="com.bms.M3.Cases.TestCaseInactive">
    <skipped/>
  </testcase> <!-- @AfterMethod afterMethod -->
  <testcase name="@AfterClass closedrivers" time="0.0" classname="com.bms.M3.Cases.TestCaseInactive">
    <skipped/>
  </testcase> <!-- @AfterClass closedrivers -->
  <testcase name="@BeforeClass setup" time="0.0" classname="com.bms.M14.PQRS.TestPQRSHardstop_2">
    <skipped/>
  </testcase> <!-- @BeforeClass setup -->
  <testcase name="@BeforeMethod setup" time="0.0" classname="com.bms.M14.PQRS.TestPQRSHardstop_2">
    <skipped/>
  </testcase> <!-- @BeforeMethod setup -->
  <testcase name="@AfterMethod afterMethod" time="0.0" classname="com.bms.M14.PQRS.TestPQRSHardstop_2">
    <skipped/>
  </testcase> <!-- @AfterMethod afterMethod -->
  <testcase name="@AfterClass closedrivers" time="0.0" classname="com.bms.M14.PQRS.TestPQRSHardstop_2">
    <skipped/>
  </testcase> <!-- @AfterClass closedrivers -->
  <testcase name="@BeforeClass setup" time="0.0" classname="com.bms.M14.PQRS.TestPQRSHardstop">
    <skipped/>
  </testcase> <!-- @BeforeClass setup -->
  <testcase name="@BeforeMethod setup" time="0.0" classname="com.bms.M14.PQRS.TestPQRSHardstop">
    <skipped/>
  </testcase> <!-- @BeforeMethod setup -->
  <testcase name="@AfterMethod afterMethod" time="0.0" classname="com.bms.M14.PQRS.TestPQRSHardstop">
    <skipped/>
  </testcase> <!-- @AfterMethod afterMethod -->
  <testcase name="@AfterClass closedrivers" time="0.0" classname="com.bms.M14.PQRS.TestPQRSHardstop">
    <skipped/>
  </testcase> <!-- @AfterClass closedrivers -->
  <testcase name="@BeforeClass setup" time="0.0" classname="com.bms.M14.PQRS.TestPQRSAvailability">
    <skipped/>
  </testcase> <!-- @BeforeClass setup -->
  <testcase name="@BeforeMethod setup" time="0.0" classname="com.bms.M14.PQRS.TestPQRSAvailability">
    <skipped/>
  </testcase> <!-- @BeforeMethod setup -->
  <testcase name="@AfterMethod afterMethod" time="0.0" classname="com.bms.M14.PQRS.TestPQRSAvailability">
    <skipped/>
  </testcase> <!-- @AfterMethod afterMethod -->
  <testcase name="@AfterClass closedrivers" time="0.0" classname="com.bms.M14.PQRS.TestPQRSAvailability">
    <skipped/>
  </testcase> <!-- @AfterClass closedrivers -->
  <testcase name="@BeforeClass setup" time="0.0" classname="com.bms.M14.PQRS.TestPQRSprompt">
    <skipped/>
  </testcase> <!-- @BeforeClass setup -->
  <testcase name="@BeforeMethod setup" time="0.0" classname="com.bms.M14.PQRS.TestPQRSprompt">
    <skipped/>
  </testcase> <!-- @BeforeMethod setup -->
  <testcase name="@AfterMethod afterMethod" time="0.0" classname="com.bms.M14.PQRS.TestPQRSprompt">
    <skipped/>
  </testcase> <!-- @AfterMethod afterMethod -->
  <testcase name="@AfterClass closedrivers" time="0.0" classname="com.bms.M14.PQRS.TestPQRSprompt">
    <skipped/>
  </testcase> <!-- @AfterClass closedrivers -->
  <testcase name="@BeforeClass setup" time="0.0" classname="com.bms.M14.PQRS.TestPQRSVisitType">
    <skipped/>
  </testcase> <!-- @BeforeClass setup -->
  <testcase name="@BeforeMethod setup" time="0.0" classname="com.bms.M14.PQRS.TestPQRSVisitType">
    <skipped/>
  </testcase> <!-- @BeforeMethod setup -->
  <testcase name="@AfterMethod afterMethod" time="0.0" classname="com.bms.M14.PQRS.TestPQRSVisitType">
    <skipped/>
  </testcase> <!-- @AfterMethod afterMethod -->
  <testcase name="@BeforeMethod setup" time="0.0" classname="com.bms.M14.PQRS.TestPQRSVisitType">
    <skipped/>
  </testcase> <!-- @BeforeMethod setup -->
  <testcase name="@AfterMethod afterMethod" time="0.0" classname="com.bms.M14.PQRS.TestPQRSVisitType">
    <skipped/>
  </testcase> <!-- @AfterMethod afterMethod -->
  <testcase name="@BeforeMethod setup" time="0.0" classname="com.bms.M14.PQRS.TestPQRSVisitType">
    <skipped/>
  </testcase> <!-- @BeforeMethod setup -->
  <testcase name="@AfterMethod afterMethod" time="0.0" classname="com.bms.M14.PQRS.TestPQRSVisitType">
    <skipped/>
  </testcase> <!-- @AfterMethod afterMethod -->
  <testcase name="@AfterClass closedrivers" time="0.0" classname="com.bms.M14.PQRS.TestPQRSVisitType">
    <skipped/>
  </testcase> <!-- @AfterClass closedrivers -->
  <testcase name="@BeforeClass setup" time="0.0" classname="com.bms.M15.ArrivalAlert.DifferentAppointmentTypesOnLocationView">
    <skipped/>
  </testcase> <!-- @BeforeClass setup -->
  <testcase name="@BeforeMethod setup" time="0.0" classname="com.bms.M15.ArrivalAlert.DifferentAppointmentTypesOnLocationView">
    <skipped/>
  </testcase> <!-- @BeforeMethod setup -->
  <testcase name="@AfterMethod afterMethod" time="0.0" classname="com.bms.M15.ArrivalAlert.DifferentAppointmentTypesOnLocationView">
    <skipped/>
  </testcase> <!-- @AfterMethod afterMethod -->
  <testcase name="@BeforeMethod setup" time="0.0" classname="com.bms.M15.ArrivalAlert.DifferentAppointmentTypesOnLocationView">
    <skipped/>
  </testcase> <!-- @BeforeMethod setup -->
  <testcase name="@AfterMethod afterMethod" time="0.0" classname="com.bms.M15.ArrivalAlert.DifferentAppointmentTypesOnLocationView">
    <skipped/>
  </testcase> <!-- @AfterMethod afterMethod -->
  <testcase name="@BeforeMethod setup" time="0.0" classname="com.bms.M15.ArrivalAlert.DifferentAppointmentTypesOnLocationView">
    <skipped/>
  </testcase> <!-- @BeforeMethod setup -->
  <testcase name="@AfterMethod afterMethod" time="0.0" classname="com.bms.M15.ArrivalAlert.DifferentAppointmentTypesOnLocationView">
    <skipped/>
  </testcase> <!-- @AfterMethod afterMethod -->
  <testcase name="@BeforeMethod setup" time="0.0" classname="com.bms.M15.ArrivalAlert.DifferentAppointmentTypesOnLocationView">
    <skipped/>
  </testcase> <!-- @BeforeMethod setup -->
  <testcase name="@AfterMethod afterMethod" time="0.0" classname="com.bms.M15.ArrivalAlert.DifferentAppointmentTypesOnLocationView">
    <skipped/>
  </testcase> <!-- @AfterMethod afterMethod -->
  <testcase name="@AfterClass closedrivers" time="0.0" classname="com.bms.M15.ArrivalAlert.DifferentAppointmentTypesOnLocationView">
    <skipped/>
  </testcase> <!-- @AfterClass closedrivers -->
  <testcase name="@BeforeClass setup" time="0.0" classname="com.bms.M15.ArrivalAlert.TestDifferentTypeOfAppointmentsOnPracticeView">
    <skipped/>
  </testcase> <!-- @BeforeClass setup -->
  <testcase name="@BeforeMethod setup" time="0.0" classname="com.bms.M15.ArrivalAlert.TestDifferentTypeOfAppointmentsOnPracticeView">
    <skipped/>
  </testcase> <!-- @BeforeMethod setup -->
  <testcase name="@AfterMethod afterMethod" time="0.0" classname="com.bms.M15.ArrivalAlert.TestDifferentTypeOfAppointmentsOnPracticeView">
    <skipped/>
  </testcase> <!-- @AfterMethod afterMethod -->
  <testcase name="@BeforeMethod setup" time="0.0" classname="com.bms.M15.ArrivalAlert.TestDifferentTypeOfAppointmentsOnPracticeView">
    <skipped/>
  </testcase> <!-- @BeforeMethod setup -->
  <testcase name="@AfterMethod afterMethod" time="0.0" classname="com.bms.M15.ArrivalAlert.TestDifferentTypeOfAppointmentsOnPracticeView">
    <skipped/>
  </testcase> <!-- @AfterMethod afterMethod -->
  <testcase name="@BeforeMethod setup" time="0.0" classname="com.bms.M15.ArrivalAlert.TestDifferentTypeOfAppointmentsOnPracticeView">
    <skipped/>
  </testcase> <!-- @BeforeMethod setup -->
  <testcase name="@AfterMethod afterMethod" time="0.0" classname="com.bms.M15.ArrivalAlert.TestDifferentTypeOfAppointmentsOnPracticeView">
    <skipped/>
  </testcase> <!-- @AfterMethod afterMethod -->
  <testcase name="@BeforeMethod setup" time="0.0" classname="com.bms.M15.ArrivalAlert.TestDifferentTypeOfAppointmentsOnPracticeView">
    <skipped/>
  </testcase> <!-- @BeforeMethod setup -->
  <testcase name="@AfterMethod afterMethod" time="0.0" classname="com.bms.M15.ArrivalAlert.TestDifferentTypeOfAppointmentsOnPracticeView">
    <skipped/>
  </testcase> <!-- @AfterMethod afterMethod -->
  <testcase name="@AfterClass closedrivers" time="0.0" classname="com.bms.M15.ArrivalAlert.TestDifferentTypeOfAppointmentsOnPracticeView">
    <skipped/>
  </testcase> <!-- @AfterClass closedrivers -->
  <testcase name="@BeforeClass setup" time="0.0" classname="com.bms.M15.ArrivalAlert.TestPolicyChargeQueue">
    <skipped/>
  </testcase> <!-- @BeforeClass setup -->
  <testcase name="@BeforeMethod setup" time="0.0" classname="com.bms.M15.ArrivalAlert.TestPolicyChargeQueue">
    <skipped/>
  </testcase> <!-- @BeforeMethod setup -->
  <testcase name="@AfterMethod afterMethod" time="0.0" classname="com.bms.M15.ArrivalAlert.TestPolicyChargeQueue">
    <skipped/>
  </testcase> <!-- @AfterMethod afterMethod -->
  <testcase name="@BeforeMethod setup" time="0.0" classname="com.bms.M15.ArrivalAlert.TestPolicyChargeQueue">
    <skipped/>
  </testcase> <!-- @BeforeMethod setup -->
  <testcase name="@AfterMethod afterMethod" time="0.0" classname="com.bms.M15.ArrivalAlert.TestPolicyChargeQueue">
    <skipped/>
  </testcase> <!-- @AfterMethod afterMethod -->
  <testcase name="@BeforeMethod setup" time="0.0" classname="com.bms.M15.ArrivalAlert.TestPolicyChargeQueue">
    <skipped/>
  </testcase> <!-- @BeforeMethod setup -->
  <testcase name="@AfterMethod afterMethod" time="0.0" classname="com.bms.M15.ArrivalAlert.TestPolicyChargeQueue">
    <skipped/>
  </testcase> <!-- @AfterMethod afterMethod -->
  <testcase name="@BeforeMethod setup" time="0.0" classname="com.bms.M15.ArrivalAlert.TestPolicyChargeQueue">
    <skipped/>
  </testcase> <!-- @BeforeMethod setup -->
  <testcase name="@AfterMethod afterMethod" time="0.0" classname="com.bms.M15.ArrivalAlert.TestPolicyChargeQueue">
    <skipped/>
  </testcase> <!-- @AfterMethod afterMethod -->
  <testcase name="@BeforeMethod setup" time="0.0" classname="com.bms.M15.ArrivalAlert.TestPolicyChargeQueue">
    <skipped/>
  </testcase> <!-- @BeforeMethod setup -->
  <testcase name="@AfterMethod afterMethod" time="0.0" classname="com.bms.M15.ArrivalAlert.TestPolicyChargeQueue">
    <skipped/>
  </testcase> <!-- @AfterMethod afterMethod -->
  <testcase name="@BeforeMethod setup" time="0.0" classname="com.bms.M15.ArrivalAlert.TestPolicyChargeQueue">
    <skipped/>
  </testcase> <!-- @BeforeMethod setup -->
  <testcase name="@AfterMethod afterMethod" time="0.0" classname="com.bms.M15.ArrivalAlert.TestPolicyChargeQueue">
    <skipped/>
  </testcase> <!-- @AfterMethod afterMethod -->
  <testcase name="@BeforeMethod setup" time="0.0" classname="com.bms.M15.ArrivalAlert.TestPolicyChargeQueue">
    <skipped/>
  </testcase> <!-- @BeforeMethod setup -->
  <testcase name="@AfterMethod afterMethod" time="0.0" classname="com.bms.M15.ArrivalAlert.TestPolicyChargeQueue">
    <skipped/>
  </testcase> <!-- @AfterMethod afterMethod -->
  <testcase name="@BeforeMethod setup" time="0.0" classname="com.bms.M15.ArrivalAlert.TestPolicyChargeQueue">
    <skipped/>
  </testcase> <!-- @BeforeMethod setup -->
  <testcase name="@AfterMethod afterMethod" time="0.0" classname="com.bms.M15.ArrivalAlert.TestPolicyChargeQueue">
    <skipped/>
  </testcase> <!-- @AfterMethod afterMethod -->
  <testcase name="@AfterClass closedrivers" time="0.0" classname="com.bms.M15.ArrivalAlert.TestPolicyChargeQueue">
    <skipped/>
  </testcase> <!-- @AfterClass closedrivers -->
  <testcase name="@BeforeClass setup" time="0.0" classname="com.bms.M15.ArrivalAlert.TestArrivalAlert">
    <skipped/>
  </testcase> <!-- @BeforeClass setup -->
  <testcase name="@BeforeMethod setup" time="0.0" classname="com.bms.M15.ArrivalAlert.TestArrivalAlert">
    <skipped/>
  </testcase> <!-- @BeforeMethod setup -->
  <testcase name="@AfterMethod afterMethod" time="0.0" classname="com.bms.M15.ArrivalAlert.TestArrivalAlert">
    <skipped/>
  </testcase> <!-- @AfterMethod afterMethod -->
  <testcase name="@BeforeMethod setup" time="0.0" classname="com.bms.M15.ArrivalAlert.TestArrivalAlert">
    <skipped/>
  </testcase> <!-- @BeforeMethod setup -->
  <testcase name="@AfterMethod afterMethod" time="0.0" classname="com.bms.M15.ArrivalAlert.TestArrivalAlert">
    <skipped/>
  </testcase> <!-- @AfterMethod afterMethod -->
  <testcase name="@BeforeMethod setup" time="0.0" classname="com.bms.M15.ArrivalAlert.TestArrivalAlert">
    <skipped/>
  </testcase> <!-- @BeforeMethod setup -->
  <testcase name="@AfterMethod afterMethod" time="0.0" classname="com.bms.M15.ArrivalAlert.TestArrivalAlert">
    <skipped/>
  </testcase> <!-- @AfterMethod afterMethod -->
  <testcase name="@BeforeMethod setup" time="0.0" classname="com.bms.M15.ArrivalAlert.TestArrivalAlert">
    <skipped/>
  </testcase> <!-- @BeforeMethod setup -->
  <testcase name="@AfterMethod afterMethod" time="0.0" classname="com.bms.M15.ArrivalAlert.TestArrivalAlert">
    <skipped/>
  </testcase> <!-- @AfterMethod afterMethod -->
  <testcase name="@BeforeMethod setup" time="0.0" classname="com.bms.M15.ArrivalAlert.TestArrivalAlert">
    <skipped/>
  </testcase> <!-- @BeforeMethod setup -->
  <testcase name="@AfterMethod afterMethod" time="0.0" classname="com.bms.M15.ArrivalAlert.TestArrivalAlert">
    <skipped/>
  </testcase> <!-- @AfterMethod afterMethod -->
  <testcase name="@AfterClass closedrivers" time="0.0" classname="com.bms.M15.ArrivalAlert.TestArrivalAlert">
    <skipped/>
  </testcase> <!-- @AfterClass closedrivers -->
  <testcase name="@BeforeClass setup" time="0.0" classname="com.bms.M15.ArrivalAlert.TestGroupAppointment">
    <skipped/>
  </testcase> <!-- @BeforeClass setup -->
  <testcase name="@BeforeMethod setup" time="0.0" classname="com.bms.M15.ArrivalAlert.TestGroupAppointment">
    <skipped/>
  </testcase> <!-- @BeforeMethod setup -->
  <testcase name="@AfterMethod afterMethod" time="0.0" classname="com.bms.M15.ArrivalAlert.TestGroupAppointment">
    <skipped/>
  </testcase> <!-- @AfterMethod afterMethod -->
  <testcase name="@BeforeMethod setup" time="0.0" classname="com.bms.M15.ArrivalAlert.TestGroupAppointment">
    <skipped/>
  </testcase> <!-- @BeforeMethod setup -->
  <testcase name="@AfterMethod afterMethod" time="0.0" classname="com.bms.M15.ArrivalAlert.TestGroupAppointment">
    <skipped/>
  </testcase> <!-- @AfterMethod afterMethod -->
  <testcase name="@BeforeMethod setup" time="0.0" classname="com.bms.M15.ArrivalAlert.TestGroupAppointment">
    <skipped/>
  </testcase> <!-- @BeforeMethod setup -->
  <testcase name="@AfterMethod afterMethod" time="0.0" classname="com.bms.M15.ArrivalAlert.TestGroupAppointment">
    <skipped/>
  </testcase> <!-- @AfterMethod afterMethod -->
  <testcase name="@BeforeMethod setup" time="0.0" classname="com.bms.M15.ArrivalAlert.TestGroupAppointment">
    <skipped/>
  </testcase> <!-- @BeforeMethod setup -->
  <testcase name="@AfterMethod afterMethod" time="0.0" classname="com.bms.M15.ArrivalAlert.TestGroupAppointment">
    <skipped/>
  </testcase> <!-- @AfterMethod afterMethod -->
  <testcase name="@BeforeMethod setup" time="0.0" classname="com.bms.M15.ArrivalAlert.TestGroupAppointment">
    <skipped/>
  </testcase> <!-- @BeforeMethod setup -->
  <testcase name="@AfterMethod afterMethod" time="0.0" classname="com.bms.M15.ArrivalAlert.TestGroupAppointment">
    <skipped/>
  </testcase> <!-- @AfterMethod afterMethod -->
  <testcase name="@BeforeMethod setup" time="0.0" classname="com.bms.M15.ArrivalAlert.TestGroupAppointment">
    <skipped/>
  </testcase> <!-- @BeforeMethod setup -->
  <testcase name="@AfterMethod afterMethod" time="0.0" classname="com.bms.M15.ArrivalAlert.TestGroupAppointment">
    <skipped/>
  </testcase> <!-- @AfterMethod afterMethod -->
  <testcase name="@BeforeMethod setup" time="0.0" classname="com.bms.M15.ArrivalAlert.TestGroupAppointment">
    <skipped/>
  </testcase> <!-- @BeforeMethod setup -->
  <testcase name="@AfterMethod afterMethod" time="0.0" classname="com.bms.M15.ArrivalAlert.TestGroupAppointment">
    <skipped/>
  </testcase> <!-- @AfterMethod afterMethod -->
  <testcase name="@AfterClass closedrivers" time="0.0" classname="com.bms.M15.ArrivalAlert.TestGroupAppointment">
    <skipped/>
  </testcase> <!-- @AfterClass closedrivers -->
  <testcase name="@BeforeClass setup" time="0.0" classname="com.bms.M1.Login.TestLoginUnsuccessfull">
    <skipped/>
  </testcase> <!-- @BeforeClass setup -->
  <testcase name="@BeforeMethod setup" time="0.0" classname="com.bms.M1.Login.TestLoginUnsuccessfull">
    <skipped/>
  </testcase> <!-- @BeforeMethod setup -->
  <testcase name="@AfterMethod afterMethod" time="0.0" classname="com.bms.M1.Login.TestLoginUnsuccessfull">
    <skipped/>
  </testcase> <!-- @AfterMethod afterMethod -->
  <testcase name="@AfterClass closedrivers" time="0.0" classname="com.bms.M1.Login.TestLoginUnsuccessfull">
    <skipped/>
  </testcase> <!-- @AfterClass closedrivers -->
  <testcase name="@BeforeClass setup" time="0.0" classname="com.bms.M1.Login.TestValidLogin">
    <skipped/>
  </testcase> <!-- @BeforeClass setup -->
  <testcase name="@BeforeMethod setup" time="0.0" classname="com.bms.M1.Login.TestValidLogin">
    <skipped/>
  </testcase> <!-- @BeforeMethod setup -->
  <testcase name="@AfterMethod afterMethod" time="0.0" classname="com.bms.M1.Login.TestValidLogin">
    <skipped/>
  </testcase> <!-- @AfterMethod afterMethod -->
  <testcase name="@BeforeMethod setup" time="0.0" classname="com.bms.M1.Login.TestValidLogin">
    <skipped/>
  </testcase> <!-- @BeforeMethod setup -->
  <testcase name="@AfterMethod afterMethod" time="0.0" classname="com.bms.M1.Login.TestValidLogin">
    <skipped/>
  </testcase> <!-- @AfterMethod afterMethod -->
  <testcase name="@AfterClass closedrivers" time="0.0" classname="com.bms.M1.Login.TestValidLogin">
    <skipped/>
  </testcase> <!-- @AfterClass closedrivers -->
  <testcase name="@BeforeClass setup" time="0.0" classname="com.bms.M2.Patient.TestPatientAdd">
    <skipped/>
  </testcase> <!-- @BeforeClass setup -->
  <testcase name="@BeforeMethod setup" time="0.0" classname="com.bms.M2.Patient.TestPatientAdd">
    <skipped/>
  </testcase> <!-- @BeforeMethod setup -->
  <testcase name="@AfterMethod afterMethod" time="0.0" classname="com.bms.M2.Patient.TestPatientAdd">
    <skipped/>
  </testcase> <!-- @AfterMethod afterMethod -->
  <testcase name="@BeforeMethod setup" time="0.0" classname="com.bms.M2.Patient.TestPatientAdd">
    <skipped/>
  </testcase> <!-- @BeforeMethod setup -->
  <testcase name="@AfterMethod afterMethod" time="0.0" classname="com.bms.M2.Patient.TestPatientAdd">
    <skipped/>
  </testcase> <!-- @AfterMethod afterMethod -->
  <testcase name="@BeforeMethod setup" time="0.0" classname="com.bms.M2.Patient.TestPatientAdd">
    <skipped/>
  </testcase> <!-- @BeforeMethod setup -->
  <testcase name="@AfterMethod afterMethod" time="0.0" classname="com.bms.M2.Patient.TestPatientAdd">
    <skipped/>
  </testcase> <!-- @AfterMethod afterMethod -->
  <testcase name="@BeforeMethod setup" time="0.0" classname="com.bms.M2.Patient.TestPatientAdd">
    <skipped/>
  </testcase> <!-- @BeforeMethod setup -->
  <testcase name="@AfterMethod afterMethod" time="0.0" classname="com.bms.M2.Patient.TestPatientAdd">
    <skipped/>
  </testcase> <!-- @AfterMethod afterMethod -->
  <testcase name="@AfterClass closedrivers" time="0.0" classname="com.bms.M2.Patient.TestPatientAdd">
    <skipped/>
  </testcase> <!-- @AfterClass closedrivers -->
  <testcase name="@BeforeClass setup" time="0.0" classname="com.bms.M2.Patient.TestMedicare">
    <skipped/>
  </testcase> <!-- @BeforeClass setup -->
  <testcase name="@BeforeMethod setup" time="0.0" classname="com.bms.M2.Patient.TestMedicare">
    <skipped/>
  </testcase> <!-- @BeforeMethod setup -->
  <testcase name="@AfterMethod afterMethod" time="0.0" classname="com.bms.M2.Patient.TestMedicare">
    <skipped/>
  </testcase> <!-- @AfterMethod afterMethod -->
  <testcase name="@AfterClass closedrivers" time="0.0" classname="com.bms.M2.Patient.TestMedicare">
    <skipped/>
  </testcase> <!-- @AfterClass closedrivers -->
  <testcase name="@BeforeClass setup" time="0.0" classname="com.bms.M2.Patient.TestInactivatePatient">
    <skipped/>
  </testcase> <!-- @BeforeClass setup -->
  <testcase name="@BeforeMethod setup" time="0.0" classname="com.bms.M2.Patient.TestInactivatePatient">
    <skipped/>
  </testcase> <!-- @BeforeMethod setup -->
  <testcase name="@AfterMethod afterMethod" time="0.0" classname="com.bms.M2.Patient.TestInactivatePatient">
    <skipped/>
  </testcase> <!-- @AfterMethod afterMethod -->
  <testcase name="@AfterClass closedrivers" time="0.0" classname="com.bms.M2.Patient.TestInactivatePatient">
    <skipped/>
  </testcase> <!-- @AfterClass closedrivers -->
  <testcase name="@BeforeClass setup" time="0.0" classname="com.bms.M2.Patient.TestSearchPatient">
    <skipped/>
  </testcase> <!-- @BeforeClass setup -->
  <testcase name="@BeforeMethod setup" time="0.0" classname="com.bms.M2.Patient.TestSearchPatient">
    <skipped/>
  </testcase> <!-- @BeforeMethod setup -->
  <testcase name="@AfterMethod afterMethod" time="0.0" classname="com.bms.M2.Patient.TestSearchPatient">
    <skipped/>
  </testcase> <!-- @AfterMethod afterMethod -->
  <testcase name="@AfterClass closedrivers" time="0.0" classname="com.bms.M2.Patient.TestSearchPatient">
    <skipped/>
  </testcase> <!-- @AfterClass closedrivers -->
  <testcase name="@BeforeClass setup" time="0.0" classname="com.bms.M2.Patient.TestPatientHeader">
    <skipped/>
  </testcase> <!-- @BeforeClass setup -->
  <testcase name="@BeforeMethod setup" time="0.0" classname="com.bms.M2.Patient.TestPatientHeader">
    <skipped/>
  </testcase> <!-- @BeforeMethod setup -->
  <testcase name="@AfterMethod afterMethod" time="0.0" classname="com.bms.M2.Patient.TestPatientHeader">
    <skipped/>
  </testcase> <!-- @AfterMethod afterMethod -->
  <testcase name="@BeforeMethod setup" time="0.0" classname="com.bms.M2.Patient.TestPatientHeader">
    <skipped/>
  </testcase> <!-- @BeforeMethod setup -->
  <testcase name="@AfterMethod afterMethod" time="0.0" classname="com.bms.M2.Patient.TestPatientHeader">
    <skipped/>
  </testcase> <!-- @AfterMethod afterMethod -->
  <testcase name="@BeforeMethod setup" time="0.0" classname="com.bms.M2.Patient.TestPatientHeader">
    <skipped/>
  </testcase> <!-- @BeforeMethod setup -->
  <testcase name="@AfterMethod afterMethod" time="0.0" classname="com.bms.M2.Patient.TestPatientHeader">
    <skipped/>
  </testcase> <!-- @AfterMethod afterMethod -->
  <testcase name="@BeforeMethod setup" time="0.0" classname="com.bms.M2.Patient.TestPatientHeader">
    <skipped/>
  </testcase> <!-- @BeforeMethod setup -->
  <testcase name="@AfterMethod afterMethod" time="0.0" classname="com.bms.M2.Patient.TestPatientHeader">
    <skipped/>
  </testcase> <!-- @AfterMethod afterMethod -->
  <testcase name="@AfterClass closedrivers" time="0.0" classname="com.bms.M2.Patient.TestPatientHeader">
    <skipped/>
  </testcase> <!-- @AfterClass closedrivers -->
  <testcase name="@BeforeClass setup" time="0.0" classname="com.bms.M3.Cases.TestCaseEdit">
    <skipped/>
  </testcase> <!-- @BeforeClass setup -->
  <testcase name="@BeforeMethod setup" time="0.0" classname="com.bms.M3.Cases.TestCaseEdit">
    <skipped/>
  </testcase> <!-- @BeforeMethod setup -->
  <testcase name="@AfterMethod afterMethod" time="0.0" classname="com.bms.M3.Cases.TestCaseEdit">
    <skipped/>
  </testcase> <!-- @AfterMethod afterMethod -->
  <testcase name="@BeforeMethod setup" time="0.0" classname="com.bms.M3.Cases.TestCaseEdit">
    <skipped/>
  </testcase> <!-- @BeforeMethod setup -->
  <testcase name="@AfterMethod afterMethod" time="0.0" classname="com.bms.M3.Cases.TestCaseEdit">
    <skipped/>
  </testcase> <!-- @AfterMethod afterMethod -->
  <testcase name="@BeforeMethod setup" time="0.0" classname="com.bms.M3.Cases.TestCaseEdit">
    <skipped/>
  </testcase> <!-- @BeforeMethod setup -->
  <testcase name="@AfterMethod afterMethod" time="0.0" classname="com.bms.M3.Cases.TestCaseEdit">
    <skipped/>
  </testcase> <!-- @AfterMethod afterMethod -->
  <testcase name="@AfterClass closedrivers" time="0.0" classname="com.bms.M3.Cases.TestCaseEdit">
    <skipped/>
  </testcase> <!-- @AfterClass closedrivers -->
  <testcase name="@BeforeClass setup" time="0.0" classname="com.bms.M3.Cases.TestCaseForInjuryType">
    <skipped/>
  </testcase> <!-- @BeforeClass setup -->
  <testcase name="@BeforeMethod setup" time="0.0" classname="com.bms.M3.Cases.TestCaseForInjuryType">
    <skipped/>
  </testcase> <!-- @BeforeMethod setup -->
  <testcase name="@AfterMethod afterMethod" time="0.0" classname="com.bms.M3.Cases.TestCaseForInjuryType">
    <skipped/>
  </testcase> <!-- @AfterMethod afterMethod -->
  <testcase name="@AfterClass closedrivers" time="0.0" classname="com.bms.M3.Cases.TestCaseForInjuryType">
    <skipped/>
  </testcase> <!-- @AfterClass closedrivers -->
  <testcase name="@BeforeClass setup" time="0.0" classname="com.bms.M3.Cases.TestRemovingRequiredFeildsInCase">
    <skipped/>
  </testcase> <!-- @BeforeClass setup -->
  <testcase name="@BeforeMethod setup" time="0.0" classname="com.bms.M3.Cases.TestRemovingRequiredFeildsInCase">
    <skipped/>
  </testcase> <!-- @BeforeMethod setup -->
  <testcase name="@AfterMethod afterMethod" time="0.0" classname="com.bms.M3.Cases.TestRemovingRequiredFeildsInCase">
    <skipped/>
  </testcase> <!-- @AfterMethod afterMethod -->
  <testcase name="@AfterClass closedrivers" time="0.0" classname="com.bms.M3.Cases.TestRemovingRequiredFeildsInCase">
    <skipped/>
  </testcase> <!-- @AfterClass closedrivers -->
  <testcase name="@BeforeClass setup" time="0.0" classname="com.bms.M3.Cases.TestCaseWithCompleteInfo">
    <skipped/>
  </testcase> <!-- @BeforeClass setup -->
  <testcase name="@BeforeMethod setup" time="0.0" classname="com.bms.M3.Cases.TestCaseWithCompleteInfo">
    <skipped/>
  </testcase> <!-- @BeforeMethod setup -->
  <testcase name="@AfterMethod afterMethod" time="0.0" classname="com.bms.M3.Cases.TestCaseWithCompleteInfo">
    <skipped/>
  </testcase> <!-- @AfterMethod afterMethod -->
  <testcase name="@BeforeMethod setup" time="0.0" classname="com.bms.M3.Cases.TestCaseWithCompleteInfo">
    <skipped/>
  </testcase> <!-- @BeforeMethod setup -->
  <testcase name="@AfterMethod afterMethod" time="0.0" classname="com.bms.M3.Cases.TestCaseWithCompleteInfo">
    <skipped/>
  </testcase> <!-- @AfterMethod afterMethod -->
  <testcase name="@BeforeMethod setup" time="0.0" classname="com.bms.M3.Cases.TestCaseWithCompleteInfo">
    <skipped/>
  </testcase> <!-- @BeforeMethod setup -->
  <testcase name="@AfterMethod afterMethod" time="0.0" classname="com.bms.M3.Cases.TestCaseWithCompleteInfo">
    <skipped/>
  </testcase> <!-- @AfterMethod afterMethod -->
  <testcase name="@BeforeMethod setup" time="0.0" classname="com.bms.M3.Cases.TestCaseWithCompleteInfo">
    <skipped/>
  </testcase> <!-- @BeforeMethod setup -->
  <testcase name="@AfterMethod afterMethod" time="0.0" classname="com.bms.M3.Cases.TestCaseWithCompleteInfo">
    <skipped/>
  </testcase> <!-- @AfterMethod afterMethod -->
  <testcase name="@AfterClass closedrivers" time="0.0" classname="com.bms.M3.Cases.TestCaseWithCompleteInfo">
    <skipped/>
  </testcase> <!-- @AfterClass closedrivers -->
  <testcase name="@BeforeClass setup" time="0.0" classname="com.bms.M3.Cases.TestCloneCase">
    <skipped/>
  </testcase> <!-- @BeforeClass setup -->
  <testcase name="@BeforeMethod setup" time="0.0" classname="com.bms.M3.Cases.TestCloneCase">
    <skipped/>
  </testcase> <!-- @BeforeMethod setup -->
  <testcase name="@AfterMethod afterMethod" time="0.0" classname="com.bms.M3.Cases.TestCloneCase">
    <skipped/>
  </testcase> <!-- @AfterMethod afterMethod -->
  <testcase name="@BeforeMethod setup" time="0.0" classname="com.bms.M3.Cases.TestCloneCase">
    <skipped/>
  </testcase> <!-- @BeforeMethod setup -->
  <testcase name="@AfterMethod afterMethod" time="0.0" classname="com.bms.M3.Cases.TestCloneCase">
    <skipped/>
  </testcase> <!-- @AfterMethod afterMethod -->
  <testcase name="@BeforeMethod setup" time="0.0" classname="com.bms.M3.Cases.TestCloneCase">
    <skipped/>
  </testcase> <!-- @BeforeMethod setup -->
  <testcase name="@AfterMethod afterMethod" time="0.0" classname="com.bms.M3.Cases.TestCloneCase">
    <skipped/>
  </testcase> <!-- @AfterMethod afterMethod -->
  <testcase name="@AfterClass closedrivers" time="0.0" classname="com.bms.M3.Cases.TestCloneCase">
    <skipped/>
  </testcase> <!-- @AfterClass closedrivers -->
  <testcase name="@BeforeClass setup" time="0.0" classname="com.bms.M3.Cases.TestFoto">
    <skipped/>
  </testcase> <!-- @BeforeClass setup -->
  <testcase name="@BeforeMethod setup" time="0.0" classname="com.bms.M3.Cases.TestFoto">
    <skipped/>
  </testcase> <!-- @BeforeMethod setup -->
  <testcase name="@AfterMethod afterMethod" time="0.0" classname="com.bms.M3.Cases.TestFoto">
    <skipped/>
  </testcase> <!-- @AfterMethod afterMethod -->
  <testcase name="@AfterClass closedrivers" time="0.0" classname="com.bms.M3.Cases.TestFoto">
    <skipped/>
  </testcase> <!-- @AfterClass closedrivers -->
  <testcase name="@BeforeClass setup" time="0.0" classname="com.bms.M4.Insurances.TestAddCompleteInsurance">
    <skipped/>
  </testcase> <!-- @BeforeClass setup -->
  <testcase name="@BeforeMethod setup" time="0.0" classname="com.bms.M4.Insurances.TestAddCompleteInsurance">
    <skipped/>
  </testcase> <!-- @BeforeMethod setup -->
  <testcase name="@AfterMethod afterMethod" time="0.0" classname="com.bms.M4.Insurances.TestAddCompleteInsurance">
    <skipped/>
  </testcase> <!-- @AfterMethod afterMethod -->
  <testcase name="@BeforeMethod setup" time="0.0" classname="com.bms.M4.Insurances.TestAddCompleteInsurance">
    <skipped/>
  </testcase> <!-- @BeforeMethod setup -->
  <testcase name="@AfterMethod afterMethod" time="0.0" classname="com.bms.M4.Insurances.TestAddCompleteInsurance">
    <skipped/>
  </testcase> <!-- @AfterMethod afterMethod -->
  <testcase name="@BeforeMethod setup" time="0.0" classname="com.bms.M4.Insurances.TestAddCompleteInsurance">
    <skipped/>
  </testcase> <!-- @BeforeMethod setup -->
  <testcase name="@AfterMethod afterMethod" time="0.0" classname="com.bms.M4.Insurances.TestAddCompleteInsurance">
    <skipped/>
  </testcase> <!-- @AfterMethod afterMethod -->
  <testcase name="@AfterClass closedrivers" time="0.0" classname="com.bms.M4.Insurances.TestAddCompleteInsurance">
    <skipped/>
  </testcase> <!-- @AfterClass closedrivers -->
  <testcase name="@BeforeClass setup" time="0.0" classname="com.bms.M4.Insurances.TestAddPatientWithPrimaryinsurence">
    <skipped/>
  </testcase> <!-- @BeforeClass setup -->
  <testcase name="@BeforeMethod setup" time="0.0" classname="com.bms.M4.Insurances.TestAddPatientWithPrimaryinsurence">
    <skipped/>
  </testcase> <!-- @BeforeMethod setup -->
  <testcase name="@AfterMethod afterMethod" time="0.0" classname="com.bms.M4.Insurances.TestAddPatientWithPrimaryinsurence">
    <skipped/>
  </testcase> <!-- @AfterMethod afterMethod -->
  <testcase name="@AfterClass closedrivers" time="0.0" classname="com.bms.M4.Insurances.TestAddPatientWithPrimaryinsurence">
    <skipped/>
  </testcase> <!-- @AfterClass closedrivers -->
  <testcase name="@BeforeClass setup" time="0.0" classname="com.bms.M4.Insurances.TestCaseInsurances">
    <skipped/>
  </testcase> <!-- @BeforeClass setup -->
  <testcase name="@BeforeMethod setup" time="0.0" classname="com.bms.M4.Insurances.TestCaseInsurances">
    <skipped/>
  </testcase> <!-- @BeforeMethod setup -->
  <testcase name="@AfterMethod afterMethod" time="0.0" classname="com.bms.M4.Insurances.TestCaseInsurances">
    <skipped/>
  </testcase> <!-- @AfterMethod afterMethod -->
  <testcase name="@BeforeMethod setup" time="0.0" classname="com.bms.M4.Insurances.TestCaseInsurances">
    <skipped/>
  </testcase> <!-- @BeforeMethod setup -->
  <testcase name="@AfterMethod afterMethod" time="0.0" classname="com.bms.M4.Insurances.TestCaseInsurances">
    <skipped/>
  </testcase> <!-- @AfterMethod afterMethod -->
  <testcase name="@BeforeMethod setup" time="0.0" classname="com.bms.M4.Insurances.TestCaseInsurances">
    <skipped/>
  </testcase> <!-- @BeforeMethod setup -->
  <testcase name="@AfterMethod afterMethod" time="0.0" classname="com.bms.M4.Insurances.TestCaseInsurances">
    <skipped/>
  </testcase> <!-- @AfterMethod afterMethod -->
  <testcase name="@BeforeMethod setup" time="0.0" classname="com.bms.M4.Insurances.TestCaseInsurances">
    <skipped/>
  </testcase> <!-- @BeforeMethod setup -->
  <testcase name="@AfterMethod afterMethod" time="0.0" classname="com.bms.M4.Insurances.TestCaseInsurances">
    <skipped/>
  </testcase> <!-- @AfterMethod afterMethod -->
  <testcase name="@BeforeMethod setup" time="0.0" classname="com.bms.M4.Insurances.TestCaseInsurances">
    <skipped/>
  </testcase> <!-- @BeforeMethod setup -->
  <testcase name="@AfterMethod afterMethod" time="0.0" classname="com.bms.M4.Insurances.TestCaseInsurances">
    <skipped/>
  </testcase> <!-- @AfterMethod afterMethod -->
  <testcase name="@AfterClass closedrivers" time="0.0" classname="com.bms.M4.Insurances.TestCaseInsurances">
    <skipped/>
  </testcase> <!-- @AfterClass closedrivers -->
  <testcase name="@BeforeClass setup" time="0.0" classname="com.bms.M4.Insurances.TestRemoveInsurance">
    <skipped/>
  </testcase> <!-- @BeforeClass setup -->
  <testcase name="@BeforeMethod setup" time="0.0" classname="com.bms.M4.Insurances.TestRemoveInsurance">
    <skipped/>
  </testcase> <!-- @BeforeMethod setup -->
  <testcase name="@AfterMethod afterMethod" time="0.0" classname="com.bms.M4.Insurances.TestRemoveInsurance">
    <skipped/>
  </testcase> <!-- @AfterMethod afterMethod -->
  <testcase name="@BeforeMethod setup" time="0.0" classname="com.bms.M4.Insurances.TestRemoveInsurance">
    <skipped/>
  </testcase> <!-- @BeforeMethod setup -->
  <testcase name="@AfterMethod afterMethod" time="0.0" classname="com.bms.M4.Insurances.TestRemoveInsurance">
    <skipped/>
  </testcase> <!-- @AfterMethod afterMethod -->
  <testcase name="@BeforeMethod setup" time="0.0" classname="com.bms.M4.Insurances.TestRemoveInsurance">
    <skipped/>
  </testcase> <!-- @BeforeMethod setup -->
  <testcase name="@AfterMethod afterMethod" time="0.0" classname="com.bms.M4.Insurances.TestRemoveInsurance">
    <skipped/>
  </testcase> <!-- @AfterMethod afterMethod -->
  <testcase name="@AfterClass closedrivers" time="0.0" classname="com.bms.M4.Insurances.TestRemoveInsurance">
    <skipped/>
  </testcase> <!-- @AfterClass closedrivers -->
  <testcase name="@BeforeClass setup" time="0.0" classname="com.bms.M4.Insurances.TestMSPtypeForMedicareInsurance">
    <skipped/>
  </testcase> <!-- @BeforeClass setup -->
  <testcase name="@BeforeMethod setup" time="0.0" classname="com.bms.M4.Insurances.TestMSPtypeForMedicareInsurance">
    <skipped/>
  </testcase> <!-- @BeforeMethod setup -->
  <testcase name="@AfterMethod afterMethod" time="0.0" classname="com.bms.M4.Insurances.TestMSPtypeForMedicareInsurance">
    <skipped/>
  </testcase> <!-- @AfterMethod afterMethod -->
  <testcase name="@BeforeMethod setup" time="0.0" classname="com.bms.M4.Insurances.TestMSPtypeForMedicareInsurance">
    <skipped/>
  </testcase> <!-- @BeforeMethod setup -->
  <testcase name="@AfterMethod afterMethod" time="0.0" classname="com.bms.M4.Insurances.TestMSPtypeForMedicareInsurance">
    <skipped/>
  </testcase> <!-- @AfterMethod afterMethod -->
  <testcase name="@AfterClass closedrivers" time="0.0" classname="com.bms.M4.Insurances.TestMSPtypeForMedicareInsurance">
    <skipped/>
  </testcase> <!-- @AfterClass closedrivers -->
  <testcase name="@BeforeClass setup" time="0.0" classname="com.bms.M5.Notes.TestCreateNote">
    <skipped/>
  </testcase> <!-- @BeforeClass setup -->
  <testcase name="@BeforeMethod setup" time="0.0" classname="com.bms.M5.Notes.TestCreateNote">
    <skipped/>
  </testcase> <!-- @BeforeMethod setup -->
  <testcase name="@AfterMethod afterMethod" time="0.0" classname="com.bms.M5.Notes.TestCreateNote">
    <skipped/>
  </testcase> <!-- @AfterMethod afterMethod -->
  <testcase name="@BeforeMethod setup" time="0.0" classname="com.bms.M5.Notes.TestCreateNote">
    <skipped/>
  </testcase> <!-- @BeforeMethod setup -->
  <testcase name="@AfterMethod afterMethod" time="0.0" classname="com.bms.M5.Notes.TestCreateNote">
    <skipped/>
  </testcase> <!-- @AfterMethod afterMethod -->
  <testcase name="@BeforeMethod setup" time="0.0" classname="com.bms.M5.Notes.TestCreateNote">
    <skipped/>
  </testcase> <!-- @BeforeMethod setup -->
  <testcase name="@AfterMethod afterMethod" time="0.0" classname="com.bms.M5.Notes.TestCreateNote">
    <skipped/>
  </testcase> <!-- @AfterMethod afterMethod -->
  <testcase name="@AfterClass closedrivers" time="0.0" classname="com.bms.M5.Notes.TestCreateNote">
    <skipped/>
  </testcase> <!-- @AfterClass closedrivers -->
  <testcase name="@BeforeClass setup" time="0.0" classname="com.bms.M5.Notes.TestCreateNoteNoProvider">
    <skipped/>
  </testcase> <!-- @BeforeClass setup -->
  <testcase name="@BeforeMethod setup" time="0.0" classname="com.bms.M5.Notes.TestCreateNoteNoProvider">
    <skipped/>
  </testcase> <!-- @BeforeMethod setup -->
  <testcase name="@AfterMethod afterMethod" time="0.0" classname="com.bms.M5.Notes.TestCreateNoteNoProvider">
    <skipped/>
  </testcase> <!-- @AfterMethod afterMethod -->
  <testcase name="@BeforeMethod setup" time="0.0" classname="com.bms.M5.Notes.TestCreateNoteNoProvider">
    <skipped/>
  </testcase> <!-- @BeforeMethod setup -->
  <testcase name="@AfterMethod afterMethod" time="0.0" classname="com.bms.M5.Notes.TestCreateNoteNoProvider">
    <skipped/>
  </testcase> <!-- @AfterMethod afterMethod -->
  <testcase name="@BeforeMethod setup" time="0.0" classname="com.bms.M5.Notes.TestCreateNoteNoProvider">
    <skipped/>
  </testcase> <!-- @BeforeMethod setup -->
  <testcase name="@AfterMethod afterMethod" time="0.0" classname="com.bms.M5.Notes.TestCreateNoteNoProvider">
    <skipped/>
  </testcase> <!-- @AfterMethod afterMethod -->
  <testcase name="@AfterClass closedrivers" time="0.0" classname="com.bms.M5.Notes.TestCreateNoteNoProvider">
    <skipped/>
  </testcase> <!-- @AfterClass closedrivers -->
  <testcase name="ValidateNoteMandtoryfields" time="150.205" classname="com.bms.M5.Notes.TestCreateNoteWarningMessage">
    <skipped/>
  </testcase> <!-- ValidateNoteMandtoryfields -->
  <testcase name="ValidateNoteMandtoryfields" time="46.211" classname="com.bms.M5.Notes.TestCreateNoteWarningMessage"/>
  <testcase name="Note_Unlock" time="10944.676" classname="com.bms.M5.Notes.TestCreateNoteWarningMessage">
    <skipped/>
  </testcase> <!-- Note_Unlock -->
  <testcase name="Note_Unlock" time="10898.401" classname="com.bms.M5.Notes.TestCreateNoteWarningMessage">
    <failure type="java.lang.AssertionError" message="Unable to get lock window pop for Craete noteorg.openqa.selenium.remote.UnreachableBrowserException: Error communicating with the remote browser. It may have died.
Build info: version: &amp;apos;2.53.1&amp;apos;, revision: &amp;apos;a36b8b1cd5757287168e54b817830adce9b0158d&amp;apos;, time: &amp;apos;2016-06-30 19:26:09&amp;apos;
System info: host: &amp;apos;C40GF55BMS&amp;apos;, ip: &amp;apos;10.131.168.50&amp;apos;, os.name: &amp;apos;Windows 7&amp;apos;, os.arch: &amp;apos;amd64&amp;apos;, os.version: &amp;apos;6.1&amp;apos;, java.version: &amp;apos;1.8.0_91&amp;apos;
Driver info: driver.version: RemoteWebDriver
Capabilities [{applicationCacheEnabled=true, rotatable=false, handlesAlerts=true, databaseEnabled=true, version=46.0, platform=WINDOWS, nativeEvents=false, acceptSslCerts=true, webStorageEnabled=true, locationContextEnabled=true, browserName=firefox, takesScreenshot=true, javascriptEnabled=true, cssSelectorsEnabled=true}]
Session ID: 34a3bc8b-18ed-495b-8d01-cb27bd2522c2
	at org.openqa.selenium.remote.RemoteWebDriver.execute(RemoteWebDriver.java:665)
	at org.openqa.selenium.remote.RemoteWebDriver.findElement(RemoteWebDriver.java:363)
	at org.openqa.selenium.remote.RemoteWebDriver.findElementByName(RemoteWebDriver.java:461)
	at org.openqa.selenium.By$ByName.findElement(By.java:303)
	at org.openqa.selenium.remote.RemoteWebDriver.findElement(RemoteWebDriver.java:355)
	at org.openqa.selenium.support.ui.ExpectedConditions.findElement(ExpectedConditions.java:899)
	at org.openqa.selenium.support.ui.ExpectedConditions.access$000(ExpectedConditions.java:41)
	at org.openqa.selenium.support.ui.ExpectedConditions$6.apply(ExpectedConditions.java:181)
	at org.openqa.selenium.support.ui.ExpectedConditions$6.apply(ExpectedConditions.java:178)
	at org.openqa.selenium.support.ui.ExpectedConditions$25.apply(ExpectedConditions.java:751)
	at org.openqa.selenium.support.ui.ExpectedConditions$25.apply(ExpectedConditions.java:747)
	at org.openqa.selenium.support.ui.FluentWait.until(FluentWait.java:238)
	at Utils.Commons.waitforElement(Commons.java:185)
	at UIMap.LoginPage.username(LoginPage.java:27)
	at com.bms.M5.Notes.TestCreateNoteWarningMessage.Note_Unlock(TestCreateNoteWarningMessage.java:138)
	at sun.reflect.NativeMethodAccessorImpl.invoke0(Native Method)
	at sun.reflect.NativeMethodAccessorImpl.invoke(NativeMethodAccessorImpl.java:62)
	at sun.reflect.DelegatingMethodAccessorImpl.invoke(DelegatingMethodAccessorImpl.java:43)
	at java.lang.reflect.Method.invoke(Method.java:498)
	at org.testng.internal.MethodInvocationHelper.invokeMethod(MethodInvocationHelper.java:86)
	at org.testng.internal.Invoker.invokeMethod(Invoker.java:643)
	at org.testng.internal.Invoker.retryFailed(Invoker.java:967)
	at org.testng.internal.Invoker.invokeTestMethods(Invoker.java:1146)
	at org.testng.internal.TestMethodWorker.invokeTestMethods(TestMethodWorker.java:129)
	at org.testng.internal.TestMethodWorker.run(TestMethodWorker.java:112)
	at org.testng.TestRunner.privateRun(TestRunner.java:782)
	at org.testng.TestRunner.run(TestRunner.java:632)
	at org.testng.SuiteRunner.runTest(SuiteRunner.java:366)
	at org.testng.SuiteRunner.runSequentially(SuiteRunner.java:361)
	at org.testng.SuiteRunner.privateRun(SuiteRunner.java:319)
	at org.testng.SuiteRunner.run(SuiteRunner.java:268)
	at org.testng.SuiteRunnerWorker.runSuite(SuiteRunnerWorker.java:52)
	at org.testng.SuiteRunnerWorker.run(SuiteRunnerWorker.java:86)
	at org.testng.TestNG.runSuitesSequentially(TestNG.java:1244)
	at org.testng.TestNG.runSuitesLocally(TestNG.java:1169)
	at org.testng.TestNG.run(TestNG.java:1064)
	at org.apache.maven.surefire.testng.TestNGExecutor.run(TestNGExecutor.java:178)
	at org.apache.maven.surefire.testng.TestNGXmlTestSuite.execute(TestNGXmlTestSuite.java:92)
	at org.apache.maven.surefire.testng.TestNGProvider.invoke(TestNGProvider.java:96)
	at sun.reflect.NativeMethodAccessorImpl.invoke0(Native Method)
	at sun.reflect.NativeMethodAccessorImpl.invoke(NativeMethodAccessorImpl.java:62)
	at sun.reflect.DelegatingMethodAccessorImpl.invoke(DelegatingMethodAccessorImpl.java:43)
	at java.lang.reflect.Method.invoke(Method.java:498)
	at org.apache.maven.surefire.util.ReflectionUtils.invokeMethodWithArray2(ReflectionUtils.java:208)
	at org.apache.maven.surefire.booter.ProviderFactory$ProviderProxy.invoke(ProviderFactory.java:159)
	at org.apache.maven.surefire.booter.ProviderFactory.invokeProvider(ProviderFactory.java:87)
	at org.apache.maven.surefire.booter.ForkedBooter.runSuitesInProcess(ForkedBooter.java:153)
	at org.apache.maven.surefire.booter.ForkedBooter.main(ForkedBooter.java:95)
Caused by: java.net.SocketTimeoutException: Read timed out
	at java.net.SocketInputStream.socketRead0(Native Method)
	at java.net.SocketInputStream.socketRead(SocketInputStream.java:116)
	at java.net.SocketInputStream.read(SocketInputStream.java:170)
	at java.net.SocketInputStream.read(SocketInputStream.java:141)
	at org.apache.http.impl.io.SessionInputBufferImpl.streamRead(SessionInputBufferImpl.java:139)
	at org.apache.http.impl.io.SessionInputBufferImpl.fillBuffer(SessionInputBufferImpl.java:155)
	at org.apache.http.impl.io.SessionInputBufferImpl.readLine(SessionInputBufferImpl.java:284)
	at org.apache.http.impl.conn.DefaultHttpResponseParser.parseHead(DefaultHttpResponseParser.java:140)
	at org.apache.http.impl.conn.DefaultHttpResponseParser.parseHead(DefaultHttpResponseParser.java:57)
	at org.apache.http.impl.io.AbstractMessageParser.parse(AbstractMessageParser.java:261)
	at org.apache.http.impl.DefaultBHttpClientConnection.receiveResponseHeader(DefaultBHttpClientConnection.java:165)
	at org.apache.http.impl.conn.CPoolProxy.receiveResponseHeader(CPoolProxy.java:167)
	at org.apache.http.protocol.HttpRequestExecutor.doReceiveResponse(HttpRequestExecutor.java:272)
	at org.apache.http.protocol.HttpRequestExecutor.execute(HttpRequestExecutor.java:124)
	at org.apache.http.impl.execchain.MainClientExec.execute(MainClientExec.java:271)
	at org.apache.http.impl.execchain.ProtocolExec.execute(ProtocolExec.java:184)
	at org.apache.http.impl.execchain.RetryExec.execute(RetryExec.java:88)
	at org.apache.http.impl.execchain.RedirectExec.execute(RedirectExec.java:110)
	at org.apache.http.impl.client.InternalHttpClient.doExecute(InternalHttpClient.java:184)
	at org.apache.http.impl.client.CloseableHttpClient.execute(CloseableHttpClient.java:71)
	at org.apache.http.impl.client.CloseableHttpClient.execute(CloseableHttpClient.java:55)
	at org.openqa.selenium.remote.internal.ApacheHttpClient.fallBackExecute(ApacheHttpClient.java:144)
	at org.openqa.selenium.remote.internal.ApacheHttpClient.execute(ApacheHttpClient.java:90)
	at org.openqa.selenium.remote.HttpCommandExecutor.execute(HttpCommandExecutor.java:142)
	at org.openqa.selenium.firefox.internal.NewProfileExtensionConnection.execute(NewProfileExtensionConnection.java:160)
	at org.openqa.selenium.firefox.FirefoxDriver$LazyCommandExecutor.execute(FirefoxDriver.java:380)
	at org.openqa.selenium.remote.RemoteWebDriver.execute(RemoteWebDriver.java:644)
	... 47 more
 expected [false] but found [true]">
      <![CDATA[java.lang.AssertionError: Unable to get lock window pop for Craete noteorg.openqa.selenium.remote.UnreachableBrowserException: Error communicating with the remote browser. It may have died.
Build info: version: '2.53.1', revision: 'a36b8b1cd5757287168e54b817830adce9b0158d', time: '2016-06-30 19:26:09'
System info: host: 'C40GF55BMS', ip: '10.131.168.50', os.name: 'Windows 7', os.arch: 'amd64', os.version: '6.1', java.version: '1.8.0_91'
Driver info: driver.version: RemoteWebDriver
Capabilities [{applicationCacheEnabled=true, rotatable=false, handlesAlerts=true, databaseEnabled=true, version=46.0, platform=WINDOWS, nativeEvents=false, acceptSslCerts=true, webStorageEnabled=true, locationContextEnabled=true, browserName=firefox, takesScreenshot=true, javascriptEnabled=true, cssSelectorsEnabled=true}]
Session ID: 34a3bc8b-18ed-495b-8d01-cb27bd2522c2
	at org.openqa.selenium.remote.RemoteWebDriver.execute(RemoteWebDriver.java:665)
	at org.openqa.selenium.remote.RemoteWebDriver.findElement(RemoteWebDriver.java:363)
	at org.openqa.selenium.remote.RemoteWebDriver.findElementByName(RemoteWebDriver.java:461)
	at org.openqa.selenium.By$ByName.findElement(By.java:303)
	at org.openqa.selenium.remote.RemoteWebDriver.findElement(RemoteWebDriver.java:355)
	at org.openqa.selenium.support.ui.ExpectedConditions.findElement(ExpectedConditions.java:899)
	at org.openqa.selenium.support.ui.ExpectedConditions.access$000(ExpectedConditions.java:41)
	at org.openqa.selenium.support.ui.ExpectedConditions$6.apply(ExpectedConditions.java:181)
	at org.openqa.selenium.support.ui.ExpectedConditions$6.apply(ExpectedConditions.java:178)
	at org.openqa.selenium.support.ui.ExpectedConditions$25.apply(ExpectedConditions.java:751)
	at org.openqa.selenium.support.ui.ExpectedConditions$25.apply(ExpectedConditions.java:747)
	at org.openqa.selenium.support.ui.FluentWait.until(FluentWait.java:238)
	at Utils.Commons.waitforElement(Commons.java:185)
	at UIMap.LoginPage.username(LoginPage.java:27)
	at com.bms.M5.Notes.TestCreateNoteWarningMessage.Note_Unlock(TestCreateNoteWarningMessage.java:138)
Caused by: java.net.SocketTimeoutException: Read timed out
	at java.net.SocketInputStream.socketRead0(Native Method)
	at java.net.SocketInputStream.socketRead(SocketInputStream.java:116)
	at java.net.SocketInputStream.read(SocketInputStream.java:170)
	at java.net.SocketInputStream.read(SocketInputStream.java:141)
	at org.apache.http.impl.io.SessionInputBufferImpl.streamRead(SessionInputBufferImpl.java:139)
	at org.apache.http.impl.io.SessionInputBufferImpl.fillBuffer(SessionInputBufferImpl.java:155)
	at org.apache.http.impl.io.SessionInputBufferImpl.readLine(SessionInputBufferImpl.java:284)
	at org.apache.http.impl.conn.DefaultHttpResponseParser.parseHead(DefaultHttpResponseParser.java:140)
	at org.apache.http.impl.conn.DefaultHttpResponseParser.parseHead(DefaultHttpResponseParser.java:57)
	at org.apache.http.impl.io.AbstractMessageParser.parse(AbstractMessageParser.java:261)
	at org.apache.http.impl.DefaultBHttpClientConnection.receiveResponseHeader(DefaultBHttpClientConnection.java:165)
	at org.apache.http.impl.conn.CPoolProxy.receiveResponseHeader(CPoolProxy.java:167)
	at org.apache.http.protocol.HttpRequestExecutor.doReceiveResponse(HttpRequestExecutor.java:272)
	at org.apache.http.protocol.HttpRequestExecutor.execute(HttpRequestExecutor.java:124)
	at org.apache.http.impl.execchain.MainClientExec.execute(MainClientExec.java:271)
	at org.apache.http.impl.execchain.ProtocolExec.execute(ProtocolExec.java:184)
	at org.apache.http.impl.execchain.RetryExec.execute(RetryExec.java:88)
	at org.apache.http.impl.execchain.RedirectExec.execute(RedirectExec.java:110)
	at org.apache.http.impl.client.InternalHttpClient.doExecute(InternalHttpClient.java:184)
	at org.apache.http.impl.client.CloseableHttpClient.execute(CloseableHttpClient.java:71)
	at org.apache.http.impl.client.CloseableHttpClient.execute(CloseableHttpClient.java:55)
	at org.openqa.selenium.remote.internal.ApacheHttpClient.fallBackExecute(ApacheHttpClient.java:144)
	at org.openqa.selenium.remote.internal.ApacheHttpClient.execute(ApacheHttpClient.java:90)
	at org.openqa.selenium.remote.HttpCommandExecutor.execute(HttpCommandExecutor.java:142)
	at org.openqa.selenium.firefox.internal.NewProfileExtensionConnection.execute(NewProfileExtensionConnection.java:160)
	at org.openqa.selenium.firefox.FirefoxDriver$LazyCommandExecutor.execute(FirefoxDriver.java:380)
	at org.openqa.selenium.remote.RemoteWebDriver.execute(RemoteWebDriver.java:644)
	... 47 more
 expected [false] but found [true]
	at com.bms.M5.Notes.TestCreateNoteWarningMessage.Note_Unlock(TestCreateNoteWarningMessage.java:204)
... Removed 69 stack frames]]>
    </failure>
  </testcase> <!-- Note_Unlock -->
  <testcase name="ValidateNoCustomTemplate" time="614.15" classname="com.bms.M5.Notes.TestTemplateEMR"/>
  <testcase name="ValidateCustomTemplate" time="70.955" classname="com.bms.M5.Notes.TestTemplateEMR"/>
  <testcase name="ValidatePublicTemplate" time="32.204" classname="com.bms.M5.Notes.TestTemplateEMR"/>
  <testcase name="testQuickSchedule" time="108.045" classname="com.bms.M6.Scheduler.TestScheduleAppointment"/>
  <testcase name="testAddpatientMandatoryfieldsScheduler" time="19.078" classname="com.bms.M6.Scheduler.TestScheduleAppointment"/>
  <testcase name="testValidateCaseName" time="50.683" classname="com.bms.M6.Scheduler.TestScheduleAppointment"/>
  <testcase name="testValidateNewCaseAppointment" time="38.526" classname="com.bms.M6.Scheduler.TestScheduleAppointment"/>
  <testcase name="TestAppointmentByLocation" time="52.806" classname="com.bms.M6.Scheduler.TestScheduleAppointmentByView"/>
  <testcase name="TestAppointmentByProvider" time="44.093" classname="com.bms.M6.Scheduler.TestScheduleAppointmentByView"/>
  <testcase name="TestAppointmentByCompany" time="47.198" classname="com.bms.M6.Scheduler.TestScheduleAppointmentByView"/>
  <testcase name="TestAppointmentByNonProvider" time="43.925" classname="com.bms.M6.Scheduler.TestScheduleAppointmentByView"/>
  <testcase name="TestCreatefutureAppointment" time="45.327" classname="com.bms.M6.Scheduler.TestScheduleFutureAppointment"/>
  <testcase name="TestCreatePastAppointment" time="56.539" classname="com.bms.M6.Scheduler.TestScheduleFutureAppointment"/>
  <testcase name="NoShowAppointment" time="53.044" classname="com.bms.M6.Scheduler.TestScheduleMeeting"/>
  <testcase name="QuickrReScheduleAppointment" time="41.646" classname="com.bms.M6.Scheduler.TestScheduleMeeting"/>
  <testcase name="CancelAppointment" time="45.952" classname="com.bms.M6.Scheduler.TestScheduleMeeting"/>
  <testcase name="ArrivedAppointment" time="50.281" classname="com.bms.M6.Scheduler.TestScheduleMeeting"/>
  <testcase name="QuickScheduleMeeting" time="57.11" classname="com.bms.M6.Scheduler.TestScheduleMeeting"/>
  <testcase name="ScheduleMeetingbyProvider" time="58.593" classname="com.bms.M6.Scheduler.TestScheduleMeetingByView"/>
  <testcase name="ScheduleMeetingByLocation" time="57.588" classname="com.bms.M6.Scheduler.TestScheduleMeetingByView"/>
  <testcase name="testcancelcreatenoteoption" time="90.851" classname="com.bms.M6.Scheduler.TestProvierHomePage"/>
  <testcase name="testNoShowcreatenoteoption" time="91.475" classname="com.bms.M6.Scheduler.TestProvierHomePage"/>
  <testcase name="testProviderHomeNoShowAppointmnet" time="84.067" classname="com.bms.M6.Scheduler.TestProvierHomePage"/>
  <testcase name="testProviderHomecancelAppointmnet" time="93.202" classname="com.bms.M6.Scheduler.TestProvierHomePage"/>
  <testcase name="testProviderHomeRescheduleAppointmnet" time="86.187" classname="com.bms.M6.Scheduler.TestProvierHomePage"/>
  <testcase name="testProviderHomeVoidAppointmnet" time="61.905" classname="com.bms.M6.Scheduler.TestProvierHomePage">
    <skipped/>
  </testcase> <!-- testProviderHomeVoidAppointmnet -->
  <testcase name="testProviderHomeVoidAppointmnet" time="56.997" classname="com.bms.M6.Scheduler.TestProvierHomePage">
    <failure type="java.lang.AssertionError" message="java.lang.AssertionError: org.openqa.selenium.NoSuchElementException: no such element: Unable to locate element: {&amp;quot;method&amp;quot;:&amp;quot;xpath&amp;quot;,&amp;quot;selector&amp;quot;:&amp;quot;//*[@id=&amp;apos;resourceCode_listbox&amp;apos;]//li[contains(.,&amp;apos;Massage&amp;apos;)]&amp;quot;}
  (Session info: chrome=54.0.2840.71)
  (Driver info: chromedriver=2.25.426923 (0390b88869384d6eb0d5d09729679f934aab9eed),platform=Windows NT 6.1.7601 SP1 x86_64) (WARNING: The server did not provide any stacktrace information)
Command duration or timeout: 15 milliseconds
For documentation on this error, please visit: http://seleniumhq.org/exceptions/no_such_element.html
Build info: version: &amp;apos;2.53.1&amp;apos;, revision: &amp;apos;a36b8b1cd5757287168e54b817830adce9b0158d&amp;apos;, time: &amp;apos;2016-06-30 19:26:09&amp;apos;
System info: host: &amp;apos;C40GF55BMS&amp;apos;, ip: &amp;apos;10.131.168.50&amp;apos;, os.name: &amp;apos;Windows 7&amp;apos;, os.arch: &amp;apos;amd64&amp;apos;, os.version: &amp;apos;6.1&amp;apos;, java.version: &amp;apos;1.8.0_91&amp;apos;
Driver info: org.openqa.selenium.chrome.ChromeDriver
Capabilities [{applicationCacheEnabled=false, rotatable=false, mobileEmulationEnabled=false, networkConnectionEnabled=false, chrome={chromedriverVersion=2.25.426923 (0390b88869384d6eb0d5d09729679f934aab9eed), userDataDir=C:\Users\AJAY~1.KUM\AppData\Local\Temp\scoped_dir5464_12388}, takesHeapSnapshot=true, pageLoadStrategy=normal, databaseEnabled=false, handlesAlerts=true, hasTouchScreen=false, version=54.0.2840.71, platform=XP, browserConnectionEnabled=false, nativeEvents=true, acceptSslCerts=true, locationContextEnabled=true, webStorageEnabled=true, browserName=chrome, takesScreenshot=true, javascriptEnabled=true, cssSelectorsEnabled=true}]
Session ID: 532be93099bdd476050de5ba55e3d95a
*** Element info: {Using=xpath, value=//*[@id=&amp;apos;resourceCode_listbox&amp;apos;]//li[contains(.,&amp;apos;Massage&amp;apos;)]}
	at sun.reflect.GeneratedConstructorAccessor10.newInstance(Unknown Source)
	at sun.reflect.DelegatingConstructorAccessorImpl.newInstance(DelegatingConstructorAccessorImpl.java:45)
	at java.lang.reflect.Constructor.newInstance(Constructor.java:423)
	at org.openqa.selenium.remote.ErrorHandler.createThrowable(ErrorHandler.java:206)
	at org.openqa.selenium.remote.ErrorHandler.throwIfResponseFailed(ErrorHandler.java:158)
	at org.openqa.selenium.remote.RemoteWebDriver.execute(RemoteWebDriver.java:678)
	at org.openqa.selenium.remote.RemoteWebDriver.findElement(RemoteWebDriver.java:363)
	at org.openqa.selenium.remote.RemoteWebDriver.findElementByXPath(RemoteWebDriver.java:500)
	at org.openqa.selenium.By$ByXPath.findElement(By.java:361)
	at org.openqa.selenium.remote.RemoteWebDriver.findElement(RemoteWebDriver.java:355)
	at UIMap.SchedulerPage.ResourceField(SchedulerPage.java:438)
	at Utils.AddScheduleUtils.addVoidAppointmnet(AddScheduleUtils.java:1760)
	at com.bms.M6.Scheduler.TestProvierHomePage.testProviderHomeVoidAppointmnet(TestProvierHomePage.java:388)
	at sun.reflect.NativeMethodAccessorImpl.invoke0(Native Method)
	at sun.reflect.NativeMethodAccessorImpl.invoke(NativeMethodAccessorImpl.java:62)
	at sun.reflect.DelegatingMethodAccessorImpl.invoke(DelegatingMethodAccessorImpl.java:43)
	at java.lang.reflect.Method.invoke(Method.java:498)
	at org.testng.internal.MethodInvocationHelper.invokeMethod(MethodInvocationHelper.java:86)
	at org.testng.internal.Invoker.invokeMethod(Invoker.java:643)
	at org.testng.internal.Invoker.retryFailed(Invoker.java:967)
	at org.testng.internal.Invoker.invokeTestMethods(Invoker.java:1146)
	at org.testng.internal.TestMethodWorker.invokeTestMethods(TestMethodWorker.java:129)
	at org.testng.internal.TestMethodWorker.run(TestMethodWorker.java:112)
	at org.testng.TestRunner.privateRun(TestRunner.java:782)
	at org.testng.TestRunner.run(TestRunner.java:632)
	at org.testng.SuiteRunner.runTest(SuiteRunner.java:366)
	at org.testng.SuiteRunner.runSequentially(SuiteRunner.java:361)
	at org.testng.SuiteRunner.privateRun(SuiteRunner.java:319)
	at org.testng.SuiteRunner.run(SuiteRunner.java:268)
	at org.testng.SuiteRunnerWorker.runSuite(SuiteRunnerWorker.java:52)
	at org.testng.SuiteRunnerWorker.run(SuiteRunnerWorker.java:86)
	at org.testng.TestNG.runSuitesSequentially(TestNG.java:1244)
	at org.testng.TestNG.runSuitesLocally(TestNG.java:1169)
	at org.testng.TestNG.run(TestNG.java:1064)
	at org.apache.maven.surefire.testng.TestNGExecutor.run(TestNGExecutor.java:178)
	at org.apache.maven.surefire.testng.TestNGXmlTestSuite.execute(TestNGXmlTestSuite.java:92)
	at org.apache.maven.surefire.testng.TestNGProvider.invoke(TestNGProvider.java:96)
	at sun.reflect.NativeMethodAccessorImpl.invoke0(Native Method)
	at sun.reflect.NativeMethodAccessorImpl.invoke(NativeMethodAccessorImpl.java:62)
	at sun.reflect.DelegatingMethodAccessorImpl.invoke(DelegatingMethodAccessorImpl.java:43)
	at java.lang.reflect.Method.invoke(Method.java:498)
	at org.apache.maven.surefire.util.ReflectionUtils.invokeMethodWithArray2(ReflectionUtils.java:208)
	at org.apache.maven.surefire.booter.ProviderFactory$ProviderProxy.invoke(ProviderFactory.java:159)
	at org.apache.maven.surefire.booter.ProviderFactory.invokeProvider(ProviderFactory.java:87)
	at org.apache.maven.surefire.booter.ForkedBooter.runSuitesInProcess(ForkedBooter.java:153)
	at org.apache.maven.surefire.booter.ForkedBooter.main(ForkedBooter.java:95)
 expected [false] but found [true]
	at org.testng.Assert.fail(Assert.java:94)
	at org.testng.Assert.failNotEquals(Assert.java:513)
	at org.testng.Assert.assertFalse(Assert.java:63)
	at UIMap.SchedulerPage.ResourceField(SchedulerPage.java:442)
	at Utils.AddScheduleUtils.addVoidAppointmnet(AddScheduleUtils.java:1760)
	at com.bms.M6.Scheduler.TestProvierHomePage.testProviderHomeVoidAppointmnet(TestProvierHomePage.java:388)
	at sun.reflect.NativeMethodAccessorImpl.invoke0(Native Method)
	at sun.reflect.NativeMethodAccessorImpl.invoke(NativeMethodAccessorImpl.java:62)
	at sun.reflect.DelegatingMethodAccessorImpl.invoke(DelegatingMethodAccessorImpl.java:43)
	at java.lang.reflect.Method.invoke(Method.java:498)
	at org.testng.internal.MethodInvocationHelper.invokeMethod(MethodInvocationHelper.java:86)
	at org.testng.internal.Invoker.invokeMethod(Invoker.java:643)
	at org.testng.internal.Invoker.retryFailed(Invoker.java:967)
	at org.testng.internal.Invoker.invokeTestMethods(Invoker.java:1146)
	at org.testng.internal.TestMethodWorker.invokeTestMethods(TestMethodWorker.java:129)
	at org.testng.internal.TestMethodWorker.run(TestMethodWorker.java:112)
	at org.testng.TestRunner.privateRun(TestRunner.java:782)
	at org.testng.TestRunner.run(TestRunner.java:632)
	at org.testng.SuiteRunner.runTest(SuiteRunner.java:366)
	at org.testng.SuiteRunner.runSequentially(SuiteRunner.java:361)
	at org.testng.SuiteRunner.privateRun(SuiteRunner.java:319)
	at org.testng.SuiteRunner.run(SuiteRunner.java:268)
	at org.testng.SuiteRunnerWorker.runSuite(SuiteRunnerWorker.java:52)
	at org.testng.SuiteRunnerWorker.run(SuiteRunnerWorker.java:86)
	at org.testng.TestNG.runSuitesSequentially(TestNG.java:1244)
	at org.testng.TestNG.runSuitesLocally(TestNG.java:1169)
	at org.testng.TestNG.run(TestNG.java:1064)
	at org.apache.maven.surefire.testng.TestNGExecutor.run(TestNGExecutor.java:178)
	at org.apache.maven.surefire.testng.TestNGXmlTestSuite.execute(TestNGXmlTestSuite.java:92)
	at org.apache.maven.surefire.testng.TestNGProvider.invoke(TestNGProvider.java:96)
	at sun.reflect.NativeMethodAccessorImpl.invoke0(Native Method)
	at sun.reflect.NativeMethodAccessorImpl.invoke(NativeMethodAccessorImpl.java:62)
	at sun.reflect.DelegatingMethodAccessorImpl.invoke(DelegatingMethodAccessorImpl.java:43)
	at java.lang.reflect.Method.invoke(Method.java:498)
	at org.apache.maven.surefire.util.ReflectionUtils.invokeMethodWithArray2(ReflectionUtils.java:208)
	at org.apache.maven.surefire.booter.ProviderFactory$ProviderProxy.invoke(ProviderFactory.java:159)
	at org.apache.maven.surefire.booter.ProviderFactory.invokeProvider(ProviderFactory.java:87)
	at org.apache.maven.surefire.booter.ForkedBooter.runSuitesInProcess(ForkedBooter.java:153)
	at org.apache.maven.surefire.booter.ForkedBooter.main(ForkedBooter.java:95)
 expected [false] but found [true]">
      <![CDATA[java.lang.AssertionError: java.lang.AssertionError: org.openqa.selenium.NoSuchElementException: no such element: Unable to locate element: {"method":"xpath","selector":"//*[@id='resourceCode_listbox']//li[contains(.,'Massage')]"}
  (Session info: chrome=54.0.2840.71)
  (Driver info: chromedriver=2.25.426923 (0390b88869384d6eb0d5d09729679f934aab9eed),platform=Windows NT 6.1.7601 SP1 x86_64) (WARNING: The server did not provide any stacktrace information)
Command duration or timeout: 15 milliseconds
For documentation on this error, please visit: http://seleniumhq.org/exceptions/no_such_element.html
Build info: version: '2.53.1', revision: 'a36b8b1cd5757287168e54b817830adce9b0158d', time: '2016-06-30 19:26:09'
System info: host: 'C40GF55BMS', ip: '10.131.168.50', os.name: 'Windows 7', os.arch: 'amd64', os.version: '6.1', java.version: '1.8.0_91'
Driver info: org.openqa.selenium.chrome.ChromeDriver
Capabilities [{applicationCacheEnabled=false, rotatable=false, mobileEmulationEnabled=false, networkConnectionEnabled=false, chrome={chromedriverVersion=2.25.426923 (0390b88869384d6eb0d5d09729679f934aab9eed), userDataDir=C:\Users\AJAY~1.KUM\AppData\Local\Temp\scoped_dir5464_12388}, takesHeapSnapshot=true, pageLoadStrategy=normal, databaseEnabled=false, handlesAlerts=true, hasTouchScreen=false, version=54.0.2840.71, platform=XP, browserConnectionEnabled=false, nativeEvents=true, acceptSslCerts=true, locationContextEnabled=true, webStorageEnabled=true, browserName=chrome, takesScreenshot=true, javascriptEnabled=true, cssSelectorsEnabled=true}]
Session ID: 532be93099bdd476050de5ba55e3d95a
*** Element info: {Using=xpath, value=//*[@id='resourceCode_listbox']//li[contains(.,'Massage')]}
	at org.openqa.selenium.remote.ErrorHandler.createThrowable(ErrorHandler.java:206)
	at org.openqa.selenium.remote.ErrorHandler.throwIfResponseFailed(ErrorHandler.java:158)
	at org.openqa.selenium.remote.RemoteWebDriver.execute(RemoteWebDriver.java:678)
	at org.openqa.selenium.remote.RemoteWebDriver.findElement(RemoteWebDriver.java:363)
	at org.openqa.selenium.remote.RemoteWebDriver.findElementByXPath(RemoteWebDriver.java:500)
	at org.openqa.selenium.By$ByXPath.findElement(By.java:361)
	at org.openqa.selenium.remote.RemoteWebDriver.findElement(RemoteWebDriver.java:355)
	at UIMap.SchedulerPage.ResourceField(SchedulerPage.java:438)
	at Utils.AddScheduleUtils.addVoidAppointmnet(AddScheduleUtils.java:1760)
	at com.bms.M6.Scheduler.TestProvierHomePage.testProviderHomeVoidAppointmnet(TestProvierHomePage.java:388)
 expected [false] but found [true]
	at UIMap.SchedulerPage.ResourceField(SchedulerPage.java:442)
	at Utils.AddScheduleUtils.addVoidAppointmnet(AddScheduleUtils.java:1760)
	at com.bms.M6.Scheduler.TestProvierHomePage.testProviderHomeVoidAppointmnet(TestProvierHomePage.java:388)
 expected [false] but found [true]
	at com.bms.M6.Scheduler.TestProvierHomePage.testProviderHomeVoidAppointmnet(TestProvierHomePage.java:411)
... Removed 108 stack frames]]>
    </failure>
  </testcase> <!-- testProviderHomeVoidAppointmnet -->
  <testcase name="testProviderHomeArrivedAppointmnet" time="77.277" classname="com.bms.M6.Scheduler.TestProvierHomePage"/>
  <testcase name="testProviderHomeScheduleAppointmnet" time="70.198" classname="com.bms.M6.Scheduler.TestProvierHomePage"/>
  <testcase name="testProviderhomepagedisplayasBMSuserforcompanythatisNOTsetasdefault" time="159.067" classname="com.bms.M6.Scheduler.TestProvierHomePage"/>
  <testcase name="testProviderHomePageAuthorizedVisitsRemainingvalidation" time="254.225" classname="com.bms.M6.Scheduler.TestProvierHomePage"/>
  <testcase name="testrescheduledcreatenoteoption" time="93.368" classname="com.bms.M6.Scheduler.TestProvierHomePage"/>
  <testcase name="testEditEditAllPersonScheduleFlagIsSelected" time="142.492" classname="com.bms.M6.Scheduler.TestEditEditAllPersonSchedule">
    <skipped/>
  </testcase> <!-- testEditEditAllPersonScheduleFlagIsSelected -->
  <testcase name="testEditEditAllPersonScheduleFlagIsSelected" time="143.407" classname="com.bms.M6.Scheduler.TestEditEditAllPersonSchedule">
    <failure type="java.lang.AssertionError" message="org.openqa.selenium.TimeoutException: Timed out after 120 seconds waiting for visibility of element located by By.id: providerHoursDropDown
Build info: version: &amp;apos;2.53.1&amp;apos;, revision: &amp;apos;a36b8b1cd5757287168e54b817830adce9b0158d&amp;apos;, time: &amp;apos;2016-06-30 19:26:09&amp;apos;
System info: host: &amp;apos;C40GF55BMS&amp;apos;, ip: &amp;apos;10.131.168.50&amp;apos;, os.name: &amp;apos;Windows 7&amp;apos;, os.arch: &amp;apos;amd64&amp;apos;, os.version: &amp;apos;6.1&amp;apos;, java.version: &amp;apos;1.8.0_91&amp;apos;
Driver info: org.openqa.selenium.chrome.ChromeDriver
Capabilities [{applicationCacheEnabled=false, rotatable=false, mobileEmulationEnabled=false, networkConnectionEnabled=false, chrome={chromedriverVersion=2.25.426923 (0390b88869384d6eb0d5d09729679f934aab9eed), userDataDir=C:\Users\AJAY~1.KUM\AppData\Local\Temp\scoped_dir7292_14310}, takesHeapSnapshot=true, pageLoadStrategy=normal, databaseEnabled=false, handlesAlerts=true, hasTouchScreen=false, version=54.0.2840.71, platform=XP, browserConnectionEnabled=false, nativeEvents=true, acceptSslCerts=true, locationContextEnabled=true, webStorageEnabled=true, browserName=chrome, takesScreenshot=true, javascriptEnabled=true, cssSelectorsEnabled=true}]
Session ID: c019d93e8c7c2f9e0b2800d020e5e43d
	at org.openqa.selenium.support.ui.WebDriverWait.timeoutException(WebDriverWait.java:80)
	at org.openqa.selenium.support.ui.FluentWait.until(FluentWait.java:261)
	at Utils.Commons.waitforElement(Commons.java:192)
	at com.bms.M6.Scheduler.TestEditEditAllPersonSchedule.testEditEditAllPersonScheduleFlagIsSelected(TestEditEditAllPersonSchedule.java:51)
	at sun.reflect.NativeMethodAccessorImpl.invoke0(Native Method)
	at sun.reflect.NativeMethodAccessorImpl.invoke(NativeMethodAccessorImpl.java:62)
	at sun.reflect.DelegatingMethodAccessorImpl.invoke(DelegatingMethodAccessorImpl.java:43)
	at java.lang.reflect.Method.invoke(Method.java:498)
	at org.testng.internal.MethodInvocationHelper.invokeMethod(MethodInvocationHelper.java:86)
	at org.testng.internal.Invoker.invokeMethod(Invoker.java:643)
	at org.testng.internal.Invoker.retryFailed(Invoker.java:967)
	at org.testng.internal.Invoker.invokeTestMethods(Invoker.java:1146)
	at org.testng.internal.TestMethodWorker.invokeTestMethods(TestMethodWorker.java:129)
	at org.testng.internal.TestMethodWorker.run(TestMethodWorker.java:112)
	at org.testng.TestRunner.privateRun(TestRunner.java:782)
	at org.testng.TestRunner.run(TestRunner.java:632)
	at org.testng.SuiteRunner.runTest(SuiteRunner.java:366)
	at org.testng.SuiteRunner.runSequentially(SuiteRunner.java:361)
	at org.testng.SuiteRunner.privateRun(SuiteRunner.java:319)
	at org.testng.SuiteRunner.run(SuiteRunner.java:268)
	at org.testng.SuiteRunnerWorker.runSuite(SuiteRunnerWorker.java:52)
	at org.testng.SuiteRunnerWorker.run(SuiteRunnerWorker.java:86)
	at org.testng.TestNG.runSuitesSequentially(TestNG.java:1244)
	at org.testng.TestNG.runSuitesLocally(TestNG.java:1169)
	at org.testng.TestNG.run(TestNG.java:1064)
	at org.apache.maven.surefire.testng.TestNGExecutor.run(TestNGExecutor.java:178)
	at org.apache.maven.surefire.testng.TestNGXmlTestSuite.execute(TestNGXmlTestSuite.java:92)
	at org.apache.maven.surefire.testng.TestNGProvider.invoke(TestNGProvider.java:96)
	at sun.reflect.NativeMethodAccessorImpl.invoke0(Native Method)
	at sun.reflect.NativeMethodAccessorImpl.invoke(NativeMethodAccessorImpl.java:62)
	at sun.reflect.DelegatingMethodAccessorImpl.invoke(DelegatingMethodAccessorImpl.java:43)
	at java.lang.reflect.Method.invoke(Method.java:498)
	at org.apache.maven.surefire.util.ReflectionUtils.invokeMethodWithArray2(ReflectionUtils.java:208)
	at org.apache.maven.surefire.booter.ProviderFactory$ProviderProxy.invoke(ProviderFactory.java:159)
	at org.apache.maven.surefire.booter.ProviderFactory.invokeProvider(ProviderFactory.java:87)
	at org.apache.maven.surefire.booter.ForkedBooter.runSuitesInProcess(ForkedBooter.java:153)
	at org.apache.maven.surefire.booter.ForkedBooter.main(ForkedBooter.java:95)
 expected [false] but found [true]">
      <![CDATA[java.lang.AssertionError: org.openqa.selenium.TimeoutException: Timed out after 120 seconds waiting for visibility of element located by By.id: providerHoursDropDown
Build info: version: '2.53.1', revision: 'a36b8b1cd5757287168e54b817830adce9b0158d', time: '2016-06-30 19:26:09'
System info: host: 'C40GF55BMS', ip: '10.131.168.50', os.name: 'Windows 7', os.arch: 'amd64', os.version: '6.1', java.version: '1.8.0_91'
Driver info: org.openqa.selenium.chrome.ChromeDriver
Capabilities [{applicationCacheEnabled=false, rotatable=false, mobileEmulationEnabled=false, networkConnectionEnabled=false, chrome={chromedriverVersion=2.25.426923 (0390b88869384d6eb0d5d09729679f934aab9eed), userDataDir=C:\Users\AJAY~1.KUM\AppData\Local\Temp\scoped_dir7292_14310}, takesHeapSnapshot=true, pageLoadStrategy=normal, databaseEnabled=false, handlesAlerts=true, hasTouchScreen=false, version=54.0.2840.71, platform=XP, browserConnectionEnabled=false, nativeEvents=true, acceptSslCerts=true, locationContextEnabled=true, webStorageEnabled=true, browserName=chrome, takesScreenshot=true, javascriptEnabled=true, cssSelectorsEnabled=true}]
Session ID: c019d93e8c7c2f9e0b2800d020e5e43d
	at org.openqa.selenium.support.ui.WebDriverWait.timeoutException(WebDriverWait.java:80)
	at org.openqa.selenium.support.ui.FluentWait.until(FluentWait.java:261)
	at Utils.Commons.waitforElement(Commons.java:192)
	at com.bms.M6.Scheduler.TestEditEditAllPersonSchedule.testEditEditAllPersonScheduleFlagIsSelected(TestEditEditAllPersonSchedule.java:51)
 expected [false] but found [true]
	at com.bms.M6.Scheduler.TestEditEditAllPersonSchedule.testEditEditAllPersonScheduleFlagIsSelected(TestEditEditAllPersonSchedule.java:98)
... Removed 69 stack frames]]>
    </failure>
  </testcase> <!-- testEditEditAllPersonScheduleFlagIsSelected -->
  <testcase name="testEditAllPersonScheduleFlagIsNotSelected" time="31.497" classname="com.bms.M6.Scheduler.TestEditEditAllPersonSchedule"/>
  <testcase name="TestAddRecurringAppointment" time="74.723" classname="com.bms.M6.Scheduler.TestRecurringAppointment"/>
  <testcase name="TestEditOccurrenceRecurringAppointment" time="56.796" classname="com.bms.M6.Scheduler.TestRecurringAppointment"/>
  <testcase name="TestEditSeriesRecurringAppointment" time="64.011" classname="com.bms.M6.Scheduler.TestRecurringAppointment"/>
  <testcase name="TestCancelRecurringAppointment" time="83.553" classname="com.bms.M6.Scheduler.TestRecurringAppointment"/>
  <testcase name="AddCancelRecurringMeeting" time="77.673" classname="com.bms.M6.Scheduler.TestRecurringMeeting"/>
  <testcase name="TestProviderHomePageLayoutValidation" time="57.942" classname="com.bms.M6.Scheduler.TestProviderHomePageLayout"/>
  <testcase name="TestNonProviderHomePage" time="17.771" classname="com.bms.M6.Scheduler.TestProviderHomePageLayout"/>
  <testcase name="TestProviderHomePageFilter" time="175.188" classname="com.bms.M6.Scheduler.TestProviderHomePageLayout"/>
  <testcase name="TestnoteStatusChangesWhenNotedosIsNOTtheSameAsAppointmentdate" time="134.774" classname="com.bms.M6.Scheduler.TestProviderHomePagetopMenu"/>
  <testcase name="TestPOCexpDateDisplayFORInsuranceFlagDXPOCChangeReqAsUnchecked" time="269.8" classname="com.bms.M6.Scheduler.TestProviderHomePagetopMenu">
    <skipped/>
  </testcase> <!-- TestPOCexpDateDisplayFORInsuranceFlagDXPOCChangeReqAsUnchecked -->
  <testcase name="TestPOCexpDateDisplayFORInsuranceFlagDXPOCChangeReqAsUnchecked" time="487.156" classname="com.bms.M6.Scheduler.TestProviderHomePagetopMenu"/>
  <testcase name="TestPOCexpDateDisplayFORInsuranceFlagDXPOCChangeReqAsChecked" time="554.832" classname="com.bms.M6.Scheduler.TestProviderHomePagetopMenu"/>
  <testcase name="TestNotesSinceMedProgdisplayifInsuranceIsNotMedicare" time="647.218" classname="com.bms.M6.Scheduler.TestProviderHomePagetopMenu"/>
  <testcase name="TestNotesSinceMedProgdisplayifInsuranceIsMedicare" time="274.435" classname="com.bms.M6.Scheduler.TestProviderHomePagetopMenu">
    <skipped/>
  </testcase> <!-- TestNotesSinceMedProgdisplayifInsuranceIsMedicare -->
  <testcase name="TestNotesSinceMedProgdisplayifInsuranceIsMedicare" time="634.119" classname="com.bms.M6.Scheduler.TestProviderHomePagetopMenu">
    <failure type="java.lang.AssertionError" message="org.openqa.selenium.NoSuchElementException: no such element: Unable to locate element: {&amp;quot;method&amp;quot;:&amp;quot;id&amp;quot;,&amp;quot;selector&amp;quot;:&amp;quot;signFinalNoAttachButton&amp;quot;}
  (Session info: chrome=54.0.2840.71)
  (Driver info: chromedriver=2.25.426923 (0390b88869384d6eb0d5d09729679f934aab9eed),platform=Windows NT 6.1.7601 SP1 x86_64) (WARNING: The server did not provide any stacktrace information)
Command duration or timeout: 15 milliseconds
For documentation on this error, please visit: http://seleniumhq.org/exceptions/no_such_element.html
Build info: version: &amp;apos;2.53.1&amp;apos;, revision: &amp;apos;a36b8b1cd5757287168e54b817830adce9b0158d&amp;apos;, time: &amp;apos;2016-06-30 19:26:09&amp;apos;
System info: host: &amp;apos;C40GF55BMS&amp;apos;, ip: &amp;apos;10.131.168.50&amp;apos;, os.name: &amp;apos;Windows 7&amp;apos;, os.arch: &amp;apos;amd64&amp;apos;, os.version: &amp;apos;6.1&amp;apos;, java.version: &amp;apos;1.8.0_91&amp;apos;
Driver info: org.openqa.selenium.chrome.ChromeDriver
Capabilities [{applicationCacheEnabled=false, rotatable=false, mobileEmulationEnabled=false, networkConnectionEnabled=false, chrome={chromedriverVersion=2.25.426923 (0390b88869384d6eb0d5d09729679f934aab9eed), userDataDir=C:\Users\AJAY~1.KUM\AppData\Local\Temp\scoped_dir6588_5517}, takesHeapSnapshot=true, pageLoadStrategy=normal, databaseEnabled=false, handlesAlerts=true, hasTouchScreen=false, version=54.0.2840.71, platform=XP, browserConnectionEnabled=false, nativeEvents=true, acceptSslCerts=true, locationContextEnabled=true, webStorageEnabled=true, browserName=chrome, takesScreenshot=true, javascriptEnabled=true, cssSelectorsEnabled=true}]
Session ID: 37d784c1b0efd7dca7bee05ef2fa4004
*** Element info: {Using=id, value=signFinalNoAttachButton}
	at sun.reflect.GeneratedConstructorAccessor10.newInstance(Unknown Source)
	at sun.reflect.DelegatingConstructorAccessorImpl.newInstance(DelegatingConstructorAccessorImpl.java:45)
	at java.lang.reflect.Constructor.newInstance(Constructor.java:423)
	at org.openqa.selenium.remote.ErrorHandler.createThrowable(ErrorHandler.java:206)
	at org.openqa.selenium.remote.ErrorHandler.throwIfResponseFailed(ErrorHandler.java:158)
	at org.openqa.selenium.remote.RemoteWebDriver.execute(RemoteWebDriver.java:678)
	at org.openqa.selenium.remote.RemoteWebDriver.findElement(RemoteWebDriver.java:363)
	at org.openqa.selenium.remote.RemoteWebDriver.findElementById(RemoteWebDriver.java:413)
	at org.openqa.selenium.By$ById.findElement(By.java:218)
	at org.openqa.selenium.remote.RemoteWebDriver.findElement(RemoteWebDriver.java:355)
	at Utils.AddScheduleUtils.CreateFollowUpNoteFromProviderHomePage(AddScheduleUtils.java:2182)
	at com.bms.M6.Scheduler.TestProviderHomePagetopMenu.TestNotesSinceMedProgdisplayifInsuranceIsMedicare(TestProviderHomePagetopMenu.java:679)
	at sun.reflect.NativeMethodAccessorImpl.invoke0(Native Method)
	at sun.reflect.NativeMethodAccessorImpl.invoke(NativeMethodAccessorImpl.java:62)
	at sun.reflect.DelegatingMethodAccessorImpl.invoke(DelegatingMethodAccessorImpl.java:43)
	at java.lang.reflect.Method.invoke(Method.java:498)
	at org.testng.internal.MethodInvocationHelper.invokeMethod(MethodInvocationHelper.java:86)
	at org.testng.internal.Invoker.invokeMethod(Invoker.java:643)
	at org.testng.internal.Invoker.retryFailed(Invoker.java:967)
	at org.testng.internal.Invoker.invokeTestMethods(Invoker.java:1146)
	at org.testng.internal.TestMethodWorker.invokeTestMethods(TestMethodWorker.java:129)
	at org.testng.internal.TestMethodWorker.run(TestMethodWorker.java:112)
	at org.testng.TestRunner.privateRun(TestRunner.java:782)
	at org.testng.TestRunner.run(TestRunner.java:632)
	at org.testng.SuiteRunner.runTest(SuiteRunner.java:366)
	at org.testng.SuiteRunner.runSequentially(SuiteRunner.java:361)
	at org.testng.SuiteRunner.privateRun(SuiteRunner.java:319)
	at org.testng.SuiteRunner.run(SuiteRunner.java:268)
	at org.testng.SuiteRunnerWorker.runSuite(SuiteRunnerWorker.java:52)
	at org.testng.SuiteRunnerWorker.run(SuiteRunnerWorker.java:86)
	at org.testng.TestNG.runSuitesSequentially(TestNG.java:1244)
	at org.testng.TestNG.runSuitesLocally(TestNG.java:1169)
	at org.testng.TestNG.run(TestNG.java:1064)
	at org.apache.maven.surefire.testng.TestNGExecutor.run(TestNGExecutor.java:178)
	at org.apache.maven.surefire.testng.TestNGXmlTestSuite.execute(TestNGXmlTestSuite.java:92)
	at org.apache.maven.surefire.testng.TestNGProvider.invoke(TestNGProvider.java:96)
	at sun.reflect.NativeMethodAccessorImpl.invoke0(Native Method)
	at sun.reflect.NativeMethodAccessorImpl.invoke(NativeMethodAccessorImpl.java:62)
	at sun.reflect.DelegatingMethodAccessorImpl.invoke(DelegatingMethodAccessorImpl.java:43)
	at java.lang.reflect.Method.invoke(Method.java:498)
	at org.apache.maven.surefire.util.ReflectionUtils.invokeMethodWithArray2(ReflectionUtils.java:208)
	at org.apache.maven.surefire.booter.ProviderFactory$ProviderProxy.invoke(ProviderFactory.java:159)
	at org.apache.maven.surefire.booter.ProviderFactory.invokeProvider(ProviderFactory.java:87)
	at org.apache.maven.surefire.booter.ForkedBooter.runSuitesInProcess(ForkedBooter.java:153)
	at org.apache.maven.surefire.booter.ForkedBooter.main(ForkedBooter.java:95)
 expected [false] but found [true]">
      <![CDATA[java.lang.AssertionError: org.openqa.selenium.NoSuchElementException: no such element: Unable to locate element: {"method":"id","selector":"signFinalNoAttachButton"}
  (Session info: chrome=54.0.2840.71)
  (Driver info: chromedriver=2.25.426923 (0390b88869384d6eb0d5d09729679f934aab9eed),platform=Windows NT 6.1.7601 SP1 x86_64) (WARNING: The server did not provide any stacktrace information)
Command duration or timeout: 15 milliseconds
For documentation on this error, please visit: http://seleniumhq.org/exceptions/no_such_element.html
Build info: version: '2.53.1', revision: 'a36b8b1cd5757287168e54b817830adce9b0158d', time: '2016-06-30 19:26:09'
System info: host: 'C40GF55BMS', ip: '10.131.168.50', os.name: 'Windows 7', os.arch: 'amd64', os.version: '6.1', java.version: '1.8.0_91'
Driver info: org.openqa.selenium.chrome.ChromeDriver
Capabilities [{applicationCacheEnabled=false, rotatable=false, mobileEmulationEnabled=false, networkConnectionEnabled=false, chrome={chromedriverVersion=2.25.426923 (0390b88869384d6eb0d5d09729679f934aab9eed), userDataDir=C:\Users\AJAY~1.KUM\AppData\Local\Temp\scoped_dir6588_5517}, takesHeapSnapshot=true, pageLoadStrategy=normal, databaseEnabled=false, handlesAlerts=true, hasTouchScreen=false, version=54.0.2840.71, platform=XP, browserConnectionEnabled=false, nativeEvents=true, acceptSslCerts=true, locationContextEnabled=true, webStorageEnabled=true, browserName=chrome, takesScreenshot=true, javascriptEnabled=true, cssSelectorsEnabled=true}]
Session ID: 37d784c1b0efd7dca7bee05ef2fa4004
*** Element info: {Using=id, value=signFinalNoAttachButton}
	at org.openqa.selenium.remote.ErrorHandler.createThrowable(ErrorHandler.java:206)
	at org.openqa.selenium.remote.ErrorHandler.throwIfResponseFailed(ErrorHandler.java:158)
	at org.openqa.selenium.remote.RemoteWebDriver.execute(RemoteWebDriver.java:678)
	at org.openqa.selenium.remote.RemoteWebDriver.findElement(RemoteWebDriver.java:363)
	at org.openqa.selenium.remote.RemoteWebDriver.findElementById(RemoteWebDriver.java:413)
	at org.openqa.selenium.By$ById.findElement(By.java:218)
	at org.openqa.selenium.remote.RemoteWebDriver.findElement(RemoteWebDriver.java:355)
	at Utils.AddScheduleUtils.CreateFollowUpNoteFromProviderHomePage(AddScheduleUtils.java:2182)
	at com.bms.M6.Scheduler.TestProviderHomePagetopMenu.TestNotesSinceMedProgdisplayifInsuranceIsMedicare(TestProviderHomePagetopMenu.java:679)
 expected [false] but found [true]
	at com.bms.M6.Scheduler.TestProviderHomePagetopMenu.TestNotesSinceMedProgdisplayifInsuranceIsMedicare(TestProviderHomePagetopMenu.java:732)
... Removed 72 stack frames]]>
    </failure>
  </testcase> <!-- TestNotesSinceMedProgdisplayifInsuranceIsMedicare -->
  <testcase name="FLR10thVisitValidateMedicalProgressReportvalidation" time="423.602" classname="com.bms.M6.Scheduler.TestProviderHomePagetopMenu">
    <skipped/>
  </testcase> <!-- FLR10thVisitValidateMedicalProgressReportvalidation -->
  <testcase name="FLR10thVisitValidateMedicalProgressReportvalidation" time="569.65" classname="com.bms.M6.Scheduler.TestProviderHomePagetopMenu">
    <failure type="java.lang.AssertionError" message="org.openqa.selenium.NoSuchElementException: no such element: Unable to locate element: {&amp;quot;method&amp;quot;:&amp;quot;id&amp;quot;,&amp;quot;selector&amp;quot;:&amp;quot;signFinalNoAttachButton&amp;quot;}
  (Session info: chrome=54.0.2840.71)
  (Driver info: chromedriver=2.25.426923 (0390b88869384d6eb0d5d09729679f934aab9eed),platform=Windows NT 6.1.7601 SP1 x86_64) (WARNING: The server did not provide any stacktrace information)
Command duration or timeout: 15 milliseconds
For documentation on this error, please visit: http://seleniumhq.org/exceptions/no_such_element.html
Build info: version: &amp;apos;2.53.1&amp;apos;, revision: &amp;apos;a36b8b1cd5757287168e54b817830adce9b0158d&amp;apos;, time: &amp;apos;2016-06-30 19:26:09&amp;apos;
System info: host: &amp;apos;C40GF55BMS&amp;apos;, ip: &amp;apos;10.131.168.50&amp;apos;, os.name: &amp;apos;Windows 7&amp;apos;, os.arch: &amp;apos;amd64&amp;apos;, os.version: &amp;apos;6.1&amp;apos;, java.version: &amp;apos;1.8.0_91&amp;apos;
Driver info: org.openqa.selenium.chrome.ChromeDriver
Capabilities [{applicationCacheEnabled=false, rotatable=false, mobileEmulationEnabled=false, networkConnectionEnabled=false, chrome={chromedriverVersion=2.25.426923 (0390b88869384d6eb0d5d09729679f934aab9eed), userDataDir=C:\Users\AJAY~1.KUM\AppData\Local\Temp\scoped_dir6588_5517}, takesHeapSnapshot=true, pageLoadStrategy=normal, databaseEnabled=false, handlesAlerts=true, hasTouchScreen=false, version=54.0.2840.71, platform=XP, browserConnectionEnabled=false, nativeEvents=true, acceptSslCerts=true, locationContextEnabled=true, webStorageEnabled=true, browserName=chrome, takesScreenshot=true, javascriptEnabled=true, cssSelectorsEnabled=true}]
Session ID: 37d784c1b0efd7dca7bee05ef2fa4004
*** Element info: {Using=id, value=signFinalNoAttachButton}
	at sun.reflect.GeneratedConstructorAccessor10.newInstance(Unknown Source)
	at sun.reflect.DelegatingConstructorAccessorImpl.newInstance(DelegatingConstructorAccessorImpl.java:45)
	at java.lang.reflect.Constructor.newInstance(Constructor.java:423)
	at org.openqa.selenium.remote.ErrorHandler.createThrowable(ErrorHandler.java:206)
	at org.openqa.selenium.remote.ErrorHandler.throwIfResponseFailed(ErrorHandler.java:158)
	at org.openqa.selenium.remote.RemoteWebDriver.execute(RemoteWebDriver.java:678)
	at org.openqa.selenium.remote.RemoteWebDriver.findElement(RemoteWebDriver.java:363)
	at org.openqa.selenium.remote.RemoteWebDriver.findElementById(RemoteWebDriver.java:413)
	at org.openqa.selenium.By$ById.findElement(By.java:218)
	at org.openqa.selenium.remote.RemoteWebDriver.findElement(RemoteWebDriver.java:355)
	at Utils.AddScheduleUtils.CreateInitialNoteFromProviderHomePage(AddScheduleUtils.java:2000)
	at com.bms.M6.Scheduler.TestProviderHomePagetopMenu.FLR10thVisitValidateMedicalProgressReportvalidation(TestProviderHomePagetopMenu.java:820)
	at sun.reflect.NativeMethodAccessorImpl.invoke0(Native Method)
	at sun.reflect.NativeMethodAccessorImpl.invoke(NativeMethodAccessorImpl.java:62)
	at sun.reflect.DelegatingMethodAccessorImpl.invoke(DelegatingMethodAccessorImpl.java:43)
	at java.lang.reflect.Method.invoke(Method.java:498)
	at org.testng.internal.MethodInvocationHelper.invokeMethod(MethodInvocationHelper.java:86)
	at org.testng.internal.Invoker.invokeMethod(Invoker.java:643)
	at org.testng.internal.Invoker.retryFailed(Invoker.java:967)
	at org.testng.internal.Invoker.invokeTestMethods(Invoker.java:1146)
	at org.testng.internal.TestMethodWorker.invokeTestMethods(TestMethodWorker.java:129)
	at org.testng.internal.TestMethodWorker.run(TestMethodWorker.java:112)
	at org.testng.TestRunner.privateRun(TestRunner.java:782)
	at org.testng.TestRunner.run(TestRunner.java:632)
	at org.testng.SuiteRunner.runTest(SuiteRunner.java:366)
	at org.testng.SuiteRunner.runSequentially(SuiteRunner.java:361)
	at org.testng.SuiteRunner.privateRun(SuiteRunner.java:319)
	at org.testng.SuiteRunner.run(SuiteRunner.java:268)
	at org.testng.SuiteRunnerWorker.runSuite(SuiteRunnerWorker.java:52)
	at org.testng.SuiteRunnerWorker.run(SuiteRunnerWorker.java:86)
	at org.testng.TestNG.runSuitesSequentially(TestNG.java:1244)
	at org.testng.TestNG.runSuitesLocally(TestNG.java:1169)
	at org.testng.TestNG.run(TestNG.java:1064)
	at org.apache.maven.surefire.testng.TestNGExecutor.run(TestNGExecutor.java:178)
	at org.apache.maven.surefire.testng.TestNGXmlTestSuite.execute(TestNGXmlTestSuite.java:92)
	at org.apache.maven.surefire.testng.TestNGProvider.invoke(TestNGProvider.java:96)
	at sun.reflect.NativeMethodAccessorImpl.invoke0(Native Method)
	at sun.reflect.NativeMethodAccessorImpl.invoke(NativeMethodAccessorImpl.java:62)
	at sun.reflect.DelegatingMethodAccessorImpl.invoke(DelegatingMethodAccessorImpl.java:43)
	at java.lang.reflect.Method.invoke(Method.java:498)
	at org.apache.maven.surefire.util.ReflectionUtils.invokeMethodWithArray2(ReflectionUtils.java:208)
	at org.apache.maven.surefire.booter.ProviderFactory$ProviderProxy.invoke(ProviderFactory.java:159)
	at org.apache.maven.surefire.booter.ProviderFactory.invokeProvider(ProviderFactory.java:87)
	at org.apache.maven.surefire.booter.ForkedBooter.runSuitesInProcess(ForkedBooter.java:153)
	at org.apache.maven.surefire.booter.ForkedBooter.main(ForkedBooter.java:95)
 expected [false] but found [true]">
      <![CDATA[java.lang.AssertionError: org.openqa.selenium.NoSuchElementException: no such element: Unable to locate element: {"method":"id","selector":"signFinalNoAttachButton"}
  (Session info: chrome=54.0.2840.71)
  (Driver info: chromedriver=2.25.426923 (0390b88869384d6eb0d5d09729679f934aab9eed),platform=Windows NT 6.1.7601 SP1 x86_64) (WARNING: The server did not provide any stacktrace information)
Command duration or timeout: 15 milliseconds
For documentation on this error, please visit: http://seleniumhq.org/exceptions/no_such_element.html
Build info: version: '2.53.1', revision: 'a36b8b1cd5757287168e54b817830adce9b0158d', time: '2016-06-30 19:26:09'
System info: host: 'C40GF55BMS', ip: '10.131.168.50', os.name: 'Windows 7', os.arch: 'amd64', os.version: '6.1', java.version: '1.8.0_91'
Driver info: org.openqa.selenium.chrome.ChromeDriver
Capabilities [{applicationCacheEnabled=false, rotatable=false, mobileEmulationEnabled=false, networkConnectionEnabled=false, chrome={chromedriverVersion=2.25.426923 (0390b88869384d6eb0d5d09729679f934aab9eed), userDataDir=C:\Users\AJAY~1.KUM\AppData\Local\Temp\scoped_dir6588_5517}, takesHeapSnapshot=true, pageLoadStrategy=normal, databaseEnabled=false, handlesAlerts=true, hasTouchScreen=false, version=54.0.2840.71, platform=XP, browserConnectionEnabled=false, nativeEvents=true, acceptSslCerts=true, locationContextEnabled=true, webStorageEnabled=true, browserName=chrome, takesScreenshot=true, javascriptEnabled=true, cssSelectorsEnabled=true}]
Session ID: 37d784c1b0efd7dca7bee05ef2fa4004
*** Element info: {Using=id, value=signFinalNoAttachButton}
	at org.openqa.selenium.remote.ErrorHandler.createThrowable(ErrorHandler.java:206)
	at org.openqa.selenium.remote.ErrorHandler.throwIfResponseFailed(ErrorHandler.java:158)
	at org.openqa.selenium.remote.RemoteWebDriver.execute(RemoteWebDriver.java:678)
	at org.openqa.selenium.remote.RemoteWebDriver.findElement(RemoteWebDriver.java:363)
	at org.openqa.selenium.remote.RemoteWebDriver.findElementById(RemoteWebDriver.java:413)
	at org.openqa.selenium.By$ById.findElement(By.java:218)
	at org.openqa.selenium.remote.RemoteWebDriver.findElement(RemoteWebDriver.java:355)
	at Utils.AddScheduleUtils.CreateInitialNoteFromProviderHomePage(AddScheduleUtils.java:2000)
	at com.bms.M6.Scheduler.TestProviderHomePagetopMenu.FLR10thVisitValidateMedicalProgressReportvalidation(TestProviderHomePagetopMenu.java:820)
 expected [false] but found [true]
	at com.bms.M6.Scheduler.TestProviderHomePagetopMenu.FLR10thVisitValidateMedicalProgressReportvalidation(TestProviderHomePagetopMenu.java:874)
... Removed 72 stack frames]]>
    </failure>
  </testcase> <!-- FLR10thVisitValidateMedicalProgressReportvalidation -->
  <testcase name="testProviderHomeScheduleAppointmnet" time="258.174" classname="com.bms.M6.Scheduler.TestProviderHomePageNoteStatusColor">
    <skipped/>
  </testcase> <!-- testProviderHomeScheduleAppointmnet -->
  <testcase name="testProviderHomeScheduleAppointmnet" time="458.031" classname="com.bms.M6.Scheduler.TestProviderHomePageNoteStatusColor"/>
  <testcase name="EditPendingNote" time="225.613" classname="com.bms.M7.APage.TestAPageEditPendingNote"/>
  <testcase name="required_field_indicators" time="128.002" classname="com.bms.M7.APage.TestAPage"/>
  <testcase name="add_diagnosis_and_case_updates" time="105.936" classname="com.bms.M7.APage.TestAPage"/>
  <testcase name="remove_diagnosis_and_case_does_NOT_update" time="141.826" classname="com.bms.M7.APage.TestAPage"/>
  <testcase name="Goal_table_locked_fields_and_editable_fields" time="128.739" classname="com.bms.M7.APage.TestAPage"/>
  <testcase name="option_to_remove_goals" time="122.651" classname="com.bms.M7.APage.TestAPage"/>
  <testcase name="FLRTabDisplay" time="136.391" classname="com.bms.M7.APage.TestAPageCheckFLRTab"/>
  <testcase name="FLRTabNotDisplay" time="128.276" classname="com.bms.M7.APage.TestAPageCheckFLRTab"/>
  <testcase name="G_CodeValidation_SLP" time="145.606" classname="com.bms.M7.APage.TestAPageCurrentStatusList"/>
  <testcase name="FLR_tab_Validation_RT" time="167.57" classname="com.bms.M7.APage.TestAPageCurrentStatusList"/>
  <testcase name="GoalstatusValidation" time="159.478" classname="com.bms.M7.APage.TestAPageCurrentStatusList"/>
  <testcase name="SeverityModifierDropdDownListValidation" time="163.861" classname="com.bms.M7.APage.TestAPageCurrentStatusList"/>
  <testcase name="DischargeFLR" time="420.062" classname="com.bms.M7.APage.TestAPageDischargeFLR"/>
  <testcase name="kx_modifier" time="272.959" classname="com.bms.M7.APage.TestAPageDropDownValidations"/>
  <testcase name="G_CodeValidation_OT" time="150.08" classname="com.bms.M7.APage.TestAPageGCodeValidationOT"/>
  <testcase name="G_CodeValidation_PT" time="150.486" classname="com.bms.M7.APage.TestAPageGCodeValidationPT"/>
  <testcase name="UpdateGoal" time="264.324" classname="com.bms.M7.APage.TestAPageUpdateGoalTab"/>
  <testcase name="Note_UnlockApage" time="145.522" classname="com.bms.M7.APage.TestAPageLockFunctionality"/>
  <testcase name="CreateCompleteNote" time="164.311" classname="com.bms.M8.FLR.TestCreateCompleteNote"/>
  <testcase name="FLRDataSubsequentNote" time="274.186" classname="com.bms.M8.FLR.TestFLRdataCarryForward1"/>
  <testcase name="AddendumDataOnFLRDataSubsequentNoteDisplay" time="373.943" classname="com.bms.M8.FLR.TestFLRdataCarryForward1"/>
  <testcase name="AddendumDataOnFLRDataSubsequentNoteNotDisplay" time="623.94" classname="com.bms.M8.FLR.TestFLRdataCarryForward1"/>
  <testcase name="AddendumDataOnFLRDataSubsequentNoteNotDisplay" time="663.752" classname="com.bms.M8.FLR.TestFLRdataCarryForward2"/>
  <testcase name="AddendumDataOnFLRDataSubsequentNoteNotDisplay2" time="408.288" classname="com.bms.M8.FLR.TestFLRdataCarryForward2"/>
  <testcase name="FLR_ProviderRT" time="355.956" classname="com.bms.M8.FLR.TestFLRTabNotDisplayRTProvider"/>
  <testcase name="FLR_ProviderPT" time="148.375" classname="com.bms.M8.FLR.TestFLRTabNotDisplayRTProvider"/>
  <testcase name="FLR10thVisitWithAddendum" time="1664.217" classname="com.bms.M8.FLR.TestFLR10THVisitPromtWithAddendum"/>
  <testcase name="FLR10thVisitnoAddendum" time="1581.828" classname="com.bms.M8.FLR.TestFLR10THVisitPromtNoAddendum"/>
  <testcase name="FLR10thVisitValidateHardStopmessage" time="1557.279" classname="com.bms.M8.FLR.TestFLR10THVisitPromtAllNotesFinalized"/>
  <testcase name="TestHardStopWith92521" time="206.508" classname="com.bms.M8.FLR.TestHardStopMessagevalidation3"/>
  <testcase name="TestHardStopWithout97001" time="181.449" classname="com.bms.M8.FLR.TestHardStopMessagevalidation2"/>
  <testcase name="TestHardStopWith97001" time="0.0" classname="com.bms.M8.FLR.TestHardStopMessagevalidation">
    <skipped/>
  </testcase> <!-- TestHardStopWith97001 -->
  <testcase name="AddAccountNotesPatientHeader" time="0.0" classname="com.bms.M9.AddCharges.TestAddAccountNotes">
    <skipped/>
  </testcase> <!-- AddAccountNotesPatientHeader -->
  <testcase name="TestReleasePendingCharges" time="0.0" classname="com.bms.M9.AddCharges.TestAddChargesWithDXChanges">
    <skipped/>
  </testcase> <!-- TestReleasePendingCharges -->
  <testcase name="TestADDchargewithNewDX" time="0.0" classname="com.bms.M9.AddCharges.TestAddChargesWithDXChanges">
    <skipped/>
  </testcase> <!-- TestADDchargewithNewDX -->
  <testcase name="TestEDITCharge_withNEWdx" time="0.0" classname="com.bms.M9.AddCharges.TestAddChargesWithDXChanges">
    <skipped/>
  </testcase> <!-- TestEDITCharge_withNEWdx -->
  <testcase name="TestADDchargewithDifferentDxPointer" time="0.0" classname="com.bms.M9.AddCharges.TestAddChargesWithDXChanges">
    <skipped/>
  </testcase> <!-- TestADDchargewithDifferentDxPointer -->
  <testcase name="TestEDITvisitwithDifferentDxPointer" time="0.0" classname="com.bms.M9.AddCharges.TestAddChargesWithDXChanges">
    <skipped/>
  </testcase> <!-- TestEDITvisitwithDifferentDxPointer -->
  <testcase name="TestChargeswithEvalcodesforDOS12_31_2016andearlier" time="0.0" classname="com.bms.M9.AddCharges.TestAddChargesWithDXChanges">
    <skipped/>
  </testcase> <!-- TestChargeswithEvalcodesforDOS12_31_2016andearlier -->
  <testcase name="TestChargeswithReEvalcodesforDOS12_31_2016andearlier" time="0.0" classname="com.bms.M9.AddCharges.TestAddChargesWithDXChanges">
    <skipped/>
  </testcase> <!-- TestChargeswithReEvalcodesforDOS12_31_2016andearlier -->
  <testcase name="TestProcCodeReplacementforManuallyenteredchargefor97001forDOS1_1_2017andLATER" time="0.0" classname="com.bms.M9.AddCharges.TestAddChargesWithDXChanges">
    <skipped/>
  </testcase> <!-- TestProcCodeReplacementforManuallyenteredchargefor97001forDOS1_1_2017andLATER -->
  <testcase name="TestCPTCodesearch" time="0.0" classname="com.bms.M9.AddCharges.TestCPTCodeSearch">
    <skipped/>
  </testcase> <!-- TestCPTCodesearch -->
  <testcase name="TestModifiers" time="0.0" classname="com.bms.M9.AddCharges.TestCPTCodeSearch">
    <skipped/>
  </testcase> <!-- TestModifiers -->
  <testcase name="DefaultSelectionWithCase" time="0.0" classname="com.bms.M9.AddCharges.TestDeafults">
    <skipped/>
  </testcase> <!-- DefaultSelectionWithCase -->
  <testcase name="AddPaymentsTransactionType" time="0.0" classname="com.bms.M9.AddCharges.TestInsOverpayment">
    <skipped/>
  </testcase> <!-- AddPaymentsTransactionType -->
  <testcase name="PatientRefund" time="0.0" classname="com.bms.M9.AddCharges.TestPatientRefund">
    <skipped/>
  </testcase> <!-- PatientRefund -->
  <testcase name="DefaultPaymentCodeWithAmountTocollect_BMSUSER" time="0.0" classname="com.bms.M9.AddCharges.TestPaymentDropDowns">
    <skipped/>
  </testcase> <!-- DefaultPaymentCodeWithAmountTocollect_BMSUSER -->
  <testcase name="DefaultPaymentCodeWithAmountTocollect_PartnerUser" time="0.0" classname="com.bms.M9.AddCharges.TestPaymentDropDowns">
    <skipped/>
  </testcase> <!-- DefaultPaymentCodeWithAmountTocollect_PartnerUser -->
  <testcase name="DefaultPaymentCodeWithAmountTocollect_FrontOfficeStaffUser" time="0.001" classname="com.bms.M9.AddCharges.TestPaymentDropDowns">
    <skipped/>
  </testcase> <!-- DefaultPaymentCodeWithAmountTocollect_FrontOfficeStaffUser -->
  <testcase name="Add_Delete_Update_Payments" time="0.0" classname="com.bms.M9.AddCharges.TestPayments">
    <skipped/>
  </testcase> <!-- Add_Delete_Update_Payments -->
  <testcase name="PermissionByRoleFrontOfficeStaff" time="0.0" classname="com.bms.M9.AddCharges.TestPermissionsAddCharges">
    <skipped/>
  </testcase> <!-- PermissionByRoleFrontOfficeStaff -->
  <testcase name="PermissionByRolePracticeAdmin" time="0.0" classname="com.bms.M9.AddCharges.TestPermissionsAddCharges">
    <skipped/>
  </testcase> <!-- PermissionByRolePracticeAdmin -->
  <testcase name="PermissionByRoleCustomerProvider" time="0.0" classname="com.bms.M9.AddCharges.TestPermissionsAddCharges">
    <skipped/>
  </testcase> <!-- PermissionByRoleCustomerProvider -->
  <testcase name="ValidateMandatoryFieldsAddCharges" time="0.0" classname="com.bms.M9.AddCharges.TestValidateErrorMessageAddCharges">
    <skipped/>
  </testcase> <!-- ValidateMandatoryFieldsAddCharges -->
  <testcase name="ValidateKxModifierPrompt" time="0.0" classname="com.bms.M9.AddCharges.TestValidateKxModifierPrompt">
    <skipped/>
  </testcase> <!-- ValidateKxModifierPrompt -->
  <testcase name="ValidatePreAuthValuesAddchargeDropdown" time="0.0" classname="com.bms.M9.AddCharges.TestValidatePre_AuthCounter">
    <skipped/>
  </testcase> <!-- ValidatePreAuthValuesAddchargeDropdown -->
  <testcase name="TestProviderPOSLink" time="0.0" classname="com.bms.M9.AddCharges.TestValidatePre_AuthCounter">
    <skipped/>
  </testcase> <!-- TestProviderPOSLink -->
  <testcase name="TestPlanofcareexpired" time="0.0" classname="com.bms.M9.AddCharges.TestValidatePre_AuthCounter">
    <skipped/>
  </testcase> <!-- TestPlanofcareexpired -->
  <testcase name="ValidateViewChargesUserBMS" time="0.0" classname="com.bms.M9.AddCharges.TestViewChargesBMSUser">
    <skipped/>
  </testcase> <!-- ValidateViewChargesUserBMS -->
  <testcase name="ValidateViewChargeUserClinical" time="0.0" classname="com.bms.M9.AddCharges.TestViewChargesClinicUser">
    <skipped/>
  </testcase> <!-- ValidateViewChargeUserClinical -->
  <testcase name="ValidateAddChargesUserCustomer" time="0.0" classname="com.bms.M9.AddCharges.TestViewChargesCustomerUser">
    <skipped/>
  </testcase> <!-- ValidateAddChargesUserCustomer -->
  <testcase name="ValidateViewChargeUserPartner" time="0.0" classname="com.bms.M9.AddCharges.TestViewChargesPartnerUser">
    <skipped/>
  </testcase> <!-- ValidateViewChargeUserPartner -->
  <testcase name="required_field_indicators_initial_visit" time="0.001" classname="com.bms.M10.SPage.TestCaseSpageR">
    <skipped/>
  </testcase> <!-- required_field_indicators_initial_visit -->
  <testcase name="required_field_indicators_Followup_visit" time="0.0" classname="com.bms.M10.SPage.TestCaseSpageR">
    <skipped/>
  </testcase> <!-- required_field_indicators_Followup_visit -->
  <testcase name="required_field_indicators_FollowupReEvaluationvisit" time="0.0" classname="com.bms.M10.SPage.TestCaseSpageR">
    <skipped/>
  </testcase> <!-- required_field_indicators_FollowupReEvaluationvisit -->
  <testcase name="required_field_indicators_FollowupDischarge_visit" time="0.0" classname="com.bms.M10.SPage.TestCaseSpageR">
    <skipped/>
  </testcase> <!-- required_field_indicators_FollowupDischarge_visit -->
  <testcase name="Patient_Report_new_library_item" time="0.0" classname="com.bms.M10.SPage.TestPatientReportlibrary">
    <skipped/>
  </testcase> <!-- Patient_Report_new_library_item -->
  <testcase name="Patient_Report_library_load" time="0.0" classname="com.bms.M10.SPage.TestPatientReportlibrary">
    <skipped/>
  </testcase> <!-- Patient_Report_library_load -->
  <testcase name="Lock_functionality_Ok" time="0.0" classname="com.bms.M10.SPage.TestSPageLock">
    <skipped/>
  </testcase> <!-- Lock_functionality_Ok -->
  <testcase name="Lock_functionality_cancel" time="0.0" classname="com.bms.M10.SPage.TestSPageLock">
    <skipped/>
  </testcase> <!-- Lock_functionality_cancel -->
  <testcase name="TestAssessmentPhraseLibraries" time="0.0" classname="com.bms.M11.EMR.TestPhraseLibraries">
    <skipped/>
  </testcase> <!-- TestAssessmentPhraseLibraries -->
  <testcase name="TestDiagnosticObservationLibrary" time="0.0" classname="com.bms.M11.EMR.TestPhraseLibraries">
    <skipped/>
  </testcase> <!-- TestDiagnosticObservationLibrary -->
  <testcase name="TestExaminationCommentsLibrary" time="0.0" classname="com.bms.M11.EMR.TestPhraseLibraries">
    <skipped/>
  </testcase> <!-- TestExaminationCommentsLibrary -->
  <testcase name="TestFLRJustificationLibrary" time="0.0" classname="com.bms.M11.EMR.TestPhraseLibraries">
    <skipped/>
  </testcase> <!-- TestFLRJustificationLibrary -->
  <testcase name="TestGoalsLibrary" time="0.0" classname="com.bms.M11.EMR.TestPhraseLibraries">
    <skipped/>
  </testcase> <!-- TestGoalsLibrary -->
  <testcase name="TestMedicationCommentsLibrary" time="0.0" classname="com.bms.M11.EMR.TestPhraseLibraries">
    <skipped/>
  </testcase> <!-- TestMedicationCommentsLibrary -->
  <testcase name="TestNegativePrognosisLibrary" time="0.0" classname="com.bms.M11.EMR.TestPhraseLibraries">
    <skipped/>
  </testcase> <!-- TestNegativePrognosisLibrary -->
  <testcase name="TestNonVisitLibrary" time="0.0" classname="com.bms.M11.EMR.TestPhraseLibraries">
    <skipped/>
  </testcase> <!-- TestNonVisitLibrary -->
  <testcase name="TestPatientReportLibrary" time="0.0" classname="com.bms.M11.EMR.TestPhraseLibraries">
    <skipped/>
  </testcase> <!-- TestPatientReportLibrary -->
  <testcase name="TestPositivePrognosisLibrary" time="0.0" classname="com.bms.M11.EMR.TestPhraseLibraries">
    <skipped/>
  </testcase> <!-- TestPositivePrognosisLibrary -->
  <testcase name="TestRehabPotentialComments" time="0.0" classname="com.bms.M11.EMR.TestPhraseLibraries">
    <skipped/>
  </testcase> <!-- TestRehabPotentialComments -->
  <testcase name="TestThreapyCapExceptionJustification" time="0.0" classname="com.bms.M11.EMR.TestPhraseLibraries">
    <skipped/>
  </testcase> <!-- TestThreapyCapExceptionJustification -->
  <testcase name="TestProblemsLibraries" time="0.0" classname="com.bms.M11.EMR.TestPhraseLibraries">
    <skipped/>
  </testcase> <!-- TestProblemsLibraries -->
  <testcase name="TestTreatmentPlanLibrary" time="0.0" classname="com.bms.M11.EMR.TestPhraseLibraries">
    <skipped/>
  </testcase> <!-- TestTreatmentPlanLibrary -->
  <testcase name="Add_Edit_Delete_MyExamTemplate" time="0.0" classname="com.bms.M11.EMR.TestMyExamTemplate">
    <skipped/>
  </testcase> <!-- Add_Edit_Delete_MyExamTemplate -->
  <testcase name="LinkMyExamTemplate" time="0.0" classname="com.bms.M11.EMR.TestMyExamTemplate">
    <skipped/>
  </testcase> <!-- LinkMyExamTemplate -->
  <testcase name="AddPublicMyExamTemplate" time="0.0" classname="com.bms.M11.EMR.TestMyExamTemplate">
    <skipped/>
  </testcase> <!-- AddPublicMyExamTemplate -->
  <testcase name="Add_Edit_Delete_InterventionLibraries" time="0.0" classname="com.bms.M11.EMR.TestInterventionLibraries">
    <skipped/>
  </testcase> <!-- Add_Edit_Delete_InterventionLibraries -->
  <testcase name="NoteFinalizeWithoutDigitalSignature" time="0.0" classname="com.bms.M11.EMR.TestNoDigitalSignature">
    <skipped/>
  </testcase> <!-- NoteFinalizeWithoutDigitalSignature -->
  <testcase name="NoteFinalizeIncompleteCASE" time="0.0" classname="com.bms.M11.EMR.TestNoDigitalSignature">
    <skipped/>
  </testcase> <!-- NoteFinalizeIncompleteCASE -->
  <testcase name="DONOTAlowNonClinicalStafToFinalizeVisitNotes" time="0.0" classname="com.bms.M11.EMR.TestNonclinicalStaffwithAllowedCheckInclinicsetupIsNotSelected">
    <skipped/>
  </testcase> <!-- DONOTAlowNonClinicalStafToFinalizeVisitNotes -->
  <testcase name="AllowNonClinicalStaffToFINALIZENOnVisitNotes" time="0.0" classname="com.bms.M11.EMR.TestNonclinicalStaffwithAllowedCheckInclinicsetupIsNotSelected">
    <skipped/>
  </testcase> <!-- AllowNonClinicalStaffToFINALIZENOnVisitNotes -->
  <testcase name="AllowNonclinicalstaffToFinalizNonVisitDischargenotes" time="0.0" classname="com.bms.M11.EMR.TestNonclinicalStaffwithAllowedCheckInclinicsetupIsNotSelected">
    <skipped/>
  </testcase> <!-- AllowNonclinicalstaffToFinalizNonVisitDischargenotes -->
  <testcase name="DontAllowNonClinicalStaffToFinalizeVisitNotes" time="0.0" classname="com.bms.M11.EMR.TestNonClinicalStaffWithInsuranceClassCheckBoxNotSelectedTestCase">
    <skipped/>
  </testcase> <!-- DontAllowNonClinicalStaffToFinalizeVisitNotes -->
  <testcase name="AllowNonClinicalStafftofinalizNonVisitDischargenotes" time="0.0" classname="com.bms.M11.EMR.TestNonClinicalStaffWithInsuranceClassCheckBoxNotSelectedTestCase">
    <skipped/>
  </testcase> <!-- AllowNonClinicalStafftofinalizNonVisitDischargenotes -->
  <testcase name="AllowNonClinicalStaffofinalizeNonVisitnotes" time="0.0" classname="com.bms.M11.EMR.TestNonClinicalStaffWithInsuranceClassCheckBoxNotSelectedTestCase">
    <skipped/>
  </testcase> <!-- AllowNonClinicalStaffofinalizeNonVisitnotes -->
  <testcase name="DONOTAlowNonClinicalStafToFinalizeVisitNotes" time="0.0" classname="com.bms.M11.EMR.TestNonoClinicalStafTestCases">
    <skipped/>
  </testcase> <!-- DONOTAlowNonClinicalStafToFinalizeVisitNotes -->
  <testcase name="AllowNonclinicalstaffToFinalizeNonVisitnotes" time="0.0" classname="com.bms.M11.EMR.TestNonoClinicalStafTestCases">
    <skipped/>
  </testcase> <!-- AllowNonclinicalstaffToFinalizeNonVisitnotes -->
  <testcase name="AllowNonclinicalstaffToFinalizNonVisitDischargenotes" time="0.0" classname="com.bms.M11.EMR.TestNonoClinicalStafTestCases">
    <skipped/>
  </testcase> <!-- AllowNonclinicalstaffToFinalizNonVisitDischargenotes -->
  <testcase name="SignandAttachScanDocuments" time="0.0" classname="com.bms.M11.EMR.TestSignandAttachScanDocuments">
    <skipped/>
  </testcase> <!-- SignandAttachScanDocuments -->
  <testcase name="SignandFinalizeWithFollowupVisit" time="0.0" classname="com.bms.M11.EMR.TestSignandFinalize">
    <skipped/>
  </testcase> <!-- SignandFinalizeWithFollowupVisit -->
  <testcase name="SignandFinalizeWithPTuser" time="0.0" classname="com.bms.M11.EMR.TestSignandFinalize">
    <skipped/>
  </testcase> <!-- SignandFinalizeWithPTuser -->
  <testcase name="SignandFinalizeOverriderequiredfiels" time="0.0" classname="com.bms.M11.EMR.TestSignandFinalizeAddendum">
    <skipped/>
  </testcase> <!-- SignandFinalizeOverriderequiredfiels -->
  <testcase name="SignandFinalizeNoteandAddAddendum" time="0.0" classname="com.bms.M11.EMR.TestSignandFinalizeAddendum">
    <skipped/>
  </testcase> <!-- SignandFinalizeNoteandAddAddendum -->
  <testcase name="InitialVisitWithSOAP" time="0.0" classname="com.bms.M11.EMR.TestSignNoteWithCompleteSOAPdata">
    <skipped/>
  </testcase> <!-- InitialVisitWithSOAP -->
  <testcase name="SignNotewithCustomerUser" time="0.0" classname="com.bms.M11.EMR.TestSignNoteWithDiffrentUsers">
    <skipped/>
  </testcase> <!-- SignNotewithCustomerUser -->
  <testcase name="SignNotewithPTUser" time="0.0" classname="com.bms.M11.EMR.TestSignNoteWithDiffrentUsers">
    <skipped/>
  </testcase> <!-- SignNotewithPTUser -->
  <testcase name="SignNotewithOTUser" time="0.0" classname="com.bms.M11.EMR.TestSignNoteWithDiffrentUsers">
    <skipped/>
  </testcase> <!-- SignNotewithOTUser -->
  <testcase name="SignNotewithSLPUser" time="0.0" classname="com.bms.M11.EMR.TestSignNoteWithDiffrentUsers">
    <skipped/>
  </testcase> <!-- SignNotewithSLPUser -->
  <testcase name="SignNotewithRTUser" time="0.0" classname="com.bms.M11.EMR.TestSignNoteWithDiffrentUsers">
    <skipped/>
  </testcase> <!-- SignNotewithRTUser -->
  <testcase name="SignNotewithFrontOfficeStaffUser" time="0.0" classname="com.bms.M11.EMR.TestSignNoteWithDiffrentUsers">
    <skipped/>
  </testcase> <!-- SignNotewithFrontOfficeStaffUser -->
  <testcase name="SignNotewithStudentproviderUser" time="0.0" classname="com.bms.M11.EMR.TestSignNoteWithDiffrentUsers">
    <skipped/>
  </testcase> <!-- SignNotewithStudentproviderUser -->
  <testcase name="SignNotewithTreatingproviderUser" time="0.0" classname="com.bms.M11.EMR.TestSignNoteWithDiffrentUsers">
    <skipped/>
  </testcase> <!-- SignNotewithTreatingproviderUser -->
  <testcase name="SignNotewithNonclinicalstaffUser" time="0.0" classname="com.bms.M11.EMR.TestSignNoteWithDiffrentUsers">
    <skipped/>
  </testcase> <!-- SignNotewithNonclinicalstaffUser -->
  <testcase name="SignNotewithPartnerUser" time="0.0" classname="com.bms.M11.EMR.TestSignNoteWithDiffrentUsers">
    <skipped/>
  </testcase> <!-- SignNotewithPartnerUser -->
  <testcase name="InitialVisitWithAddendum" time="0.0" classname="com.bms.M11.EMR.TestSignNoteWithCompleteSOAPdataWithAddendum">
    <skipped/>
  </testcase> <!-- InitialVisitWithAddendum -->
  <testcase name="DONOTAllowStudentProvidertofinalizeVisitnotes" time="0.0" classname="com.bms.M11.EMR.TestStudentProviderFinalizeTestCases">
    <skipped/>
  </testcase> <!-- DONOTAllowStudentProvidertofinalizeVisitnotes -->
  <testcase name="AllowStudentProvidertofinalizeNonVisitnotes" time="0.0" classname="com.bms.M11.EMR.TestStudentProviderFinalizeTestCases">
    <skipped/>
  </testcase> <!-- AllowStudentProvidertofinalizeNonVisitnotes -->
  <testcase name="AllowStudentProvidertofinalizNonVisitDischargenotes" time="0.0" classname="com.bms.M11.EMR.TestStudentProviderFinalizeTestCases">
    <skipped/>
  </testcase> <!-- AllowStudentProvidertofinalizNonVisitDischargenotes -->
  <testcase name="DontAllowStudentToFinalizeVisitNotes" time="0.0" classname="com.bms.M11.EMR.TestStudentProviderInInsuranceClassTestCases">
    <skipped/>
  </testcase> <!-- DontAllowStudentToFinalizeVisitNotes -->
  <testcase name="AllowStudentProvidertofinalizeNonVisitnotes" time="0.0" classname="com.bms.M11.EMR.TestStudentProviderInInsuranceClassTestCases">
    <skipped/>
  </testcase> <!-- AllowStudentProvidertofinalizeNonVisitnotes -->
  <testcase name="AllowStudentProvidertofinalizNonVisitDischargenotes" time="0.0" classname="com.bms.M11.EMR.TestStudentProviderInInsuranceClassTestCases">
    <skipped/>
  </testcase> <!-- AllowStudentProvidertofinalizNonVisitDischargenotes -->
  <testcase name="DONOTAlowStudentToFinalizeVisitNotes" time="0.0" classname="com.bms.M11.EMR.TestStudentProviderwithAllowedCheckInclinicsetupIsNotSelected">
    <skipped/>
  </testcase> <!-- DONOTAlowStudentToFinalizeVisitNotes -->
  <testcase name="AllowStudentToFINALIZENOnVisitNotes" time="0.0" classname="com.bms.M11.EMR.TestStudentProviderwithAllowedCheckInclinicsetupIsNotSelected">
    <skipped/>
  </testcase> <!-- AllowStudentToFINALIZENOnVisitNotes -->
  <testcase name="AllowStudentToFinalizNonVisitDischargenotes" time="0.0" classname="com.bms.M11.EMR.TestStudentProviderwithAllowedCheckInclinicsetupIsNotSelected">
    <skipped/>
  </testcase> <!-- AllowStudentToFinalizNonVisitDischargenotes -->
  <testcase name="DONOTAllowTreatingProvidertofinalizeVisitnotes" time="0.0" classname="com.bms.M11.EMR.TestTreatingProviderFinalize">
    <skipped/>
  </testcase> <!-- DONOTAllowTreatingProvidertofinalizeVisitnotes -->
  <testcase name="AllowTreatingProvidertofinalizeNonVisitnotes" time="0.0" classname="com.bms.M11.EMR.TestTreatingProviderFinalize">
    <skipped/>
  </testcase> <!-- AllowTreatingProvidertofinalizeNonVisitnotes -->
  <testcase name="AllowTreatingProvidertofinalizNonVisitDischargenotes" time="0.0" classname="com.bms.M11.EMR.TestTreatingProviderFinalize">
    <skipped/>
  </testcase> <!-- AllowTreatingProvidertofinalizNonVisitDischargenotes -->
  <testcase name="AllowTreatingProviderToFinalizeVisitNotes" time="0.0" classname="com.bms.M11.EMR.TestTreatingProviderFinalizeWithAllowPTATofinalizeInInsuranceClassTestCases">
    <skipped/>
  </testcase> <!-- AllowTreatingProviderToFinalizeVisitNotes -->
  <testcase name="AllowTreatingProvidertofinalizeNonVisitnotes" time="0.0" classname="com.bms.M11.EMR.TestTreatingProviderFinalizeWithAllowPTATofinalizeInInsuranceClassTestCases">
    <skipped/>
  </testcase> <!-- AllowTreatingProvidertofinalizeNonVisitnotes -->
  <testcase name="AllowTreatingProvidertofinalizNonVisitDischargenotes" time="0.0" classname="com.bms.M11.EMR.TestTreatingProviderFinalizeWithAllowPTATofinalizeInInsuranceClassTestCases">
    <skipped/>
  </testcase> <!-- AllowTreatingProvidertofinalizNonVisitDischargenotes -->
  <testcase name="DONOTAlowTreatingProvideToFinalizeVisitNotes" time="0.0" classname="com.bms.M11.EMR.TestTreatingProviderwithAllowedCheckInclinicsetupIsNotSelected">
    <skipped/>
  </testcase> <!-- DONOTAlowTreatingProvideToFinalizeVisitNotes -->
  <testcase name="AllowTreatingProviderToFINALIZENOnVisitNotes" time="0.0" classname="com.bms.M11.EMR.TestTreatingProviderwithAllowedCheckInclinicsetupIsNotSelected">
    <skipped/>
  </testcase> <!-- AllowTreatingProviderToFINALIZENOnVisitNotes -->
  <testcase name="AllowTreatingProviderToFinalizNonVisitDischargenotes" time="0.0" classname="com.bms.M11.EMR.TestTreatingProviderwithAllowedCheckInclinicsetupIsNotSelected">
    <skipped/>
  </testcase> <!-- AllowTreatingProviderToFinalizNonVisitDischargenotes -->
  <testcase name="DONOTAlowNonClinicalStafToFinalizeVisitNotes" time="0.0" classname="com.bms.M11.EMR.TestNonClinicalStaffWithInSuranceClassUnCheckedAndClinicalSetupUnChecked">
    <skipped/>
  </testcase> <!-- DONOTAlowNonClinicalStafToFinalizeVisitNotes -->
  <testcase name="AllowNonClinicalStaffToFINALIZENOnVisitNotes" time="0.0" classname="com.bms.M11.EMR.TestNonClinicalStaffWithInSuranceClassUnCheckedAndClinicalSetupUnChecked">
    <skipped/>
  </testcase> <!-- AllowNonClinicalStaffToFINALIZENOnVisitNotes -->
  <testcase name="AllowNonclinicalstaffToFinalizNonVisitDischargenotes" time="0.0" classname="com.bms.M11.EMR.TestNonClinicalStaffWithInSuranceClassUnCheckedAndClinicalSetupUnChecked">
    <skipped/>
  </testcase> <!-- AllowNonclinicalstaffToFinalizNonVisitDischargenotes -->
  <testcase name="DONOTAlowStudentToFinalizeVisitNotes" time="0.0" classname="com.bms.M11.EMR.TestStudentWithInsuranceClassUnCheckedAndClinicalSetupUnChecked">
    <skipped/>
  </testcase> <!-- DONOTAlowStudentToFinalizeVisitNotes -->
  <testcase name="AllowStudentToFINALIZENOnVisitNotes" time="0.0" classname="com.bms.M11.EMR.TestStudentWithInsuranceClassUnCheckedAndClinicalSetupUnChecked">
    <skipped/>
  </testcase> <!-- AllowStudentToFINALIZENOnVisitNotes -->
  <testcase name="AllowStudentToFinalizNonVisitDischargenotes" time="0.0" classname="com.bms.M11.EMR.TestStudentWithInsuranceClassUnCheckedAndClinicalSetupUnChecked">
    <skipped/>
  </testcase> <!-- AllowStudentToFinalizNonVisitDischargenotes -->
  <testcase name="DONOTAlowTreatingProvideToFinalizeVisitNotes" time="0.0" classname="com.bms.M11.EMR.TestTreatingProviderWithInSuranceClassUnCheckedAndClinicalSetupUnChecked">
    <skipped/>
  </testcase> <!-- DONOTAlowTreatingProvideToFinalizeVisitNotes -->
  <testcase name="AllowTreatingProviderToFINALIZENOnVisitNotes" time="0.0" classname="com.bms.M11.EMR.TestTreatingProviderWithInSuranceClassUnCheckedAndClinicalSetupUnChecked">
    <skipped/>
  </testcase> <!-- AllowTreatingProviderToFINALIZENOnVisitNotes -->
  <testcase name="AllowTreatingProviderToFinalizNonVisitDischargenotes" time="0.0" classname="com.bms.M11.EMR.TestTreatingProviderWithInSuranceClassUnCheckedAndClinicalSetupUnChecked">
    <skipped/>
  </testcase> <!-- AllowTreatingProviderToFinalizNonVisitDischargenotes -->
  <testcase name="AmountBalancingafterAddingNewpatient" time="0.0" classname="com.bms.M12.Financial.TestCheckFinancialTab">
    <skipped/>
  </testcase> <!-- AmountBalancingafterAddingNewpatient -->
  <testcase name="AmountBalancingafterAddingCharge" time="0.0" classname="com.bms.M12.Financial.TestCheckFinancialTab">
    <skipped/>
  </testcase> <!-- AmountBalancingafterAddingCharge -->
  <testcase name="AmountBalancingafterAddingPayment" time="0.0" classname="com.bms.M12.Financial.TestCheckFinancialTab">
    <skipped/>
  </testcase> <!-- AmountBalancingafterAddingPayment -->
  <testcase name="AmountBalancingafterAddingclinicalnote" time="0.0" classname="com.bms.M12.Financial.TestCheckFinancialTab">
    <skipped/>
  </testcase> <!-- AmountBalancingafterAddingclinicalnote -->
  <testcase name="AmountBalancingafterRemovingCharge" time="0.0" classname="com.bms.M12.Financial.TestCheckFinancialTab">
    <skipped/>
  </testcase> <!-- AmountBalancingafterRemovingCharge -->
  <testcase name="AmountBalancingafterRemovingPayment" time="0.0" classname="com.bms.M12.Financial.TestCheckFinancialTab">
    <skipped/>
  </testcase> <!-- AmountBalancingafterRemovingPayment -->
  <testcase name="AmountBalancingafterAddingAddendumtoClinicalnote" time="0.0" classname="com.bms.M12.Financial.TestCheckFinancialTab">
    <skipped/>
  </testcase> <!-- AmountBalancingafterAddingAddendumtoClinicalnote -->
  <testcase name="AmountBalancingafterEditingCharge" time="0.0" classname="com.bms.M12.Financial.TestCheckFinancialTab">
    <skipped/>
  </testcase> <!-- AmountBalancingafterEditingCharge -->
  <testcase name="AmountBalancingafterEditingCase" time="0.0" classname="com.bms.M12.Financial.TestCheckFinancialTab">
    <skipped/>
  </testcase> <!-- AmountBalancingafterEditingCase -->
  <testcase name="AmountBalancingafteraddingChargetoNewCase" time="0.0" classname="com.bms.M12.Financial.TestCheckFinancialTab">
    <skipped/>
  </testcase> <!-- AmountBalancingafteraddingChargetoNewCase -->
  <testcase name="AmountBalancingAfterAddingModifiertoCharge" time="0.0" classname="com.bms.M12.Financial.TestCheckFinancialTab">
    <skipped/>
  </testcase> <!-- AmountBalancingAfterAddingModifiertoCharge -->
  <testcase name="TestMandatoryFields" time="0.0" classname="com.bms.M13.Task.TestManageMyAccount">
    <skipped/>
  </testcase> <!-- TestMandatoryFields -->
  <testcase name="TestIvalidOldPassword" time="0.0" classname="com.bms.M13.Task.TestManageMyAccount">
    <skipped/>
  </testcase> <!-- TestIvalidOldPassword -->
  <testcase name="TestIvalidnewAndConfirmPasswordIssame" time="0.0" classname="com.bms.M13.Task.TestManageMyAccount">
    <skipped/>
  </testcase> <!-- TestIvalidnewAndConfirmPasswordIssame -->
  <testcase name="TestDefaultView" time="0.0" classname="com.bms.M13.Task.TestManageMyAccount">
    <skipped/>
  </testcase> <!-- TestDefaultView -->
  <testcase name="TestSavingWithOutEnteringData" time="0.0" classname="com.bms.M13.Task.TestWaitList">
    <skipped/>
  </testcase> <!-- TestSavingWithOutEnteringData -->
  <testcase name="TestAddingPatientToWaitList" time="0.001" classname="com.bms.M13.Task.TestWaitList">
    <skipped/>
  </testcase> <!-- TestAddingPatientToWaitList -->
  <testcase name="TestDeletePatientformWaitList" time="0.0" classname="com.bms.M13.Task.TestWaitList">
    <skipped/>
  </testcase> <!-- TestDeletePatientformWaitList -->
  <testcase name="MakeGlobaltaskIsUnavailable" time="0.0" classname="com.bms.M13.Task.TestEditGlobaltask">
    <skipped/>
  </testcase> <!-- MakeGlobaltaskIsUnavailable -->
  <testcase name="MakeGlobaltaskIsAvailable" time="0.0" classname="com.bms.M13.Task.TestEditGlobaltask">
    <skipped/>
  </testcase> <!-- MakeGlobaltaskIsAvailable -->
  <testcase name="AddTaskGroupWithNoUsers" time="0.0" classname="com.bms.M13.Task.TestTaskFunctionality">
    <skipped/>
  </testcase> <!-- AddTaskGroupWithNoUsers -->
  <testcase name="TestLockFunctionality" time="0.001" classname="com.bms.M13.Task.TestLock">
    <skipped/>
  </testcase> <!-- TestLockFunctionality -->
  <testcase name="Assignee_Field_Individual_Search" time="0.0" classname="com.bms.M13.Task.TestAssigneeField">
    <skipped/>
  </testcase> <!-- Assignee_Field_Individual_Search -->
  <testcase name="CreateTaskUserSysAdmin" time="0.0" classname="com.bms.M13.Task.TestAddTaskByRole">
    <skipped/>
  </testcase> <!-- CreateTaskUserSysAdmin -->
  <testcase name="CreateTaskUserBMS" time="0.0" classname="com.bms.M13.Task.TestAddTaskByRole">
    <skipped/>
  </testcase> <!-- CreateTaskUserBMS -->
  <testcase name="CreateTaskUserPartner" time="0.0" classname="com.bms.M13.Task.TestAddTaskByRole">
    <skipped/>
  </testcase> <!-- CreateTaskUserPartner -->
  <testcase name="Task_Required_Field_Validation" time="0.0" classname="com.bms.M13.Task.TestAddTaskByRole">
    <skipped/>
  </testcase> <!-- Task_Required_Field_Validation -->
  <testcase name="CreateTaskUserCustomer" time="0.0" classname="com.bms.M13.Task.TestAddTaskByRole">
    <skipped/>
  </testcase> <!-- CreateTaskUserCustomer -->
  <testcase name="ToValidatePatientIsAssociatedWithOneCompany" time="0.0" classname="com.bms.M13.Task.TestChangeCompany">
    <skipped/>
  </testcase> <!-- ToValidatePatientIsAssociatedWithOneCompany -->
  <testcase name="ProviderLinkwithDifferentCompanies" time="0.0" classname="com.bms.M13.Task.TestChangeCompany">
    <skipped/>
  </testcase> <!-- ProviderLinkwithDifferentCompanies -->
  <testcase name="TestCaseHistoryWithCharges" time="0.0" classname="com.bms.M3.Cases.TestCaseHistory">
    <skipped/>
  </testcase> <!-- TestCaseHistoryWithCharges -->
  <testcase name="InActivateCaseNoCharges" time="0.0" classname="com.bms.M3.Cases.TestCaseInactive">
    <skipped/>
  </testcase> <!-- InActivateCaseNoCharges -->
  <testcase name="InActivateCaseWithCharges" time="0.001" classname="com.bms.M3.Cases.TestCaseInactive">
    <skipped/>
  </testcase> <!-- InActivateCaseWithCharges -->
  <testcase name="PQRS_HardStop_ViewPastData_64" time="0.0" classname="com.bms.M14.PQRS.TestPQRSHardstop_2">
    <skipped/>
  </testcase> <!-- PQRS_HardStop_ViewPastData_64 -->
  <testcase name="PQRS_HardStop_ViewPastData_PT" time="0.0" classname="com.bms.M14.PQRS.TestPQRSHardstop">
    <skipped/>
  </testcase> <!-- PQRS_HardStop_ViewPastData_PT -->
  <testcase name="PQRSMeasures" time="0.0" classname="com.bms.M14.PQRS.TestPQRSAvailability">
    <skipped/>
  </testcase> <!-- PQRSMeasures -->
  <testcase name="PQRSpromptHardStop" time="0.0" classname="com.bms.M14.PQRS.TestPQRSprompt">
    <skipped/>
  </testcase> <!-- PQRSpromptHardStop -->
  <testcase name="PQRSMeasuresBasedOnVisitType" time="0.0" classname="com.bms.M14.PQRS.TestPQRSVisitType">
    <skipped/>
  </testcase> <!-- PQRSMeasuresBasedOnVisitType -->
  <testcase name="PQRSMeasuresBasedOnAge_17" time="0.0" classname="com.bms.M14.PQRS.TestPQRSVisitType">
    <skipped/>
  </testcase> <!-- PQRSMeasuresBasedOnAge_17 -->
  <testcase name="PQRSpromptHardStop_Age_Over_64" time="0.0" classname="com.bms.M14.PQRS.TestPQRSVisitType">
    <skipped/>
  </testcase> <!-- PQRSpromptHardStop_Age_Over_64 -->
  <testcase name="TestCancelationOnLocationView" time="0.0" classname="com.bms.M15.ArrivalAlert.DifferentAppointmentTypesOnLocationView">
    <skipped/>
  </testcase> <!-- TestCancelationOnLocationView -->
  <testcase name="TestNoShowOnLocationView" time="0.0" classname="com.bms.M15.ArrivalAlert.DifferentAppointmentTypesOnLocationView">
    <skipped/>
  </testcase> <!-- TestNoShowOnLocationView -->
  <testcase name="TestGroupAppointmnetOnLocationView" time="0.001" classname="com.bms.M15.ArrivalAlert.DifferentAppointmentTypesOnLocationView">
    <skipped/>
  </testcase> <!-- TestGroupAppointmnetOnLocationView -->
  <testcase name="TestArrivalAppointmnetOnLocationView" time="0.0" classname="com.bms.M15.ArrivalAlert.DifferentAppointmentTypesOnLocationView">
    <skipped/>
  </testcase> <!-- TestArrivalAppointmnetOnLocationView -->
  <testcase name="TestCancelationOnPracticeView" time="0.0" classname="com.bms.M15.ArrivalAlert.TestDifferentTypeOfAppointmentsOnPracticeView">
    <skipped/>
  </testcase> <!-- TestCancelationOnPracticeView -->
  <testcase name="TestNoShowOnPracticeView" time="0.0" classname="com.bms.M15.ArrivalAlert.TestDifferentTypeOfAppointmentsOnPracticeView">
    <skipped/>
  </testcase> <!-- TestNoShowOnPracticeView -->
  <testcase name="TestGroupAppointmnetOnPracticeView" time="0.0" classname="com.bms.M15.ArrivalAlert.TestDifferentTypeOfAppointmentsOnPracticeView">
    <skipped/>
  </testcase> <!-- TestGroupAppointmnetOnPracticeView -->
  <testcase name="TestArrivalAppointmnetOnPracticeView" time="0.0" classname="com.bms.M15.ArrivalAlert.TestDifferentTypeOfAppointmentsOnPracticeView">
    <skipped/>
  </testcase> <!-- TestArrivalAppointmnetOnPracticeView -->
  <testcase name="TestCancelPolicyChargeQueueApproval" time="0.0" classname="com.bms.M15.ArrivalAlert.TestPolicyChargeQueue">
    <skipped/>
  </testcase> <!-- TestCancelPolicyChargeQueueApproval -->
  <testcase name="TestCancelPolicyChargeQueueDeny" time="0.0" classname="com.bms.M15.ArrivalAlert.TestPolicyChargeQueue">
    <skipped/>
  </testcase> <!-- TestCancelPolicyChargeQueueDeny -->
  <testcase name="TestMutipleCancelPolicyChargeQueueApproval" time="0.0" classname="com.bms.M15.ArrivalAlert.TestPolicyChargeQueue">
    <skipped/>
  </testcase> <!-- TestMutipleCancelPolicyChargeQueueApproval -->
  <testcase name="TestNoShowPolicyChargeQueueApproval" time="0.0" classname="com.bms.M15.ArrivalAlert.TestPolicyChargeQueue">
    <skipped/>
  </testcase> <!-- TestNoShowPolicyChargeQueueApproval -->
  <testcase name="TestNoShowPolicyChargeQueueDeny" time="0.0" classname="com.bms.M15.ArrivalAlert.TestPolicyChargeQueue">
    <skipped/>
  </testcase> <!-- TestNoShowPolicyChargeQueueDeny -->
  <testcase name="TestMutipleNoShowPolicyChargeQueueApproval" time="0.0" classname="com.bms.M15.ArrivalAlert.TestPolicyChargeQueue">
    <skipped/>
  </testcase> <!-- TestMutipleNoShowPolicyChargeQueueApproval -->
  <testcase name="TestMutipleCancelAndNowPolicyChargeQueueApprovalForOnePatient" time="0.0" classname="com.bms.M15.ArrivalAlert.TestPolicyChargeQueue">
    <skipped/>
  </testcase> <!-- TestMutipleCancelAndNowPolicyChargeQueueApprovalForOnePatient -->
  <testcase name="TestMutipleCancelAndNowPolicyChargeQueueApprovalForMultiplePatient" time="0.0" classname="com.bms.M15.ArrivalAlert.TestPolicyChargeQueue">
    <skipped/>
  </testcase> <!-- TestMutipleCancelAndNowPolicyChargeQueueApprovalForMultiplePatient -->
  <testcase name="TestArrivalAlertIconNotPresentOnNonProviderPage" time="0.0" classname="com.bms.M15.ArrivalAlert.TestArrivalAlert">
    <skipped/>
  </testcase> <!-- TestArrivalAlertIconNotPresentOnNonProviderPage -->
  <testcase name="TestArrivalAlertPopupComeWhenAdditionalAlertsareCheckedAnDDismissFunctionality" time="0.0" classname="com.bms.M15.ArrivalAlert.TestArrivalAlert">
    <skipped/>
  </testcase> <!-- TestArrivalAlertPopupComeWhenAdditionalAlertsareCheckedAnDDismissFunctionality -->
  <testcase name="TestArrivalAlertPopupComeWhenAdditionalAlertsareCheckedAnDCancelFunctionality" time="0.0" classname="com.bms.M15.ArrivalAlert.TestArrivalAlert">
    <skipped/>
  </testcase> <!-- TestArrivalAlertPopupComeWhenAdditionalAlertsareCheckedAnDCancelFunctionality -->
  <testcase name="TestArrivalAlertPopupDontComeWhenAdditionalAlertsareUnCheckedAndDismissFunctionality" time="0.0" classname="com.bms.M15.ArrivalAlert.TestArrivalAlert">
    <skipped/>
  </testcase> <!-- TestArrivalAlertPopupDontComeWhenAdditionalAlertsareUnCheckedAndDismissFunctionality -->
  <testcase name="TestArrivalAlertDismissAllFunctionality" time="0.0" classname="com.bms.M15.ArrivalAlert.TestArrivalAlert">
    <skipped/>
  </testcase> <!-- TestArrivalAlertDismissAllFunctionality -->
  <testcase name="TestEditGroupAppointment" time="0.0" classname="com.bms.M15.ArrivalAlert.TestGroupAppointment">
    <skipped/>
  </testcase> <!-- TestEditGroupAppointment -->
  <testcase name="TestMaximumPatientAllowedInGroupAppointment" time="0.0" classname="com.bms.M15.ArrivalAlert.TestGroupAppointment">
    <skipped/>
  </testcase> <!-- TestMaximumPatientAllowedInGroupAppointment -->
  <testcase name="TestCancelationOfGroupAppointment" time="0.0" classname="com.bms.M15.ArrivalAlert.TestGroupAppointment">
    <skipped/>
  </testcase> <!-- TestCancelationOfGroupAppointment -->
  <testcase name="TestNoShowOfGroupAppointment" time="0.0" classname="com.bms.M15.ArrivalAlert.TestGroupAppointment">
    <skipped/>
  </testcase> <!-- TestNoShowOfGroupAppointment -->
  <testcase name="TestReoccurrenceOfGroupAppointment" time="0.0" classname="com.bms.M15.ArrivalAlert.TestGroupAppointment">
    <skipped/>
  </testcase> <!-- TestReoccurrenceOfGroupAppointment -->
  <testcase name="TestCreationOfGroupAppointment" time="0.0" classname="com.bms.M15.ArrivalAlert.TestGroupAppointment">
    <skipped/>
  </testcase> <!-- TestCreationOfGroupAppointment -->
  <testcase name="TestSelectedCancelationReasonShouldBeVisible" time="0.0" classname="com.bms.M15.ArrivalAlert.TestGroupAppointment">
    <skipped/>
  </testcase> <!-- TestSelectedCancelationReasonShouldBeVisible -->
  <testcase name="TestInvalidLogin" time="0.0" classname="com.bms.M1.Login.TestLoginUnsuccessfull">
    <skipped/>
  </testcase> <!-- TestInvalidLogin -->
  <testcase name="testvalidlogin" time="0.0" classname="com.bms.M1.Login.TestValidLogin">
    <skipped/>
  </testcase> <!-- testvalidlogin -->
  <testcase name="testHyperlinks" time="0.0" classname="com.bms.M1.Login.TestValidLogin">
    <skipped/>
  </testcase> <!-- testHyperlinks -->
  <testcase name="testQuickAddPatient" time="0.0" classname="com.bms.M2.Patient.TestPatientAdd">
    <skipped/>
  </testcase> <!-- testQuickAddPatient -->
  <testcase name="testAddPatientAllfields" time="0.0" classname="com.bms.M2.Patient.TestPatientAdd">
    <skipped/>
  </testcase> <!-- testAddPatientAllfields -->
  <testcase name="testAddDuplicatePatient" time="0.0" classname="com.bms.M2.Patient.TestPatientAdd">
    <skipped/>
  </testcase> <!-- testAddDuplicatePatient -->
  <testcase name="testaddpatientMandatoryfields" time="0.0" classname="com.bms.M2.Patient.TestPatientAdd">
    <skipped/>
  </testcase> <!-- testaddpatientMandatoryfields -->
  <testcase name="testQuickAddPatientwithBlankMedicareErrorMessage" time="0.0" classname="com.bms.M2.Patient.TestMedicare">
    <skipped/>
  </testcase> <!-- testQuickAddPatientwithBlankMedicareErrorMessage -->
  <testcase name="testInactivatePatinetwithNoActiveCharges" time="0.0" classname="com.bms.M2.Patient.TestInactivatePatient">
    <skipped/>
  </testcase> <!-- testInactivatePatinetwithNoActiveCharges -->
  <testcase name="testQuickSearchPatient" time="0.0" classname="com.bms.M2.Patient.TestSearchPatient">
    <skipped/>
  </testcase> <!-- testQuickSearchPatient -->
  <testcase name="TestAddDuplicateInterventionLibrary" time="0.0" classname="com.bms.M2.Patient.TestPatientHeader">
    <skipped/>
  </testcase> <!-- TestAddDuplicateInterventionLibrary -->
  <testcase name="TestValidatePatientHeader1" time="0.001" classname="com.bms.M2.Patient.TestPatientHeader">
    <skipped/>
  </testcase> <!-- TestValidatePatientHeader1 -->
  <testcase name="TestValidatePatientHeader2" time="0.0" classname="com.bms.M2.Patient.TestPatientHeader">
    <skipped/>
  </testcase> <!-- TestValidatePatientHeader2 -->
  <testcase name="TestValidatePatientHeader3" time="0.0" classname="com.bms.M2.Patient.TestPatientHeader">
    <skipped/>
  </testcase> <!-- TestValidatePatientHeader3 -->
  <testcase name="TestValidatePatientHeader4" time="0.0" classname="com.bms.M2.Patient.TestPatientHeader">
    <skipped/>
  </testcase> <!-- TestValidatePatientHeader4 -->
  <testcase name="CaseSaveWithNoInfo" time="0.0" classname="com.bms.M3.Cases.TestCaseEdit">
    <skipped/>
  </testcase> <!-- CaseSaveWithNoInfo -->
  <testcase name="CaseEditWithAllFields" time="0.0" classname="com.bms.M3.Cases.TestCaseEdit">
    <skipped/>
  </testcase> <!-- CaseEditWithAllFields -->
  <testcase name="TestDischargedCase" time="0.0" classname="com.bms.M3.Cases.TestCaseEdit">
    <skipped/>
  </testcase> <!-- TestDischargedCase -->
  <testcase name="InjuryTypeAsOther" time="0.0" classname="com.bms.M3.Cases.TestCaseForInjuryType">
    <skipped/>
  </testcase> <!-- InjuryTypeAsOther -->
  <testcase name="RemovingCaseEffectiveDate" time="0.0" classname="com.bms.M3.Cases.TestRemovingRequiredFeildsInCase">
    <skipped/>
  </testcase> <!-- RemovingCaseEffectiveDate -->
  <testcase name="Samereferingphysicians" time="0.0" classname="com.bms.M3.Cases.TestCaseWithCompleteInfo">
    <skipped/>
  </testcase> <!-- Samereferingphysicians -->
  <testcase name="CaseAsCompleted" time="0.0" classname="com.bms.M3.Cases.TestCaseWithCompleteInfo">
    <skipped/>
  </testcase> <!-- CaseAsCompleted -->
  <testcase name="TestShellCase" time="0.0" classname="com.bms.M3.Cases.TestCaseWithCompleteInfo">
    <skipped/>
  </testcase> <!-- TestShellCase -->
  <testcase name="AddRefPhysician" time="0.0" classname="com.bms.M3.Cases.TestCaseWithCompleteInfo">
    <skipped/>
  </testcase> <!-- AddRefPhysician -->
  <testcase name="testCloneCompleteActiveCase" time="0.0" classname="com.bms.M3.Cases.TestCloneCase">
    <skipped/>
  </testcase> <!-- testCloneCompleteActiveCase -->
  <testcase name="testCloneExistingCase" time="0.0" classname="com.bms.M3.Cases.TestCloneCase">
    <skipped/>
  </testcase> <!-- testCloneExistingCase -->
  <testcase name="testCloneIncompleteActiveCase" time="0.0" classname="com.bms.M3.Cases.TestCloneCase">
    <skipped/>
  </testcase> <!-- testCloneIncompleteActiveCase -->
  <testcase name="TestFOTO" time="0.0" classname="com.bms.M3.Cases.TestFoto">
    <skipped/>
  </testcase> <!-- TestFOTO -->
  <testcase name="AddCompletePrimaryInsurance" time="0.0" classname="com.bms.M4.Insurances.TestAddCompleteInsurance">
    <skipped/>
  </testcase> <!-- AddCompletePrimaryInsurance -->
  <testcase name="AddCompleteSecondaryInsurance" time="0.0" classname="com.bms.M4.Insurances.TestAddCompleteInsurance">
    <skipped/>
  </testcase> <!-- AddCompleteSecondaryInsurance -->
  <testcase name="AddCompleteTertiaryInsurance" time="0.0" classname="com.bms.M4.Insurances.TestAddCompleteInsurance">
    <skipped/>
  </testcase> <!-- AddCompleteTertiaryInsurance -->
  <testcase name="TestDataScriptInsurances" time="0.0" classname="com.bms.M4.Insurances.TestAddPatientWithPrimaryinsurence">
    <skipped/>
  </testcase> <!-- TestDataScriptInsurances -->
  <testcase name="AddInsuranceAsBlueShield" time="0.0" classname="com.bms.M4.Insurances.TestCaseInsurances">
    <skipped/>
  </testcase> <!-- AddInsuranceAsBlueShield -->
  <testcase name="AddInsuranceAsWorkerCompensation" time="0.0" classname="com.bms.M4.Insurances.TestCaseInsurances">
    <skipped/>
  </testcase> <!-- AddInsuranceAsWorkerCompensation -->
  <testcase name="AddInsuranceAsMedicare" time="0.0" classname="com.bms.M4.Insurances.TestCaseInsurances">
    <skipped/>
  </testcase> <!-- AddInsuranceAsMedicare -->
  <testcase name="AddInsuranceAsMedicareRailRoad" time="0.0" classname="com.bms.M4.Insurances.TestCaseInsurances">
    <skipped/>
  </testcase> <!-- AddInsuranceAsMedicareRailRoad -->
  <testcase name="AddInsuranceAsTricareChampus" time="0.0" classname="com.bms.M4.Insurances.TestCaseInsurances">
    <skipped/>
  </testcase> <!-- AddInsuranceAsTricareChampus -->
  <testcase name="testremovePrimaryInsurance" time="0.0" classname="com.bms.M4.Insurances.TestRemoveInsurance">
    <skipped/>
  </testcase> <!-- testremovePrimaryInsurance -->
  <testcase name="testremoveSecondaryInsurance" time="0.0" classname="com.bms.M4.Insurances.TestRemoveInsurance">
    <skipped/>
  </testcase> <!-- testremoveSecondaryInsurance -->
  <testcase name="testremoveTertiaryInsurance" time="0.0" classname="com.bms.M4.Insurances.TestRemoveInsurance">
    <skipped/>
  </testcase> <!-- testremoveTertiaryInsurance -->
  <testcase name="MSPtypeInSecondaryInsurance" time="0.0" classname="com.bms.M4.Insurances.TestMSPtypeForMedicareInsurance">
    <skipped/>
  </testcase> <!-- MSPtypeInSecondaryInsurance -->
  <testcase name="MSPtypeInTertiaryInsurance" time="0.0" classname="com.bms.M4.Insurances.TestMSPtypeForMedicareInsurance">
    <skipped/>
  </testcase> <!-- MSPtypeInTertiaryInsurance -->
  <testcase name="ValidateVisitTypeDDL" time="0.0" classname="com.bms.M5.Notes.TestCreateNote">
    <skipped/>
  </testcase> <!-- ValidateVisitTypeDDL -->
  <testcase name="ValidateNonVisitTypeDDL" time="0.0" classname="com.bms.M5.Notes.TestCreateNote">
    <skipped/>
  </testcase> <!-- ValidateNonVisitTypeDDL -->
  <testcase name="SubsequentNoteVisitTypeDDL" time="0.0" classname="com.bms.M5.Notes.TestCreateNote">
    <skipped/>
  </testcase> <!-- SubsequentNoteVisitTypeDDL -->
  <testcase name="UserdontHaveRightToCreateNote" time="0.0" classname="com.bms.M5.Notes.TestCreateNoteNoProvider">
    <skipped/>
  </testcase> <!-- UserdontHaveRightToCreateNote -->
  <testcase name="create_note_from_provider_home_page" time="0.0" classname="com.bms.M5.Notes.TestCreateNoteNoProvider">
    <skipped/>
  </testcase> <!-- create_note_from_provider_home_page -->
  <testcase name="ValidateBodyPartsList" time="0.0" classname="com.bms.M5.Notes.TestCreateNoteNoProvider">
    <skipped/>
  </testcase> <!-- ValidateBodyPartsList -->
</testsuite> <!-- Testchrome -->
